17-Mar-2018 10:08:46.807 INFO [main] org.apache.catalina.startup.VersionLoggerListener.log Server version:        Apache Tomcat/8.5.15
17-Mar-2018 10:08:46.810 INFO [main] org.apache.catalina.startup.VersionLoggerListener.log Server built:          May 5 2017 11:03:04 UTC
17-Mar-2018 10:08:46.810 INFO [main] org.apache.catalina.startup.VersionLoggerListener.log Server number:         8.5.15.0
17-Mar-2018 10:08:46.810 INFO [main] org.apache.catalina.startup.VersionLoggerListener.log OS Name:               Windows 10
17-Mar-2018 10:08:46.810 INFO [main] org.apache.catalina.startup.VersionLoggerListener.log OS Version:            10.0
17-Mar-2018 10:08:46.810 INFO [main] org.apache.catalina.startup.VersionLoggerListener.log Architecture:          amd64
17-Mar-2018 10:08:46.811 INFO [main] org.apache.catalina.startup.VersionLoggerListener.log Java Home:             C:\Program Files\Java\jdk1.8.0_131\jre
17-Mar-2018 10:08:46.811 INFO [main] org.apache.catalina.startup.VersionLoggerListener.log JVM Version:           1.8.0_131-b11
17-Mar-2018 10:08:46.811 INFO [main] org.apache.catalina.startup.VersionLoggerListener.log JVM Vendor:            Oracle Corporation
17-Mar-2018 10:08:46.813 INFO [main] org.apache.catalina.startup.VersionLoggerListener.log CATALINA_BASE:         D:\Server\apache-tomcat-8.5.15
17-Mar-2018 10:08:46.813 INFO [main] org.apache.catalina.startup.VersionLoggerListener.log CATALINA_HOME:         D:\Server\apache-tomcat-8.5.15
17-Mar-2018 10:08:46.813 INFO [main] org.apache.catalina.startup.VersionLoggerListener.log Command line argument: -Djava.util.logging.config.file=D:\Server\apache-tomcat-8.5.15\conf\logging.properties
17-Mar-2018 10:08:46.813 INFO [main] org.apache.catalina.startup.VersionLoggerListener.log Command line argument: -Djava.util.logging.manager=org.apache.juli.ClassLoaderLogManager
17-Mar-2018 10:08:46.813 INFO [main] org.apache.catalina.startup.VersionLoggerListener.log Command line argument: -Dhttp.nonProxyHosts=localhost|127.0.0.1|RIPLC0018
17-Mar-2018 10:08:46.814 INFO [main] org.apache.catalina.startup.VersionLoggerListener.log Command line argument: -Djdk.tls.ephemeralDHKeySize=2048
17-Mar-2018 10:08:46.814 INFO [main] org.apache.catalina.startup.VersionLoggerListener.log Command line argument: -Djava.protocol.handler.pkgs=org.apache.catalina.webresources
17-Mar-2018 10:08:46.814 INFO [main] org.apache.catalina.startup.VersionLoggerListener.log Command line argument: -Dcatalina.base=D:\Server\apache-tomcat-8.5.15
17-Mar-2018 10:08:46.815 INFO [main] org.apache.catalina.startup.VersionLoggerListener.log Command line argument: -Dcatalina.home=D:\Server\apache-tomcat-8.5.15
17-Mar-2018 10:08:46.816 INFO [main] org.apache.catalina.startup.VersionLoggerListener.log Command line argument: -Djava.io.tmpdir=D:\Server\apache-tomcat-8.5.15\temp
17-Mar-2018 10:08:46.817 INFO [main] org.apache.catalina.core.AprLifecycleListener.lifecycleEvent The APR based Apache Tomcat Native library which allows optimal performance in production environments was not found on the java.library.path: [C:\Program Files\Java\jdk1.8.0_131\bin;C:\WINDOWS\Sun\Java\bin;C:\WINDOWS\system32;C:\WINDOWS;C:\Program Files\Docker\Docker\Resources\bin;C:\ProgramData\Oracle\Java\javapath;C:\Program Files (x86)\Intel\iCLS Client\;C:\Program Files\Intel\iCLS Client\;C:\WINDOWS\system32;C:\WINDOWS;C:\WINDOWS\System32\Wbem;C:\WINDOWS\System32\WindowsPowerShell\v1.0\;C:\Program Files (x86)\Intel\Intel(R) Management Engine Components\DAL;C:\Program Files\Intel\Intel(R) Management Engine Components\DAL;C:\Program Files (x86)\Intel\Intel(R) Management Engine Components\IPT;C:\Program Files\Intel\Intel(R) Management Engine Components\IPT;C:\Program Files\Java\jdk1.8.0_131\bin;C:\Program Files\MySQL\MySQL Utilities 1.6\;C:\Program Files\PuTTY\;C:\Program Files\TortoiseSVN\bin;C:\Program Files\Java\jre1.8.0_144;C:\Go\bin;C:\Program Files\Git\cmd;C:\Users\Lenovo\AppData\Local\Microsoft\WindowsApps;C:\Program Files (x86)\Sophos\Sophos SSL VPN Client\bin;.]
17-Mar-2018 10:08:47.038 INFO [main] org.apache.coyote.AbstractProtocol.init Initializing ProtocolHandler ["http-nio-8080"]
17-Mar-2018 10:08:47.364 INFO [main] org.apache.tomcat.util.net.NioSelectorPool.getSharedSelector Using a shared selector for servlet write/read
17-Mar-2018 10:08:47.367 INFO [main] org.apache.coyote.AbstractProtocol.init Initializing ProtocolHandler ["ajp-nio-8009"]
17-Mar-2018 10:08:47.375 INFO [main] org.apache.tomcat.util.net.NioSelectorPool.getSharedSelector Using a shared selector for servlet write/read
17-Mar-2018 10:08:47.378 INFO [main] org.apache.catalina.startup.Catalina.load Initialization processed in 884 ms
17-Mar-2018 10:08:47.471 INFO [main] org.apache.catalina.core.StandardService.startInternal Starting service [Catalina]
17-Mar-2018 10:08:47.472 INFO [main] org.apache.catalina.core.StandardEngine.startInternal Starting Servlet Engine: Apache Tomcat/8.5.15
17-Mar-2018 10:08:47.487 INFO [localhost-startStop-1] org.apache.catalina.startup.HostConfig.deployDescriptor Deploying configuration descriptor [D:\Server\apache-tomcat-8.5.15\conf\Catalina\localhost\Aadhar2LongCode.xml]
17-Mar-2018 10:08:47.585 WARNING [localhost-startStop-1] org.apache.catalina.startup.SetContextPropertiesRule.begin [SetContextPropertiesRule]{Context} Setting property 'antiJARLocking' to 'true' did not find a matching property.
17-Mar-2018 10:08:50.839 INFO [localhost-startStop-1] org.apache.tomcat.dbcp.dbcp2.BasicDataSourceFactory.getObjectInstance Name = DBTPortal Ignoring unknown property: value of "DB Connection" for "description" property
17-Mar-2018 10:08:50.890 INFO [localhost-startStop-1] org.apache.jasper.servlet.TldScanner.scanJars At least one JAR was scanned for TLDs yet contained no TLDs. Enable debug logging for this logger for a complete list of JARs that were scanned but no TLDs were found in them. Skipping unneeded JARs during scanning can improve startup time and JSP compilation time.
17-Mar-2018 10:08:52.062 INFO [localhost-startStop-1] org.apache.catalina.startup.HostConfig.deployDescriptor Deployment of configuration descriptor [D:\Server\apache-tomcat-8.5.15\conf\Catalina\localhost\Aadhar2LongCode.xml] has finished in [4,575] ms
17-Mar-2018 10:08:52.062 INFO [localhost-startStop-1] org.apache.catalina.startup.HostConfig.deployDescriptor Deploying configuration descriptor [D:\Server\apache-tomcat-8.5.15\conf\Catalina\localhost\DBT2.xml]
17-Mar-2018 10:08:53.835 INFO [localhost-startStop-1] org.apache.tomcat.dbcp.dbcp2.BasicDataSourceFactory.getObjectInstance Name = DBTPortal Ignoring unknown property: value of "DB Connection" for "description" property
17-Mar-2018 10:08:53.913 INFO [localhost-startStop-1] org.apache.jasper.servlet.TldScanner.scanJars At least one JAR was scanned for TLDs yet contained no TLDs. Enable debug logging for this logger for a complete list of JARs that were scanned but no TLDs were found in them. Skipping unneeded JARs during scanning can improve startup time and JSP compilation time.
17-Mar-2018 10:08:55.501 INFO [localhost-startStop-1] org.apache.catalina.startup.HostConfig.deployDescriptor Deployment of configuration descriptor [D:\Server\apache-tomcat-8.5.15\conf\Catalina\localhost\DBT2.xml] has finished in [3,439] ms
17-Mar-2018 10:08:55.501 INFO [localhost-startStop-1] org.apache.catalina.startup.HostConfig.deployDescriptor Deploying configuration descriptor [D:\Server\apache-tomcat-8.5.15\conf\Catalina\localhost\DBTPortalPFMS.xml]
17-Mar-2018 10:08:55.522 WARNING [localhost-startStop-1] org.apache.catalina.startup.SetContextPropertiesRule.begin [SetContextPropertiesRule]{Context} Setting property 'antiJARLocking' to 'true' did not find a matching property.
17-Mar-2018 10:08:58.848 WARNING [localhost-startStop-1] org.apache.tomcat.dbcp.dbcp2.BasicDataSourceFactory.getObjectInstance Name = PostGreSQL Property maxActive is not used in DBCP2, use maxTotal instead. maxTotal default value is 8. You have set value of "100" for "maxActive" property, which is being ignored.
17-Mar-2018 10:08:58.848 WARNING [localhost-startStop-1] org.apache.tomcat.dbcp.dbcp2.BasicDataSourceFactory.getObjectInstance Name = PostGreSQL Property maxWait is not used in DBCP2 , use maxWaitMillis instead. maxWaitMillis default value is -1. You have set value of "10000" for "maxWait" property, which is being ignored.
17-Mar-2018 10:08:58.849 WARNING [localhost-startStop-1] org.apache.tomcat.dbcp.dbcp2.BasicDataSourceFactory.getObjectInstance Name = DBTPortalPFMS Property maxActive is not used in DBCP2, use maxTotal instead. maxTotal default value is 8. You have set value of "100" for "maxActive" property, which is being ignored.
17-Mar-2018 10:08:58.849 WARNING [localhost-startStop-1] org.apache.tomcat.dbcp.dbcp2.BasicDataSourceFactory.getObjectInstance Name = DBTPortalPFMS Property maxWait is not used in DBCP2 , use maxWaitMillis instead. maxWaitMillis default value is -1. You have set value of "10000" for "maxWait" property, which is being ignored.
17-Mar-2018 10:08:58.857 INFO [localhost-startStop-1] org.apache.jasper.servlet.TldScanner.scanJars At least one JAR was scanned for TLDs yet contained no TLDs. Enable debug logging for this logger for a complete list of JARs that were scanned but no TLDs were found in them. Skipping unneeded JARs during scanning can improve startup time and JSP compilation time.
17-Mar-2018 10:08:59.518 INFO [localhost-startStop-1] org.apache.catalina.startup.HostConfig.deployDescriptor Deployment of configuration descriptor [D:\Server\apache-tomcat-8.5.15\conf\Catalina\localhost\DBTPortalPFMS.xml] has finished in [4,017] ms
17-Mar-2018 10:08:59.519 INFO [localhost-startStop-1] org.apache.catalina.startup.HostConfig.deployDescriptor Deploying configuration descriptor [D:\Server\apache-tomcat-8.5.15\conf\Catalina\localhost\JerseyTestCLient.xml]
17-Mar-2018 10:09:01.799 WARNING [localhost-startStop-1] org.apache.tomcat.dbcp.dbcp2.BasicDataSourceFactory.getObjectInstance Name = Android Property maxActive is not used in DBCP2, use maxTotal instead. maxTotal default value is 8. You have set value of "100" for "maxActive" property, which is being ignored.
17-Mar-2018 10:09:01.799 WARNING [localhost-startStop-1] org.apache.tomcat.dbcp.dbcp2.BasicDataSourceFactory.getObjectInstance Name = Android Property maxWait is not used in DBCP2 , use maxWaitMillis instead. maxWaitMillis default value is -1. You have set value of "10000" for "maxWait" property, which is being ignored.
17-Mar-2018 10:09:01.816 INFO [localhost-startStop-1] org.apache.jasper.servlet.TldScanner.scanJars At least one JAR was scanned for TLDs yet contained no TLDs. Enable debug logging for this logger for a complete list of JARs that were scanned but no TLDs were found in them. Skipping unneeded JARs during scanning can improve startup time and JSP compilation time.
17-Mar-2018 10:09:02.477 INFO [localhost-startStop-1] org.apache.catalina.startup.HostConfig.deployDescriptor Deployment of configuration descriptor [D:\Server\apache-tomcat-8.5.15\conf\Catalina\localhost\JerseyTestCLient.xml] has finished in [2,958] ms
17-Mar-2018 10:09:02.478 INFO [localhost-startStop-1] org.apache.catalina.startup.HostConfig.deployDirectory Deploying web application directory [D:\Server\apache-tomcat-8.5.15\webapps\docs]
17-Mar-2018 10:09:02.615 INFO [localhost-startStop-1] org.apache.jasper.servlet.TldScanner.scanJars At least one JAR was scanned for TLDs yet contained no TLDs. Enable debug logging for this logger for a complete list of JARs that were scanned but no TLDs were found in them. Skipping unneeded JARs during scanning can improve startup time and JSP compilation time.
17-Mar-2018 10:09:02.617 INFO [localhost-startStop-1] org.apache.catalina.startup.HostConfig.deployDirectory Deployment of web application directory [D:\Server\apache-tomcat-8.5.15\webapps\docs] has finished in [139] ms
17-Mar-2018 10:09:02.617 INFO [localhost-startStop-1] org.apache.catalina.startup.HostConfig.deployDirectory Deploying web application directory [D:\Server\apache-tomcat-8.5.15\webapps\examples]
17-Mar-2018 10:09:03.980 INFO [localhost-startStop-1] org.apache.jasper.servlet.TldScanner.scanJars At least one JAR was scanned for TLDs yet contained no TLDs. Enable debug logging for this logger for a complete list of JARs that were scanned but no TLDs were found in them. Skipping unneeded JARs during scanning can improve startup time and JSP compilation time.
17-Mar-2018 10:09:04.020 INFO [localhost-startStop-1] org.apache.catalina.startup.HostConfig.deployDirectory Deployment of web application directory [D:\Server\apache-tomcat-8.5.15\webapps\examples] has finished in [1,403] ms
17-Mar-2018 10:09:04.021 INFO [localhost-startStop-1] org.apache.catalina.startup.HostConfig.deployDirectory Deploying web application directory [D:\Server\apache-tomcat-8.5.15\webapps\Final_DWS]
17-Mar-2018 10:09:04.111 INFO [localhost-startStop-1] org.apache.jasper.servlet.TldScanner.scanJars At least one JAR was scanned for TLDs yet contained no TLDs. Enable debug logging for this logger for a complete list of JARs that were scanned but no TLDs were found in them. Skipping unneeded JARs during scanning can improve startup time and JSP compilation time.
17-Mar-2018 10:09:04.113 INFO [localhost-startStop-1] org.apache.catalina.startup.HostConfig.deployDirectory Deployment of web application directory [D:\Server\apache-tomcat-8.5.15\webapps\Final_DWS] has finished in [92] ms
17-Mar-2018 10:09:04.113 INFO [localhost-startStop-1] org.apache.catalina.startup.HostConfig.deployDirectory Deploying web application directory [D:\Server\apache-tomcat-8.5.15\webapps\host-manager]
17-Mar-2018 10:09:04.252 INFO [localhost-startStop-1] org.apache.jasper.servlet.TldScanner.scanJars At least one JAR was scanned for TLDs yet contained no TLDs. Enable debug logging for this logger for a complete list of JARs that were scanned but no TLDs were found in them. Skipping unneeded JARs during scanning can improve startup time and JSP compilation time.
17-Mar-2018 10:09:04.254 INFO [localhost-startStop-1] org.apache.catalina.startup.HostConfig.deployDirectory Deployment of web application directory [D:\Server\apache-tomcat-8.5.15\webapps\host-manager] has finished in [141] ms
17-Mar-2018 10:09:04.254 INFO [localhost-startStop-1] org.apache.catalina.startup.HostConfig.deployDirectory Deploying web application directory [D:\Server\apache-tomcat-8.5.15\webapps\manager]
17-Mar-2018 10:09:04.369 INFO [localhost-startStop-1] org.apache.jasper.servlet.TldScanner.scanJars At least one JAR was scanned for TLDs yet contained no TLDs. Enable debug logging for this logger for a complete list of JARs that were scanned but no TLDs were found in them. Skipping unneeded JARs during scanning can improve startup time and JSP compilation time.
17-Mar-2018 10:09:04.370 INFO [localhost-startStop-1] org.apache.catalina.startup.HostConfig.deployDirectory Deployment of web application directory [D:\Server\apache-tomcat-8.5.15\webapps\manager] has finished in [116] ms
17-Mar-2018 10:09:04.370 INFO [localhost-startStop-1] org.apache.catalina.startup.HostConfig.deployDirectory Deploying web application directory [D:\Server\apache-tomcat-8.5.15\webapps\ROOT]
17-Mar-2018 10:09:04.483 INFO [localhost-startStop-1] org.apache.jasper.servlet.TldScanner.scanJars At least one JAR was scanned for TLDs yet contained no TLDs. Enable debug logging for this logger for a complete list of JARs that were scanned but no TLDs were found in them. Skipping unneeded JARs during scanning can improve startup time and JSP compilation time.
17-Mar-2018 10:09:04.484 INFO [localhost-startStop-1] org.apache.catalina.startup.HostConfig.deployDirectory Deployment of web application directory [D:\Server\apache-tomcat-8.5.15\webapps\ROOT] has finished in [114] ms
17-Mar-2018 10:09:04.487 INFO [main] org.apache.coyote.AbstractProtocol.start Starting ProtocolHandler ["http-nio-8080"]
17-Mar-2018 10:09:04.494 INFO [main] org.apache.coyote.AbstractProtocol.start Starting ProtocolHandler ["ajp-nio-8009"]
17-Mar-2018 10:09:04.496 INFO [main] org.apache.catalina.startup.Catalina.start Server startup in 17117 ms
17-Mar-2018 10:12:14.141 INFO [http-nio-8080-exec-10] org.apache.catalina.core.StandardContext.reload Reloading Context with name [/DBT2] has started
17-Mar-2018 10:12:16.100 INFO [http-nio-8080-exec-10] org.apache.tomcat.dbcp.dbcp2.BasicDataSourceFactory.getObjectInstance Name = DBTPortal Ignoring unknown property: value of "DB Connection" for "description" property
17-Mar-2018 10:12:16.119 INFO [http-nio-8080-exec-10] org.apache.jasper.servlet.TldScanner.scanJars At least one JAR was scanned for TLDs yet contained no TLDs. Enable debug logging for this logger for a complete list of JARs that were scanned but no TLDs were found in them. Skipping unneeded JARs during scanning can improve startup time and JSP compilation time.
17-Mar-2018 10:12:16.972 INFO [http-nio-8080-exec-10] org.apache.catalina.core.StandardContext.reload Reloading Context with name [/DBT2] is completed
17-Mar-2018 10:12:17.503 INFO [http-nio-8080-exec-2] org.apache.catalina.startup.HostConfig.undeploy Undeploying context [/DBT2]
17-Mar-2018 10:12:25.496 INFO [http-nio-8080-exec-8] org.apache.catalina.startup.HostConfig.deployDescriptor Deploying configuration descriptor [D:\Server\apache-tomcat-8.5.15\conf\Catalina\localhost\DBT2.xml]
17-Mar-2018 10:12:26.369 INFO [http-nio-8080-exec-8] org.apache.tomcat.dbcp.dbcp2.BasicDataSourceFactory.getObjectInstance Name = DBTPortal Ignoring unknown property: value of "DB Connection" for "description" property
17-Mar-2018 10:12:26.408 INFO [http-nio-8080-exec-8] org.apache.jasper.servlet.TldScanner.scanJars At least one JAR was scanned for TLDs yet contained no TLDs. Enable debug logging for this logger for a complete list of JARs that were scanned but no TLDs were found in them. Skipping unneeded JARs during scanning can improve startup time and JSP compilation time.
17-Mar-2018 10:12:27.594 INFO [http-nio-8080-exec-8] org.apache.catalina.startup.HostConfig.deployDescriptor Deployment of configuration descriptor [D:\Server\apache-tomcat-8.5.15\conf\Catalina\localhost\DBT2.xml] has finished in [2,099] ms
17-Mar-2018 10:12:27.599 INFO [http-nio-8080-exec-12] org.apache.catalina.util.LifecycleBase.start The start() method was called on component [StandardEngine[Catalina].StandardHost[localhost].StandardContext[/DBT2]] after start() had already been called. The second call will be ignored.
17-Mar-2018 10:27:23.798 INFO [http-nio-8080-exec-17] org.apache.catalina.core.StandardContext.reload Reloading Context with name [/Aadhar2LongCode] has started
17-Mar-2018 10:27:28.357 INFO [http-nio-8080-exec-17] org.apache.catalina.core.StandardContext.reload Reloading Context with name [/Aadhar2LongCode] is completed
17-Mar-2018 10:29:57.810 INFO [http-nio-8080-exec-23] org.apache.catalina.core.StandardContext.reload Reloading Context with name [/Aadhar2LongCode] has started
17-Mar-2018 10:29:59.715 INFO [http-nio-8080-exec-23] org.apache.catalina.core.StandardContext.reload Reloading Context with name [/Aadhar2LongCode] is completed
17-Mar-2018 10:32:41.703 INFO [http-nio-8080-exec-28] org.apache.catalina.startup.HostConfig.undeploy Undeploying context [/Aadhar2LongCode]
17-Mar-2018 11:23:30.243 INFO [http-nio-8080-exec-38] org.apache.catalina.startup.HostConfig.deployDescriptor Deploying configuration descriptor [D:\Server\apache-tomcat-8.5.15\conf\Catalina\localhost\Aadhar2LongCode.xml]
17-Mar-2018 11:23:30.279 WARNING [http-nio-8080-exec-38] org.apache.catalina.startup.SetContextPropertiesRule.begin [SetContextPropertiesRule]{Context} Setting property 'antiJARLocking' to 'true' did not find a matching property.
17-Mar-2018 11:23:33.949 INFO [http-nio-8080-exec-38] org.apache.catalina.startup.HostConfig.deployDescriptor Deployment of configuration descriptor [D:\Server\apache-tomcat-8.5.15\conf\Catalina\localhost\Aadhar2LongCode.xml] has finished in [3,706] ms
17-Mar-2018 11:23:33.953 INFO [http-nio-8080-exec-40] org.apache.catalina.util.LifecycleBase.start The start() method was called on component [StandardEngine[Catalina].StandardHost[localhost].StandardContext[/Aadhar2LongCode]] after start() had already been called. The second call will be ignored.
17-Mar-2018 12:10:03.886 INFO [http-nio-8080-exec-38] org.apache.catalina.startup.HostConfig.undeploy Undeploying context [/DBT2]
17-Mar-2018 12:10:08.570 INFO [http-nio-8080-exec-35] org.apache.catalina.startup.HostConfig.deployDescriptor Deploying configuration descriptor [D:\Server\apache-tomcat-8.5.15\conf\Catalina\localhost\DBT2.xml]
17-Mar-2018 12:10:10.348 INFO [http-nio-8080-exec-35] org.apache.catalina.startup.HostConfig.deployDescriptor Deployment of configuration descriptor [D:\Server\apache-tomcat-8.5.15\conf\Catalina\localhost\DBT2.xml] has finished in [1,778] ms
17-Mar-2018 12:10:10.352 INFO [http-nio-8080-exec-41] org.apache.catalina.util.LifecycleBase.start The start() method was called on component [StandardEngine[Catalina].StandardHost[localhost].StandardContext[/DBT2]] after start() had already been called. The second call will be ignored.
17-Mar-2018 12:38:54.532 INFO [http-nio-8080-exec-48] org.apache.catalina.core.StandardContext.reload Reloading Context with name [/DBT2] has started
17-Mar-2018 12:38:56.356 INFO [http-nio-8080-exec-48] org.apache.catalina.core.StandardContext.reload Reloading Context with name [/DBT2] is completed
17-Mar-2018 12:38:56.953 INFO [http-nio-8080-exec-45] org.apache.catalina.core.StandardContext.reload Reloading Context with name [/DBT2] has started
17-Mar-2018 12:38:59.307 INFO [http-nio-8080-exec-45] org.apache.catalina.core.StandardContext.reload Reloading Context with name [/DBT2] is completed
17-Mar-2018 12:39:00.103 INFO [http-nio-8080-exec-51] org.apache.catalina.startup.HostConfig.undeploy Undeploying context [/DBT2]
17-Mar-2018 12:39:08.897 INFO [http-nio-8080-exec-55] org.apache.catalina.startup.HostConfig.deployDescriptor Deploying configuration descriptor [D:\Server\apache-tomcat-8.5.15\conf\Catalina\localhost\DBT2.xml]
17-Mar-2018 12:39:10.523 INFO [http-nio-8080-exec-55] org.apache.catalina.startup.HostConfig.deployDescriptor Deployment of configuration descriptor [D:\Server\apache-tomcat-8.5.15\conf\Catalina\localhost\DBT2.xml] has finished in [1,626] ms
17-Mar-2018 12:39:10.530 INFO [http-nio-8080-exec-51] org.apache.catalina.util.LifecycleBase.start The start() method was called on component [StandardEngine[Catalina].StandardHost[localhost].StandardContext[/DBT2]] after start() had already been called. The second call will be ignored.
17-Mar-2018 12:39:51.388 INFO [http-nio-8080-exec-57] org.apache.catalina.startup.HostConfig.undeploy Undeploying context [/DBT2]
17-Mar-2018 12:39:56.731 INFO [http-nio-8080-exec-62] org.apache.catalina.startup.HostConfig.deployDescriptor Deploying configuration descriptor [D:\Server\apache-tomcat-8.5.15\conf\Catalina\localhost\DBT2.xml]
17-Mar-2018 12:39:58.562 INFO [http-nio-8080-exec-62] org.apache.catalina.startup.HostConfig.deployDescriptor Deployment of configuration descriptor [D:\Server\apache-tomcat-8.5.15\conf\Catalina\localhost\DBT2.xml] has finished in [1,832] ms
17-Mar-2018 12:39:58.566 INFO [http-nio-8080-exec-54] org.apache.catalina.util.LifecycleBase.start The start() method was called on component [StandardEngine[Catalina].StandardHost[localhost].StandardContext[/DBT2]] after start() had already been called. The second call will be ignored.
17-Mar-2018 12:40:33.955 INFO [main] org.apache.catalina.core.StandardServer.await A valid shutdown command was received via the shutdown port. Stopping the Server instance.
17-Mar-2018 12:40:33.956 INFO [main] org.apache.coyote.AbstractProtocol.pause Pausing ProtocolHandler ["http-nio-8080"]
17-Mar-2018 12:40:34.088 INFO [main] org.apache.coyote.AbstractProtocol.pause Pausing ProtocolHandler ["ajp-nio-8009"]
17-Mar-2018 12:40:34.243 INFO [main] org.apache.catalina.core.StandardService.stopInternal Stopping service [Catalina]
17-Mar-2018 12:40:41.803 INFO [main] org.apache.coyote.AbstractProtocol.stop Stopping ProtocolHandler ["http-nio-8080"]
17-Mar-2018 12:40:41.824 INFO [main] org.apache.coyote.AbstractProtocol.stop Stopping ProtocolHandler ["ajp-nio-8009"]
17-Mar-2018 12:40:41.849 INFO [main] org.apache.coyote.AbstractProtocol.destroy Destroying ProtocolHandler ["http-nio-8080"]
17-Mar-2018 12:40:41.850 INFO [main] org.apache.coyote.AbstractProtocol.destroy Destroying ProtocolHandler ["ajp-nio-8009"]
17-Mar-2018 12:44:39.002 INFO [main] org.apache.catalina.startup.VersionLoggerListener.log Server version:        Apache Tomcat/8.5.15
17-Mar-2018 12:44:39.014 INFO [main] org.apache.catalina.startup.VersionLoggerListener.log Server built:          May 5 2017 11:03:04 UTC
17-Mar-2018 12:44:39.015 INFO [main] org.apache.catalina.startup.VersionLoggerListener.log Server number:         8.5.15.0
17-Mar-2018 12:44:39.015 INFO [main] org.apache.catalina.startup.VersionLoggerListener.log OS Name:               Windows 10
17-Mar-2018 12:44:39.015 INFO [main] org.apache.catalina.startup.VersionLoggerListener.log OS Version:            10.0
17-Mar-2018 12:44:39.015 INFO [main] org.apache.catalina.startup.VersionLoggerListener.log Architecture:          amd64
17-Mar-2018 12:44:39.015 INFO [main] org.apache.catalina.startup.VersionLoggerListener.log Java Home:             C:\Program Files\Java\jdk1.8.0_131\jre
17-Mar-2018 12:44:39.015 INFO [main] org.apache.catalina.startup.VersionLoggerListener.log JVM Version:           1.8.0_131-b11
17-Mar-2018 12:44:39.015 INFO [main] org.apache.catalina.startup.VersionLoggerListener.log JVM Vendor:            Oracle Corporation
17-Mar-2018 12:44:39.016 INFO [main] org.apache.catalina.startup.VersionLoggerListener.log CATALINA_BASE:         D:\Server\apache-tomcat-8.5.15
17-Mar-2018 12:44:39.016 INFO [main] org.apache.catalina.startup.VersionLoggerListener.log CATALINA_HOME:         D:\Server\apache-tomcat-8.5.15
17-Mar-2018 12:44:39.016 INFO [main] org.apache.catalina.startup.VersionLoggerListener.log Command line argument: -Djava.util.logging.config.file=D:\Server\apache-tomcat-8.5.15\conf\logging.properties
17-Mar-2018 12:44:39.016 INFO [main] org.apache.catalina.startup.VersionLoggerListener.log Command line argument: -Djava.util.logging.manager=org.apache.juli.ClassLoaderLogManager
17-Mar-2018 12:44:39.016 INFO [main] org.apache.catalina.startup.VersionLoggerListener.log Command line argument: -Dhttp.nonProxyHosts=localhost|127.0.0.1|RIPLC0018
17-Mar-2018 12:44:39.016 INFO [main] org.apache.catalina.startup.VersionLoggerListener.log Command line argument: -Djdk.tls.ephemeralDHKeySize=2048
17-Mar-2018 12:44:39.016 INFO [main] org.apache.catalina.startup.VersionLoggerListener.log Command line argument: -Djava.protocol.handler.pkgs=org.apache.catalina.webresources
17-Mar-2018 12:44:39.016 INFO [main] org.apache.catalina.startup.VersionLoggerListener.log Command line argument: -Dcatalina.base=D:\Server\apache-tomcat-8.5.15
17-Mar-2018 12:44:39.018 INFO [main] org.apache.catalina.startup.VersionLoggerListener.log Command line argument: -Dcatalina.home=D:\Server\apache-tomcat-8.5.15
17-Mar-2018 12:44:39.018 INFO [main] org.apache.catalina.startup.VersionLoggerListener.log Command line argument: -Djava.io.tmpdir=D:\Server\apache-tomcat-8.5.15\temp
17-Mar-2018 12:44:39.018 INFO [main] org.apache.catalina.core.AprLifecycleListener.lifecycleEvent The APR based Apache Tomcat Native library which allows optimal performance in production environments was not found on the java.library.path: [C:\Program Files\Java\jdk1.8.0_131\bin;C:\WINDOWS\Sun\Java\bin;C:\WINDOWS\system32;C:\WINDOWS;C:\Program Files\Docker\Docker\Resources\bin;C:\ProgramData\Oracle\Java\javapath;C:\Program Files (x86)\Intel\iCLS Client\;C:\Program Files\Intel\iCLS Client\;C:\WINDOWS\system32;C:\WINDOWS;C:\WINDOWS\System32\Wbem;C:\WINDOWS\System32\WindowsPowerShell\v1.0\;C:\Program Files (x86)\Intel\Intel(R) Management Engine Components\DAL;C:\Program Files\Intel\Intel(R) Management Engine Components\DAL;C:\Program Files (x86)\Intel\Intel(R) Management Engine Components\IPT;C:\Program Files\Intel\Intel(R) Management Engine Components\IPT;C:\Program Files\Java\jdk1.8.0_131\bin;C:\Program Files\MySQL\MySQL Utilities 1.6\;C:\Program Files\PuTTY\;C:\Program Files\TortoiseSVN\bin;C:\Program Files\Java\jre1.8.0_144;C:\Go\bin;C:\Program Files\Git\cmd;C:\Users\Lenovo\AppData\Local\Microsoft\WindowsApps;C:\Program Files (x86)\Sophos\Sophos SSL VPN Client\bin;.]
17-Mar-2018 12:44:39.381 INFO [main] org.apache.coyote.AbstractProtocol.init Initializing ProtocolHandler ["http-nio-8080"]
17-Mar-2018 12:44:39.683 INFO [main] org.apache.tomcat.util.net.NioSelectorPool.getSharedSelector Using a shared selector for servlet write/read
17-Mar-2018 12:44:39.690 INFO [main] org.apache.coyote.AbstractProtocol.init Initializing ProtocolHandler ["ajp-nio-8009"]
17-Mar-2018 12:44:39.718 INFO [main] org.apache.tomcat.util.net.NioSelectorPool.getSharedSelector Using a shared selector for servlet write/read
17-Mar-2018 12:44:39.718 INFO [main] org.apache.catalina.startup.Catalina.load Initialization processed in 1111 ms
17-Mar-2018 12:44:39.801 INFO [main] org.apache.catalina.core.StandardService.startInternal Starting service [Catalina]
17-Mar-2018 12:44:39.801 INFO [main] org.apache.catalina.core.StandardEngine.startInternal Starting Servlet Engine: Apache Tomcat/8.5.15
17-Mar-2018 12:44:39.808 INFO [localhost-startStop-1] org.apache.catalina.startup.HostConfig.deployDescriptor Deploying configuration descriptor [D:\Server\apache-tomcat-8.5.15\conf\Catalina\localhost\Aadhar2LongCode.xml]
17-Mar-2018 12:44:39.965 WARNING [localhost-startStop-1] org.apache.catalina.startup.SetContextPropertiesRule.begin [SetContextPropertiesRule]{Context} Setting property 'antiJARLocking' to 'true' did not find a matching property.
17-Mar-2018 12:44:42.509 INFO [localhost-startStop-1] org.apache.tomcat.dbcp.dbcp2.BasicDataSourceFactory.getObjectInstance Name = DBTPortal Ignoring unknown property: value of "DB Connection" for "description" property
17-Mar-2018 12:44:42.597 INFO [localhost-startStop-1] org.apache.jasper.servlet.TldScanner.scanJars At least one JAR was scanned for TLDs yet contained no TLDs. Enable debug logging for this logger for a complete list of JARs that were scanned but no TLDs were found in them. Skipping unneeded JARs during scanning can improve startup time and JSP compilation time.
17-Mar-2018 12:44:43.978 INFO [localhost-startStop-1] org.apache.catalina.startup.HostConfig.deployDescriptor Deployment of configuration descriptor [D:\Server\apache-tomcat-8.5.15\conf\Catalina\localhost\Aadhar2LongCode.xml] has finished in [4,169] ms
17-Mar-2018 12:44:43.978 INFO [localhost-startStop-1] org.apache.catalina.startup.HostConfig.deployDescriptor Deploying configuration descriptor [D:\Server\apache-tomcat-8.5.15\conf\Catalina\localhost\DBT2.xml]
17-Mar-2018 12:44:44.914 INFO [localhost-startStop-1] org.apache.tomcat.dbcp.dbcp2.BasicDataSourceFactory.getObjectInstance Name = DBTPortal Ignoring unknown property: value of "DB Connection" for "description" property
17-Mar-2018 12:44:44.972 INFO [localhost-startStop-1] org.apache.jasper.servlet.TldScanner.scanJars At least one JAR was scanned for TLDs yet contained no TLDs. Enable debug logging for this logger for a complete list of JARs that were scanned but no TLDs were found in them. Skipping unneeded JARs during scanning can improve startup time and JSP compilation time.
17-Mar-2018 12:44:46.251 INFO [localhost-startStop-1] org.apache.catalina.startup.HostConfig.deployDescriptor Deployment of configuration descriptor [D:\Server\apache-tomcat-8.5.15\conf\Catalina\localhost\DBT2.xml] has finished in [2,272] ms
17-Mar-2018 12:44:46.252 INFO [localhost-startStop-1] org.apache.catalina.startup.HostConfig.deployDescriptor Deploying configuration descriptor [D:\Server\apache-tomcat-8.5.15\conf\Catalina\localhost\DBTPortalPFMS.xml]
17-Mar-2018 12:44:46.269 WARNING [localhost-startStop-1] org.apache.catalina.startup.SetContextPropertiesRule.begin [SetContextPropertiesRule]{Context} Setting property 'antiJARLocking' to 'true' did not find a matching property.
17-Mar-2018 12:44:51.456 WARNING [localhost-startStop-1] org.apache.tomcat.dbcp.dbcp2.BasicDataSourceFactory.getObjectInstance Name = PostGreSQL Property maxActive is not used in DBCP2, use maxTotal instead. maxTotal default value is 8. You have set value of "100" for "maxActive" property, which is being ignored.
17-Mar-2018 12:44:51.457 WARNING [localhost-startStop-1] org.apache.tomcat.dbcp.dbcp2.BasicDataSourceFactory.getObjectInstance Name = PostGreSQL Property maxWait is not used in DBCP2 , use maxWaitMillis instead. maxWaitMillis default value is -1. You have set value of "10000" for "maxWait" property, which is being ignored.
17-Mar-2018 12:44:51.457 WARNING [localhost-startStop-1] org.apache.tomcat.dbcp.dbcp2.BasicDataSourceFactory.getObjectInstance Name = DBTPortalPFMS Property maxActive is not used in DBCP2, use maxTotal instead. maxTotal default value is 8. You have set value of "100" for "maxActive" property, which is being ignored.
17-Mar-2018 12:44:51.457 WARNING [localhost-startStop-1] org.apache.tomcat.dbcp.dbcp2.BasicDataSourceFactory.getObjectInstance Name = DBTPortalPFMS Property maxWait is not used in DBCP2 , use maxWaitMillis instead. maxWaitMillis default value is -1. You have set value of "10000" for "maxWait" property, which is being ignored.
17-Mar-2018 12:44:51.468 INFO [localhost-startStop-1] org.apache.jasper.servlet.TldScanner.scanJars At least one JAR was scanned for TLDs yet contained no TLDs. Enable debug logging for this logger for a complete list of JARs that were scanned but no TLDs were found in them. Skipping unneeded JARs during scanning can improve startup time and JSP compilation time.
17-Mar-2018 12:44:52.345 INFO [localhost-startStop-1] org.apache.catalina.startup.HostConfig.deployDescriptor Deployment of configuration descriptor [D:\Server\apache-tomcat-8.5.15\conf\Catalina\localhost\DBTPortalPFMS.xml] has finished in [6,093] ms
17-Mar-2018 12:44:52.346 INFO [localhost-startStop-1] org.apache.catalina.startup.HostConfig.deployDescriptor Deploying configuration descriptor [D:\Server\apache-tomcat-8.5.15\conf\Catalina\localhost\JerseyTestCLient.xml]
17-Mar-2018 12:44:54.177 WARNING [localhost-startStop-1] org.apache.tomcat.dbcp.dbcp2.BasicDataSourceFactory.getObjectInstance Name = Android Property maxActive is not used in DBCP2, use maxTotal instead. maxTotal default value is 8. You have set value of "100" for "maxActive" property, which is being ignored.
17-Mar-2018 12:44:54.177 WARNING [localhost-startStop-1] org.apache.tomcat.dbcp.dbcp2.BasicDataSourceFactory.getObjectInstance Name = Android Property maxWait is not used in DBCP2 , use maxWaitMillis instead. maxWaitMillis default value is -1. You have set value of "10000" for "maxWait" property, which is being ignored.
17-Mar-2018 12:44:54.191 INFO [localhost-startStop-1] org.apache.jasper.servlet.TldScanner.scanJars At least one JAR was scanned for TLDs yet contained no TLDs. Enable debug logging for this logger for a complete list of JARs that were scanned but no TLDs were found in them. Skipping unneeded JARs during scanning can improve startup time and JSP compilation time.
17-Mar-2018 12:44:54.809 INFO [localhost-startStop-1] org.apache.catalina.startup.HostConfig.deployDescriptor Deployment of configuration descriptor [D:\Server\apache-tomcat-8.5.15\conf\Catalina\localhost\JerseyTestCLient.xml] has finished in [2,464] ms
17-Mar-2018 12:44:54.810 INFO [localhost-startStop-1] org.apache.catalina.startup.HostConfig.deployDirectory Deploying web application directory [D:\Server\apache-tomcat-8.5.15\webapps\docs]
17-Mar-2018 12:44:54.926 INFO [localhost-startStop-1] org.apache.jasper.servlet.TldScanner.scanJars At least one JAR was scanned for TLDs yet contained no TLDs. Enable debug logging for this logger for a complete list of JARs that were scanned but no TLDs were found in them. Skipping unneeded JARs during scanning can improve startup time and JSP compilation time.
17-Mar-2018 12:44:54.928 INFO [localhost-startStop-1] org.apache.catalina.startup.HostConfig.deployDirectory Deployment of web application directory [D:\Server\apache-tomcat-8.5.15\webapps\docs] has finished in [118] ms
17-Mar-2018 12:44:54.928 INFO [localhost-startStop-1] org.apache.catalina.startup.HostConfig.deployDirectory Deploying web application directory [D:\Server\apache-tomcat-8.5.15\webapps\examples]
17-Mar-2018 12:44:56.139 INFO [localhost-startStop-1] org.apache.jasper.servlet.TldScanner.scanJars At least one JAR was scanned for TLDs yet contained no TLDs. Enable debug logging for this logger for a complete list of JARs that were scanned but no TLDs were found in them. Skipping unneeded JARs during scanning can improve startup time and JSP compilation time.
17-Mar-2018 12:44:56.189 INFO [localhost-startStop-1] org.apache.catalina.startup.HostConfig.deployDirectory Deployment of web application directory [D:\Server\apache-tomcat-8.5.15\webapps\examples] has finished in [1,261] ms
17-Mar-2018 12:44:56.189 INFO [localhost-startStop-1] org.apache.catalina.startup.HostConfig.deployDirectory Deploying web application directory [D:\Server\apache-tomcat-8.5.15\webapps\Final_DWS]
17-Mar-2018 12:44:56.310 INFO [localhost-startStop-1] org.apache.jasper.servlet.TldScanner.scanJars At least one JAR was scanned for TLDs yet contained no TLDs. Enable debug logging for this logger for a complete list of JARs that were scanned but no TLDs were found in them. Skipping unneeded JARs during scanning can improve startup time and JSP compilation time.
17-Mar-2018 12:44:56.312 INFO [localhost-startStop-1] org.apache.catalina.startup.HostConfig.deployDirectory Deployment of web application directory [D:\Server\apache-tomcat-8.5.15\webapps\Final_DWS] has finished in [123] ms
17-Mar-2018 12:44:56.312 INFO [localhost-startStop-1] org.apache.catalina.startup.HostConfig.deployDirectory Deploying web application directory [D:\Server\apache-tomcat-8.5.15\webapps\host-manager]
17-Mar-2018 12:44:56.457 INFO [localhost-startStop-1] org.apache.jasper.servlet.TldScanner.scanJars At least one JAR was scanned for TLDs yet contained no TLDs. Enable debug logging for this logger for a complete list of JARs that were scanned but no TLDs were found in them. Skipping unneeded JARs during scanning can improve startup time and JSP compilation time.
17-Mar-2018 12:44:56.459 INFO [localhost-startStop-1] org.apache.catalina.startup.HostConfig.deployDirectory Deployment of web application directory [D:\Server\apache-tomcat-8.5.15\webapps\host-manager] has finished in [147] ms
17-Mar-2018 12:44:56.459 INFO [localhost-startStop-1] org.apache.catalina.startup.HostConfig.deployDirectory Deploying web application directory [D:\Server\apache-tomcat-8.5.15\webapps\manager]
17-Mar-2018 12:44:56.594 INFO [localhost-startStop-1] org.apache.jasper.servlet.TldScanner.scanJars At least one JAR was scanned for TLDs yet contained no TLDs. Enable debug logging for this logger for a complete list of JARs that were scanned but no TLDs were found in them. Skipping unneeded JARs during scanning can improve startup time and JSP compilation time.
17-Mar-2018 12:44:56.596 INFO [localhost-startStop-1] org.apache.catalina.startup.HostConfig.deployDirectory Deployment of web application directory [D:\Server\apache-tomcat-8.5.15\webapps\manager] has finished in [136] ms
17-Mar-2018 12:44:56.596 INFO [localhost-startStop-1] org.apache.catalina.startup.HostConfig.deployDirectory Deploying web application directory [D:\Server\apache-tomcat-8.5.15\webapps\ROOT]
17-Mar-2018 12:44:56.689 INFO [localhost-startStop-1] org.apache.jasper.servlet.TldScanner.scanJars At least one JAR was scanned for TLDs yet contained no TLDs. Enable debug logging for this logger for a complete list of JARs that were scanned but no TLDs were found in them. Skipping unneeded JARs during scanning can improve startup time and JSP compilation time.
17-Mar-2018 12:44:56.690 INFO [localhost-startStop-1] org.apache.catalina.startup.HostConfig.deployDirectory Deployment of web application directory [D:\Server\apache-tomcat-8.5.15\webapps\ROOT] has finished in [94] ms
17-Mar-2018 12:44:56.693 INFO [main] org.apache.coyote.AbstractProtocol.start Starting ProtocolHandler ["http-nio-8080"]
17-Mar-2018 12:44:56.716 INFO [main] org.apache.coyote.AbstractProtocol.start Starting ProtocolHandler ["ajp-nio-8009"]
17-Mar-2018 12:44:56.722 INFO [main] org.apache.catalina.startup.Catalina.start Server startup in 17004 ms
17-Mar-2018 12:45:15.096 INFO [http-nio-8080-exec-6] org.apache.catalina.startup.HostConfig.undeploy Undeploying context [/DBT2]
17-Mar-2018 12:45:15.129 INFO [http-nio-8080-exec-7] org.apache.catalina.startup.HostConfig.deployDescriptor Deploying configuration descriptor [D:\Server\apache-tomcat-8.5.15\conf\Catalina\localhost\DBT2.xml]
17-Mar-2018 12:45:15.828 INFO [http-nio-8080-exec-7] org.apache.tomcat.dbcp.dbcp2.BasicDataSourceFactory.getObjectInstance Name = DBTPortal Ignoring unknown property: value of "DB Connection" for "description" property
17-Mar-2018 12:45:15.840 INFO [http-nio-8080-exec-7] org.apache.jasper.servlet.TldScanner.scanJars At least one JAR was scanned for TLDs yet contained no TLDs. Enable debug logging for this logger for a complete list of JARs that were scanned but no TLDs were found in them. Skipping unneeded JARs during scanning can improve startup time and JSP compilation time.
17-Mar-2018 12:45:16.567 INFO [http-nio-8080-exec-7] org.apache.catalina.startup.HostConfig.deployDescriptor Deployment of configuration descriptor [D:\Server\apache-tomcat-8.5.15\conf\Catalina\localhost\DBT2.xml] has finished in [1,438] ms
17-Mar-2018 13:01:48.483 INFO [http-nio-8080-exec-15] org.apache.catalina.core.StandardContext.reload Reloading Context with name [/DBT2] has started
17-Mar-2018 13:01:49.594 INFO [http-nio-8080-exec-15] org.apache.tomcat.dbcp.dbcp2.BasicDataSourceFactory.getObjectInstance Name = DBTPortal Ignoring unknown property: value of "DB Connection" for "description" property
17-Mar-2018 13:01:49.610 INFO [http-nio-8080-exec-15] org.apache.jasper.servlet.TldScanner.scanJars At least one JAR was scanned for TLDs yet contained no TLDs. Enable debug logging for this logger for a complete list of JARs that were scanned but no TLDs were found in them. Skipping unneeded JARs during scanning can improve startup time and JSP compilation time.
17-Mar-2018 13:01:50.835 INFO [http-nio-8080-exec-15] org.apache.catalina.core.StandardContext.reload Reloading Context with name [/DBT2] is completed
17-Mar-2018 13:01:50.875 INFO [http-nio-8080-exec-14] org.apache.catalina.core.StandardContext.reload Reloading Context with name [/DBT2] has started
17-Mar-2018 13:01:51.922 INFO [http-nio-8080-exec-14] org.apache.tomcat.dbcp.dbcp2.BasicDataSourceFactory.getObjectInstance Name = DBTPortal Ignoring unknown property: value of "DB Connection" for "description" property
17-Mar-2018 13:01:51.939 INFO [http-nio-8080-exec-14] org.apache.jasper.servlet.TldScanner.scanJars At least one JAR was scanned for TLDs yet contained no TLDs. Enable debug logging for this logger for a complete list of JARs that were scanned but no TLDs were found in them. Skipping unneeded JARs during scanning can improve startup time and JSP compilation time.
17-Mar-2018 13:01:52.632 INFO [http-nio-8080-exec-14] org.apache.catalina.core.StandardContext.reload Reloading Context with name [/DBT2] is completed
17-Mar-2018 13:03:08.936 SEVERE [http-nio-8080-exec-22] comm.Innowave.service.UserModuleService.loginModuleService null
 com.fasterxml.jackson.databind.JsonMappingException: Can not deserialize instance of java.lang.String out of START_OBJECT token
 at [Source: {"successFlag":"Y","data":{"userDbId":1},"errorsDetails":null}; line: 1, column: 19] (through reference chain: comm.Innowave.entity.LoginInputEntity["data"])
	at com.fasterxml.jackson.databind.JsonMappingException.from(JsonMappingException.java:148)
	at com.fasterxml.jackson.databind.DeserializationContext.mappingException(DeserializationContext.java:835)
	at com.fasterxml.jackson.databind.deser.std.StringDeserializer.deserialize(StringDeserializer.java:59)
	at com.fasterxml.jackson.databind.deser.std.StringDeserializer.deserialize(StringDeserializer.java:12)
	at com.fasterxml.jackson.databind.deser.SettableBeanProperty.deserialize(SettableBeanProperty.java:523)
	at com.fasterxml.jackson.databind.deser.impl.MethodProperty.deserializeAndSet(MethodProperty.java:95)
	at com.fasterxml.jackson.databind.deser.impl.BeanPropertyMap.findDeserializeAndSet(BeanPropertyMap.java:285)
	at com.fasterxml.jackson.databind.deser.BeanDeserializer.vanillaDeserialize(BeanDeserializer.java:248)
	at com.fasterxml.jackson.databind.deser.BeanDeserializer.deserialize(BeanDeserializer.java:136)
	at com.fasterxml.jackson.databind.ObjectMapper._readMapAndClose(ObjectMapper.java:3562)
	at com.fasterxml.jackson.databind.ObjectMapper.readValue(ObjectMapper.java:2578)
	at comm.Innowave.service.UserModuleService.loginModuleService(UserModuleService.java:54)
	at comm.Innowave.rest.UserModule.loginUser(UserModule.java:45)
	at sun.reflect.NativeMethodAccessorImpl.invoke0(Native Method)
	at sun.reflect.NativeMethodAccessorImpl.invoke(NativeMethodAccessorImpl.java:62)
	at sun.reflect.DelegatingMethodAccessorImpl.invoke(DelegatingMethodAccessorImpl.java:43)
	at java.lang.reflect.Method.invoke(Method.java:498)
	at org.glassfish.jersey.server.model.internal.ResourceMethodInvocationHandlerFactory$1.invoke(ResourceMethodInvocationHandlerFactory.java:81)
	at org.glassfish.jersey.server.model.internal.AbstractJavaResourceMethodDispatcher$1.run(AbstractJavaResourceMethodDispatcher.java:164)
	at org.glassfish.jersey.server.model.internal.AbstractJavaResourceMethodDispatcher.invoke(AbstractJavaResourceMethodDispatcher.java:181)
	at org.glassfish.jersey.server.model.internal.JavaResourceMethodDispatcherProvider$TypeOutInvoker.doDispatch(JavaResourceMethodDispatcherProvider.java:203)
	at org.glassfish.jersey.server.model.internal.AbstractJavaResourceMethodDispatcher.dispatch(AbstractJavaResourceMethodDispatcher.java:101)
	at org.glassfish.jersey.server.model.ResourceMethodInvoker.invoke(ResourceMethodInvoker.java:389)
	at org.glassfish.jersey.server.model.ResourceMethodInvoker.apply(ResourceMethodInvoker.java:347)
	at org.glassfish.jersey.server.model.ResourceMethodInvoker.apply(ResourceMethodInvoker.java:102)
	at org.glassfish.jersey.server.ServerRuntime$2.run(ServerRuntime.java:305)
	at org.glassfish.jersey.internal.Errors$1.call(Errors.java:271)
	at org.glassfish.jersey.internal.Errors$1.call(Errors.java:267)
	at org.glassfish.jersey.internal.Errors.process(Errors.java:315)
	at org.glassfish.jersey.internal.Errors.process(Errors.java:297)
	at org.glassfish.jersey.internal.Errors.process(Errors.java:267)
	at org.glassfish.jersey.process.internal.RequestScope.runInScope(RequestScope.java:317)
	at org.glassfish.jersey.server.ServerRuntime.process(ServerRuntime.java:288)
	at org.glassfish.jersey.server.ApplicationHandler.handle(ApplicationHandler.java:1110)
	at org.glassfish.jersey.servlet.WebComponent.service(WebComponent.java:401)
	at org.glassfish.jersey.servlet.ServletContainer.service(ServletContainer.java:386)
	at org.glassfish.jersey.servlet.ServletContainer.service(ServletContainer.java:335)
	at org.glassfish.jersey.servlet.ServletContainer.service(ServletContainer.java:222)
	at org.apache.catalina.core.ApplicationFilterChain.internalDoFilter(ApplicationFilterChain.java:231)
	at org.apache.catalina.core.ApplicationFilterChain.doFilter(ApplicationFilterChain.java:166)
	at org.apache.tomcat.websocket.server.WsFilter.doFilter(WsFilter.java:52)
	at org.apache.catalina.core.ApplicationFilterChain.internalDoFilter(ApplicationFilterChain.java:193)
	at org.apache.catalina.core.ApplicationFilterChain.doFilter(ApplicationFilterChain.java:166)
	at org.apache.catalina.core.StandardWrapperValve.invoke(StandardWrapperValve.java:198)
	at org.apache.catalina.core.StandardContextValve.invoke(StandardContextValve.java:96)
	at org.apache.catalina.authenticator.AuthenticatorBase.invoke(AuthenticatorBase.java:478)
	at org.apache.catalina.core.StandardHostValve.invoke(StandardHostValve.java:140)
	at org.apache.catalina.valves.ErrorReportValve.invoke(ErrorReportValve.java:80)
	at org.apache.catalina.valves.AbstractAccessLogValve.invoke(AbstractAccessLogValve.java:624)
	at org.apache.catalina.core.StandardEngineValve.invoke(StandardEngineValve.java:87)
	at org.apache.catalina.connector.CoyoteAdapter.service(CoyoteAdapter.java:342)
	at org.apache.coyote.http11.Http11Processor.service(Http11Processor.java:799)
	at org.apache.coyote.AbstractProcessorLight.process(AbstractProcessorLight.java:66)
	at org.apache.coyote.AbstractProtocol$ConnectionHandler.process(AbstractProtocol.java:861)
	at org.apache.tomcat.util.net.NioEndpoint$SocketProcessor.doRun(NioEndpoint.java:1455)
	at org.apache.tomcat.util.net.SocketProcessorBase.run(SocketProcessorBase.java:49)
	at java.util.concurrent.ThreadPoolExecutor.runWorker(ThreadPoolExecutor.java:1142)
	at java.util.concurrent.ThreadPoolExecutor$Worker.run(ThreadPoolExecutor.java:617)
	at org.apache.tomcat.util.threads.TaskThread$WrappingRunnable.run(TaskThread.java:61)
	at java.lang.Thread.run(Thread.java:748)

17-Mar-2018 13:05:56.634 INFO [http-nio-8080-exec-22] org.apache.catalina.core.StandardContext.reload Reloading Context with name [/DBT2] has started
17-Mar-2018 13:05:57.859 INFO [http-nio-8080-exec-22] org.apache.tomcat.dbcp.dbcp2.BasicDataSourceFactory.getObjectInstance Name = DBTPortal Ignoring unknown property: value of "DB Connection" for "description" property
17-Mar-2018 13:05:57.879 INFO [http-nio-8080-exec-22] org.apache.jasper.servlet.TldScanner.scanJars At least one JAR was scanned for TLDs yet contained no TLDs. Enable debug logging for this logger for a complete list of JARs that were scanned but no TLDs were found in them. Skipping unneeded JARs during scanning can improve startup time and JSP compilation time.
17-Mar-2018 13:05:58.772 INFO [http-nio-8080-exec-22] org.apache.catalina.core.StandardContext.reload Reloading Context with name [/DBT2] is completed
17-Mar-2018 13:06:02.352 INFO [http-nio-8080-exec-32] org.apache.catalina.core.StandardContext.reload Reloading Context with name [/DBT2] has started
17-Mar-2018 13:06:03.096 INFO [http-nio-8080-exec-32] org.apache.tomcat.dbcp.dbcp2.BasicDataSourceFactory.getObjectInstance Name = DBTPortal Ignoring unknown property: value of "DB Connection" for "description" property
17-Mar-2018 13:06:03.111 INFO [http-nio-8080-exec-32] org.apache.jasper.servlet.TldScanner.scanJars At least one JAR was scanned for TLDs yet contained no TLDs. Enable debug logging for this logger for a complete list of JARs that were scanned but no TLDs were found in them. Skipping unneeded JARs during scanning can improve startup time and JSP compilation time.
17-Mar-2018 13:06:04.295 INFO [http-nio-8080-exec-32] org.apache.catalina.core.StandardContext.reload Reloading Context with name [/DBT2] is completed
17-Mar-2018 13:06:15.610 INFO [http-nio-8080-exec-34] org.apache.catalina.core.StandardContext.reload Reloading Context with name [/DBT2] has started
17-Mar-2018 13:06:16.407 INFO [http-nio-8080-exec-34] org.apache.tomcat.dbcp.dbcp2.BasicDataSourceFactory.getObjectInstance Name = DBTPortal Ignoring unknown property: value of "DB Connection" for "description" property
17-Mar-2018 13:06:16.609 INFO [http-nio-8080-exec-34] org.apache.jasper.servlet.TldScanner.scanJars At least one JAR was scanned for TLDs yet contained no TLDs. Enable debug logging for this logger for a complete list of JARs that were scanned but no TLDs were found in them. Skipping unneeded JARs during scanning can improve startup time and JSP compilation time.
17-Mar-2018 13:06:17.519 INFO [http-nio-8080-exec-34] org.apache.catalina.core.StandardContext.reload Reloading Context with name [/DBT2] is completed
17-Mar-2018 13:06:19.887 INFO [http-nio-8080-exec-36] org.apache.catalina.core.StandardContext.reload Reloading Context with name [/DBT2] has started
17-Mar-2018 13:06:21.191 INFO [http-nio-8080-exec-36] org.apache.tomcat.dbcp.dbcp2.BasicDataSourceFactory.getObjectInstance Name = DBTPortal Ignoring unknown property: value of "DB Connection" for "description" property
17-Mar-2018 13:06:21.215 INFO [http-nio-8080-exec-36] org.apache.jasper.servlet.TldScanner.scanJars At least one JAR was scanned for TLDs yet contained no TLDs. Enable debug logging for this logger for a complete list of JARs that were scanned but no TLDs were found in them. Skipping unneeded JARs during scanning can improve startup time and JSP compilation time.
17-Mar-2018 13:06:22.663 INFO [http-nio-8080-exec-36] org.apache.catalina.core.StandardContext.reload Reloading Context with name [/DBT2] is completed
17-Mar-2018 13:06:27.692 INFO [http-nio-8080-exec-24] org.apache.catalina.core.StandardContext.reload Reloading Context with name [/DBT2] has started
17-Mar-2018 13:06:28.541 INFO [http-nio-8080-exec-24] org.apache.tomcat.dbcp.dbcp2.BasicDataSourceFactory.getObjectInstance Name = DBTPortal Ignoring unknown property: value of "DB Connection" for "description" property
17-Mar-2018 13:06:28.556 INFO [http-nio-8080-exec-24] org.apache.jasper.servlet.TldScanner.scanJars At least one JAR was scanned for TLDs yet contained no TLDs. Enable debug logging for this logger for a complete list of JARs that were scanned but no TLDs were found in them. Skipping unneeded JARs during scanning can improve startup time and JSP compilation time.
17-Mar-2018 13:06:29.261 INFO [http-nio-8080-exec-24] org.apache.catalina.core.StandardContext.reload Reloading Context with name [/DBT2] is completed
17-Mar-2018 13:06:46.301 INFO [http-nio-8080-exec-25] org.apache.catalina.core.StandardContext.reload Reloading Context with name [/DBT2] has started
17-Mar-2018 13:06:47.344 INFO [http-nio-8080-exec-25] org.apache.tomcat.dbcp.dbcp2.BasicDataSourceFactory.getObjectInstance Name = DBTPortal Ignoring unknown property: value of "DB Connection" for "description" property
17-Mar-2018 13:06:47.357 INFO [http-nio-8080-exec-25] org.apache.jasper.servlet.TldScanner.scanJars At least one JAR was scanned for TLDs yet contained no TLDs. Enable debug logging for this logger for a complete list of JARs that were scanned but no TLDs were found in them. Skipping unneeded JARs during scanning can improve startup time and JSP compilation time.
17-Mar-2018 13:06:48.040 INFO [http-nio-8080-exec-25] org.apache.catalina.core.StandardContext.reload Reloading Context with name [/DBT2] is completed
17-Mar-2018 13:06:48.073 INFO [http-nio-8080-exec-35] org.apache.catalina.core.StandardContext.reload Reloading Context with name [/DBT2] has started
17-Mar-2018 13:06:48.811 INFO [http-nio-8080-exec-35] org.apache.tomcat.dbcp.dbcp2.BasicDataSourceFactory.getObjectInstance Name = DBTPortal Ignoring unknown property: value of "DB Connection" for "description" property
17-Mar-2018 13:06:48.822 INFO [http-nio-8080-exec-35] org.apache.jasper.servlet.TldScanner.scanJars At least one JAR was scanned for TLDs yet contained no TLDs. Enable debug logging for this logger for a complete list of JARs that were scanned but no TLDs were found in them. Skipping unneeded JARs during scanning can improve startup time and JSP compilation time.
17-Mar-2018 13:06:49.814 INFO [http-nio-8080-exec-35] org.apache.catalina.core.StandardContext.reload Reloading Context with name [/DBT2] is completed
17-Mar-2018 13:06:58.643 INFO [http-nio-8080-exec-30] org.apache.catalina.core.StandardContext.reload Reloading Context with name [/DBT2] has started
17-Mar-2018 13:06:59.427 INFO [http-nio-8080-exec-30] org.apache.tomcat.dbcp.dbcp2.BasicDataSourceFactory.getObjectInstance Name = DBTPortal Ignoring unknown property: value of "DB Connection" for "description" property
17-Mar-2018 13:06:59.446 INFO [http-nio-8080-exec-30] org.apache.jasper.servlet.TldScanner.scanJars At least one JAR was scanned for TLDs yet contained no TLDs. Enable debug logging for this logger for a complete list of JARs that were scanned but no TLDs were found in them. Skipping unneeded JARs during scanning can improve startup time and JSP compilation time.
17-Mar-2018 13:06:59.908 INFO [http-nio-8080-exec-30] org.apache.catalina.core.StandardContext.reload Reloading Context with name [/DBT2] is completed
17-Mar-2018 13:07:08.248 INFO [http-nio-8080-exec-33] org.apache.catalina.core.StandardContext.reload Reloading Context with name [/DBT2] has started
17-Mar-2018 13:07:09.046 INFO [http-nio-8080-exec-33] org.apache.tomcat.dbcp.dbcp2.BasicDataSourceFactory.getObjectInstance Name = DBTPortal Ignoring unknown property: value of "DB Connection" for "description" property
17-Mar-2018 13:07:09.061 INFO [http-nio-8080-exec-33] org.apache.jasper.servlet.TldScanner.scanJars At least one JAR was scanned for TLDs yet contained no TLDs. Enable debug logging for this logger for a complete list of JARs that were scanned but no TLDs were found in them. Skipping unneeded JARs during scanning can improve startup time and JSP compilation time.
17-Mar-2018 13:07:10.172 INFO [http-nio-8080-exec-33] org.apache.catalina.core.StandardContext.reload Reloading Context with name [/DBT2] is completed
17-Mar-2018 13:07:10.219 INFO [http-nio-8080-exec-36] org.apache.catalina.core.StandardContext.reload Reloading Context with name [/DBT2] has started
17-Mar-2018 13:07:10.911 INFO [http-nio-8080-exec-36] org.apache.tomcat.dbcp.dbcp2.BasicDataSourceFactory.getObjectInstance Name = DBTPortal Ignoring unknown property: value of "DB Connection" for "description" property
17-Mar-2018 13:07:10.922 INFO [http-nio-8080-exec-36] org.apache.jasper.servlet.TldScanner.scanJars At least one JAR was scanned for TLDs yet contained no TLDs. Enable debug logging for this logger for a complete list of JARs that were scanned but no TLDs were found in them. Skipping unneeded JARs during scanning can improve startup time and JSP compilation time.
17-Mar-2018 13:07:11.911 INFO [http-nio-8080-exec-36] org.apache.catalina.core.StandardContext.reload Reloading Context with name [/DBT2] is completed
17-Mar-2018 13:07:19.431 INFO [http-nio-8080-exec-47] org.apache.catalina.startup.HostConfig.undeploy Undeploying context [/DBT2]
17-Mar-2018 13:07:24.814 INFO [http-nio-8080-exec-43] org.apache.catalina.startup.HostConfig.deployDescriptor Deploying configuration descriptor [D:\Server\apache-tomcat-8.5.15\conf\Catalina\localhost\DBT2.xml]
17-Mar-2018 13:07:25.584 INFO [http-nio-8080-exec-43] org.apache.tomcat.dbcp.dbcp2.BasicDataSourceFactory.getObjectInstance Name = DBTPortal Ignoring unknown property: value of "DB Connection" for "description" property
17-Mar-2018 13:07:25.594 INFO [http-nio-8080-exec-43] org.apache.jasper.servlet.TldScanner.scanJars At least one JAR was scanned for TLDs yet contained no TLDs. Enable debug logging for this logger for a complete list of JARs that were scanned but no TLDs were found in them. Skipping unneeded JARs during scanning can improve startup time and JSP compilation time.
17-Mar-2018 13:07:26.207 INFO [http-nio-8080-exec-43] org.apache.catalina.startup.HostConfig.deployDescriptor Deployment of configuration descriptor [D:\Server\apache-tomcat-8.5.15\conf\Catalina\localhost\DBT2.xml] has finished in [1,393] ms
17-Mar-2018 13:07:26.211 INFO [http-nio-8080-exec-48] org.apache.catalina.util.LifecycleBase.start The start() method was called on component [StandardEngine[Catalina].StandardHost[localhost].StandardContext[/DBT2]] after start() had already been called. The second call will be ignored.
17-Mar-2018 13:09:56.170 SEVERE [http-nio-8080-exec-51] comm.Innowave.service.UserModuleService.loginModuleService null
 com.fasterxml.jackson.databind.JsonMappingException: Can not deserialize instance of java.lang.String out of START_OBJECT token
 at [Source: {"successFlag":"Y","data":{"userDbId":1},"errorsDetails":null}; line: 1, column: 19] (through reference chain: comm.Innowave.entity.LoginInputEntity["data"])
	at com.fasterxml.jackson.databind.JsonMappingException.from(JsonMappingException.java:148)
	at com.fasterxml.jackson.databind.DeserializationContext.mappingException(DeserializationContext.java:835)
	at com.fasterxml.jackson.databind.deser.std.StringDeserializer.deserialize(StringDeserializer.java:59)
	at com.fasterxml.jackson.databind.deser.std.StringDeserializer.deserialize(StringDeserializer.java:12)
	at com.fasterxml.jackson.databind.deser.SettableBeanProperty.deserialize(SettableBeanProperty.java:523)
	at com.fasterxml.jackson.databind.deser.impl.MethodProperty.deserializeAndSet(MethodProperty.java:95)
	at com.fasterxml.jackson.databind.deser.impl.BeanPropertyMap.findDeserializeAndSet(BeanPropertyMap.java:285)
	at com.fasterxml.jackson.databind.deser.BeanDeserializer.vanillaDeserialize(BeanDeserializer.java:248)
	at com.fasterxml.jackson.databind.deser.BeanDeserializer.deserialize(BeanDeserializer.java:136)
	at com.fasterxml.jackson.databind.ObjectMapper._readMapAndClose(ObjectMapper.java:3562)
	at com.fasterxml.jackson.databind.ObjectMapper.readValue(ObjectMapper.java:2578)
	at comm.Innowave.service.UserModuleService.loginModuleService(UserModuleService.java:54)
	at comm.Innowave.rest.UserModule.loginUser(UserModule.java:45)
	at sun.reflect.NativeMethodAccessorImpl.invoke0(Native Method)
	at sun.reflect.NativeMethodAccessorImpl.invoke(NativeMethodAccessorImpl.java:62)
	at sun.reflect.DelegatingMethodAccessorImpl.invoke(DelegatingMethodAccessorImpl.java:43)
	at java.lang.reflect.Method.invoke(Method.java:498)
	at org.glassfish.jersey.server.model.internal.ResourceMethodInvocationHandlerFactory$1.invoke(ResourceMethodInvocationHandlerFactory.java:81)
	at org.glassfish.jersey.server.model.internal.AbstractJavaResourceMethodDispatcher$1.run(AbstractJavaResourceMethodDispatcher.java:164)
	at org.glassfish.jersey.server.model.internal.AbstractJavaResourceMethodDispatcher.invoke(AbstractJavaResourceMethodDispatcher.java:181)
	at org.glassfish.jersey.server.model.internal.JavaResourceMethodDispatcherProvider$TypeOutInvoker.doDispatch(JavaResourceMethodDispatcherProvider.java:203)
	at org.glassfish.jersey.server.model.internal.AbstractJavaResourceMethodDispatcher.dispatch(AbstractJavaResourceMethodDispatcher.java:101)
	at org.glassfish.jersey.server.model.ResourceMethodInvoker.invoke(ResourceMethodInvoker.java:389)
	at org.glassfish.jersey.server.model.ResourceMethodInvoker.apply(ResourceMethodInvoker.java:347)
	at org.glassfish.jersey.server.model.ResourceMethodInvoker.apply(ResourceMethodInvoker.java:102)
	at org.glassfish.jersey.server.ServerRuntime$2.run(ServerRuntime.java:305)
	at org.glassfish.jersey.internal.Errors$1.call(Errors.java:271)
	at org.glassfish.jersey.internal.Errors$1.call(Errors.java:267)
	at org.glassfish.jersey.internal.Errors.process(Errors.java:315)
	at org.glassfish.jersey.internal.Errors.process(Errors.java:297)
	at org.glassfish.jersey.internal.Errors.process(Errors.java:267)
	at org.glassfish.jersey.process.internal.RequestScope.runInScope(RequestScope.java:317)
	at org.glassfish.jersey.server.ServerRuntime.process(ServerRuntime.java:288)
	at org.glassfish.jersey.server.ApplicationHandler.handle(ApplicationHandler.java:1110)
	at org.glassfish.jersey.servlet.WebComponent.service(WebComponent.java:401)
	at org.glassfish.jersey.servlet.ServletContainer.service(ServletContainer.java:386)
	at org.glassfish.jersey.servlet.ServletContainer.service(ServletContainer.java:335)
	at org.glassfish.jersey.servlet.ServletContainer.service(ServletContainer.java:222)
	at org.apache.catalina.core.ApplicationFilterChain.internalDoFilter(ApplicationFilterChain.java:231)
	at org.apache.catalina.core.ApplicationFilterChain.doFilter(ApplicationFilterChain.java:166)
	at org.apache.tomcat.websocket.server.WsFilter.doFilter(WsFilter.java:52)
	at org.apache.catalina.core.ApplicationFilterChain.internalDoFilter(ApplicationFilterChain.java:193)
	at org.apache.catalina.core.ApplicationFilterChain.doFilter(ApplicationFilterChain.java:166)
	at org.apache.catalina.core.StandardWrapperValve.invoke(StandardWrapperValve.java:198)
	at org.apache.catalina.core.StandardContextValve.invoke(StandardContextValve.java:96)
	at org.apache.catalina.authenticator.AuthenticatorBase.invoke(AuthenticatorBase.java:478)
	at org.apache.catalina.core.StandardHostValve.invoke(StandardHostValve.java:140)
	at org.apache.catalina.valves.ErrorReportValve.invoke(ErrorReportValve.java:80)
	at org.apache.catalina.valves.AbstractAccessLogValve.invoke(AbstractAccessLogValve.java:624)
	at org.apache.catalina.core.StandardEngineValve.invoke(StandardEngineValve.java:87)
	at org.apache.catalina.connector.CoyoteAdapter.service(CoyoteAdapter.java:342)
	at org.apache.coyote.http11.Http11Processor.service(Http11Processor.java:799)
	at org.apache.coyote.AbstractProcessorLight.process(AbstractProcessorLight.java:66)
	at org.apache.coyote.AbstractProtocol$ConnectionHandler.process(AbstractProtocol.java:861)
	at org.apache.tomcat.util.net.NioEndpoint$SocketProcessor.doRun(NioEndpoint.java:1455)
	at org.apache.tomcat.util.net.SocketProcessorBase.run(SocketProcessorBase.java:49)
	at java.util.concurrent.ThreadPoolExecutor.runWorker(ThreadPoolExecutor.java:1142)
	at java.util.concurrent.ThreadPoolExecutor$Worker.run(ThreadPoolExecutor.java:617)
	at org.apache.tomcat.util.threads.TaskThread$WrappingRunnable.run(TaskThread.java:61)
	at java.lang.Thread.run(Thread.java:748)

17-Mar-2018 13:11:50.560 INFO [http-nio-8080-exec-54] org.apache.catalina.core.StandardContext.reload Reloading Context with name [/DBT2] has started
17-Mar-2018 13:11:51.713 INFO [http-nio-8080-exec-54] org.apache.tomcat.dbcp.dbcp2.BasicDataSourceFactory.getObjectInstance Name = DBTPortal Ignoring unknown property: value of "DB Connection" for "description" property
17-Mar-2018 13:11:51.777 INFO [http-nio-8080-exec-54] org.apache.jasper.servlet.TldScanner.scanJars At least one JAR was scanned for TLDs yet contained no TLDs. Enable debug logging for this logger for a complete list of JARs that were scanned but no TLDs were found in them. Skipping unneeded JARs during scanning can improve startup time and JSP compilation time.
17-Mar-2018 13:11:52.935 INFO [http-nio-8080-exec-54] org.apache.catalina.core.StandardContext.reload Reloading Context with name [/DBT2] is completed
17-Mar-2018 13:11:52.960 INFO [http-nio-8080-exec-23] org.apache.catalina.core.StandardContext.reload Reloading Context with name [/DBT2] has started
17-Mar-2018 13:11:53.836 INFO [http-nio-8080-exec-23] org.apache.tomcat.dbcp.dbcp2.BasicDataSourceFactory.getObjectInstance Name = DBTPortal Ignoring unknown property: value of "DB Connection" for "description" property
17-Mar-2018 13:11:53.875 INFO [http-nio-8080-exec-23] org.apache.jasper.servlet.TldScanner.scanJars At least one JAR was scanned for TLDs yet contained no TLDs. Enable debug logging for this logger for a complete list of JARs that were scanned but no TLDs were found in them. Skipping unneeded JARs during scanning can improve startup time and JSP compilation time.
17-Mar-2018 13:11:54.603 INFO [http-nio-8080-exec-23] org.apache.catalina.core.StandardContext.reload Reloading Context with name [/DBT2] is completed
17-Mar-2018 13:12:22.348 INFO [http-nio-8080-exec-49] org.apache.catalina.core.StandardContext.reload Reloading Context with name [/DBT2] has started
17-Mar-2018 13:12:23.130 INFO [http-nio-8080-exec-49] org.apache.tomcat.dbcp.dbcp2.BasicDataSourceFactory.getObjectInstance Name = DBTPortal Ignoring unknown property: value of "DB Connection" for "description" property
17-Mar-2018 13:12:23.144 INFO [http-nio-8080-exec-49] org.apache.jasper.servlet.TldScanner.scanJars At least one JAR was scanned for TLDs yet contained no TLDs. Enable debug logging for this logger for a complete list of JARs that were scanned but no TLDs were found in them. Skipping unneeded JARs during scanning can improve startup time and JSP compilation time.
17-Mar-2018 13:12:23.978 INFO [http-nio-8080-exec-49] org.apache.catalina.core.StandardContext.reload Reloading Context with name [/DBT2] is completed
17-Mar-2018 13:12:24.005 INFO [http-nio-8080-exec-56] org.apache.catalina.core.StandardContext.reload Reloading Context with name [/DBT2] has started
17-Mar-2018 13:12:24.664 INFO [http-nio-8080-exec-56] org.apache.tomcat.dbcp.dbcp2.BasicDataSourceFactory.getObjectInstance Name = DBTPortal Ignoring unknown property: value of "DB Connection" for "description" property
17-Mar-2018 13:12:24.680 INFO [http-nio-8080-exec-56] org.apache.jasper.servlet.TldScanner.scanJars At least one JAR was scanned for TLDs yet contained no TLDs. Enable debug logging for this logger for a complete list of JARs that were scanned but no TLDs were found in them. Skipping unneeded JARs during scanning can improve startup time and JSP compilation time.
17-Mar-2018 13:12:25.512 INFO [http-nio-8080-exec-56] org.apache.catalina.core.StandardContext.reload Reloading Context with name [/DBT2] is completed
17-Mar-2018 13:12:26.065 INFO [http-nio-8080-exec-55] org.apache.catalina.startup.HostConfig.undeploy Undeploying context [/DBT2]
17-Mar-2018 13:12:30.137 INFO [http-nio-8080-exec-61] org.apache.catalina.startup.HostConfig.deployDescriptor Deploying configuration descriptor [D:\Server\apache-tomcat-8.5.15\conf\Catalina\localhost\DBT2.xml]
17-Mar-2018 13:12:30.845 INFO [http-nio-8080-exec-61] org.apache.tomcat.dbcp.dbcp2.BasicDataSourceFactory.getObjectInstance Name = DBTPortal Ignoring unknown property: value of "DB Connection" for "description" property
17-Mar-2018 13:12:30.857 INFO [http-nio-8080-exec-61] org.apache.jasper.servlet.TldScanner.scanJars At least one JAR was scanned for TLDs yet contained no TLDs. Enable debug logging for this logger for a complete list of JARs that were scanned but no TLDs were found in them. Skipping unneeded JARs during scanning can improve startup time and JSP compilation time.
17-Mar-2018 13:12:31.483 INFO [http-nio-8080-exec-61] org.apache.catalina.startup.HostConfig.deployDescriptor Deployment of configuration descriptor [D:\Server\apache-tomcat-8.5.15\conf\Catalina\localhost\DBT2.xml] has finished in [1,346] ms
17-Mar-2018 13:12:31.487 INFO [http-nio-8080-exec-55] org.apache.catalina.util.LifecycleBase.start The start() method was called on component [StandardEngine[Catalina].StandardHost[localhost].StandardContext[/DBT2]] after start() had already been called. The second call will be ignored.
17-Mar-2018 13:12:37.498 SEVERE [http-nio-8080-exec-59] comm.Innowave.service.UserModuleService.loginModuleService null
 com.fasterxml.jackson.databind.JsonMappingException: Can not deserialize instance of java.lang.String out of START_OBJECT token
 at [Source: {"successFlag":"Y","data":{"userDbId":1},"errorsDetails":null}; line: 1, column: 19] (through reference chain: comm.Innowave.entity.LoginInputEntity["data"])
	at com.fasterxml.jackson.databind.JsonMappingException.from(JsonMappingException.java:148)
	at com.fasterxml.jackson.databind.DeserializationContext.mappingException(DeserializationContext.java:835)
	at com.fasterxml.jackson.databind.deser.std.StringDeserializer.deserialize(StringDeserializer.java:59)
	at com.fasterxml.jackson.databind.deser.std.StringDeserializer.deserialize(StringDeserializer.java:12)
	at com.fasterxml.jackson.databind.deser.SettableBeanProperty.deserialize(SettableBeanProperty.java:523)
	at com.fasterxml.jackson.databind.deser.impl.MethodProperty.deserializeAndSet(MethodProperty.java:95)
	at com.fasterxml.jackson.databind.deser.impl.BeanPropertyMap.findDeserializeAndSet(BeanPropertyMap.java:285)
	at com.fasterxml.jackson.databind.deser.BeanDeserializer.vanillaDeserialize(BeanDeserializer.java:248)
	at com.fasterxml.jackson.databind.deser.BeanDeserializer.deserialize(BeanDeserializer.java:136)
	at com.fasterxml.jackson.databind.ObjectMapper._readMapAndClose(ObjectMapper.java:3562)
	at com.fasterxml.jackson.databind.ObjectMapper.readValue(ObjectMapper.java:2578)
	at comm.Innowave.service.UserModuleService.loginModuleService(UserModuleService.java:54)
	at comm.Innowave.rest.UserModule.loginUser(UserModule.java:45)
	at sun.reflect.NativeMethodAccessorImpl.invoke0(Native Method)
	at sun.reflect.NativeMethodAccessorImpl.invoke(NativeMethodAccessorImpl.java:62)
	at sun.reflect.DelegatingMethodAccessorImpl.invoke(DelegatingMethodAccessorImpl.java:43)
	at java.lang.reflect.Method.invoke(Method.java:498)
	at org.glassfish.jersey.server.model.internal.ResourceMethodInvocationHandlerFactory$1.invoke(ResourceMethodInvocationHandlerFactory.java:81)
	at org.glassfish.jersey.server.model.internal.AbstractJavaResourceMethodDispatcher$1.run(AbstractJavaResourceMethodDispatcher.java:164)
	at org.glassfish.jersey.server.model.internal.AbstractJavaResourceMethodDispatcher.invoke(AbstractJavaResourceMethodDispatcher.java:181)
	at org.glassfish.jersey.server.model.internal.JavaResourceMethodDispatcherProvider$TypeOutInvoker.doDispatch(JavaResourceMethodDispatcherProvider.java:203)
	at org.glassfish.jersey.server.model.internal.AbstractJavaResourceMethodDispatcher.dispatch(AbstractJavaResourceMethodDispatcher.java:101)
	at org.glassfish.jersey.server.model.ResourceMethodInvoker.invoke(ResourceMethodInvoker.java:389)
	at org.glassfish.jersey.server.model.ResourceMethodInvoker.apply(ResourceMethodInvoker.java:347)
	at org.glassfish.jersey.server.model.ResourceMethodInvoker.apply(ResourceMethodInvoker.java:102)
	at org.glassfish.jersey.server.ServerRuntime$2.run(ServerRuntime.java:305)
	at org.glassfish.jersey.internal.Errors$1.call(Errors.java:271)
	at org.glassfish.jersey.internal.Errors$1.call(Errors.java:267)
	at org.glassfish.jersey.internal.Errors.process(Errors.java:315)
	at org.glassfish.jersey.internal.Errors.process(Errors.java:297)
	at org.glassfish.jersey.internal.Errors.process(Errors.java:267)
	at org.glassfish.jersey.process.internal.RequestScope.runInScope(RequestScope.java:317)
	at org.glassfish.jersey.server.ServerRuntime.process(ServerRuntime.java:288)
	at org.glassfish.jersey.server.ApplicationHandler.handle(ApplicationHandler.java:1110)
	at org.glassfish.jersey.servlet.WebComponent.service(WebComponent.java:401)
	at org.glassfish.jersey.servlet.ServletContainer.service(ServletContainer.java:386)
	at org.glassfish.jersey.servlet.ServletContainer.service(ServletContainer.java:335)
	at org.glassfish.jersey.servlet.ServletContainer.service(ServletContainer.java:222)
	at org.apache.catalina.core.ApplicationFilterChain.internalDoFilter(ApplicationFilterChain.java:231)
	at org.apache.catalina.core.ApplicationFilterChain.doFilter(ApplicationFilterChain.java:166)
	at org.apache.tomcat.websocket.server.WsFilter.doFilter(WsFilter.java:52)
	at org.apache.catalina.core.ApplicationFilterChain.internalDoFilter(ApplicationFilterChain.java:193)
	at org.apache.catalina.core.ApplicationFilterChain.doFilter(ApplicationFilterChain.java:166)
	at org.apache.catalina.core.StandardWrapperValve.invoke(StandardWrapperValve.java:198)
	at org.apache.catalina.core.StandardContextValve.invoke(StandardContextValve.java:96)
	at org.apache.catalina.authenticator.AuthenticatorBase.invoke(AuthenticatorBase.java:478)
	at org.apache.catalina.core.StandardHostValve.invoke(StandardHostValve.java:140)
	at org.apache.catalina.valves.ErrorReportValve.invoke(ErrorReportValve.java:80)
	at org.apache.catalina.valves.AbstractAccessLogValve.invoke(AbstractAccessLogValve.java:624)
	at org.apache.catalina.core.StandardEngineValve.invoke(StandardEngineValve.java:87)
	at org.apache.catalina.connector.CoyoteAdapter.service(CoyoteAdapter.java:342)
	at org.apache.coyote.http11.Http11Processor.service(Http11Processor.java:799)
	at org.apache.coyote.AbstractProcessorLight.process(AbstractProcessorLight.java:66)
	at org.apache.coyote.AbstractProtocol$ConnectionHandler.process(AbstractProtocol.java:861)
	at org.apache.tomcat.util.net.NioEndpoint$SocketProcessor.doRun(NioEndpoint.java:1455)
	at org.apache.tomcat.util.net.SocketProcessorBase.run(SocketProcessorBase.java:49)
	at java.util.concurrent.ThreadPoolExecutor.runWorker(ThreadPoolExecutor.java:1142)
	at java.util.concurrent.ThreadPoolExecutor$Worker.run(ThreadPoolExecutor.java:617)
	at org.apache.tomcat.util.threads.TaskThread$WrappingRunnable.run(TaskThread.java:61)
	at java.lang.Thread.run(Thread.java:748)

17-Mar-2018 13:13:14.951 INFO [http-nio-8080-exec-64] org.apache.catalina.core.StandardContext.reload Reloading Context with name [/DBT2] has started
17-Mar-2018 13:13:15.717 INFO [http-nio-8080-exec-64] org.apache.tomcat.dbcp.dbcp2.BasicDataSourceFactory.getObjectInstance Name = DBTPortal Ignoring unknown property: value of "DB Connection" for "description" property
17-Mar-2018 13:13:15.733 INFO [http-nio-8080-exec-64] org.apache.jasper.servlet.TldScanner.scanJars At least one JAR was scanned for TLDs yet contained no TLDs. Enable debug logging for this logger for a complete list of JARs that were scanned but no TLDs were found in them. Skipping unneeded JARs during scanning can improve startup time and JSP compilation time.
17-Mar-2018 13:13:16.414 INFO [http-nio-8080-exec-64] org.apache.catalina.core.StandardContext.reload Reloading Context with name [/DBT2] is completed
17-Mar-2018 13:13:24.531 INFO [http-nio-8080-exec-68] org.apache.catalina.core.StandardContext.reload Reloading Context with name [/DBT2] has started
17-Mar-2018 13:13:25.280 INFO [http-nio-8080-exec-68] org.apache.tomcat.dbcp.dbcp2.BasicDataSourceFactory.getObjectInstance Name = DBTPortal Ignoring unknown property: value of "DB Connection" for "description" property
17-Mar-2018 13:13:25.302 INFO [http-nio-8080-exec-68] org.apache.jasper.servlet.TldScanner.scanJars At least one JAR was scanned for TLDs yet contained no TLDs. Enable debug logging for this logger for a complete list of JARs that were scanned but no TLDs were found in them. Skipping unneeded JARs during scanning can improve startup time and JSP compilation time.
17-Mar-2018 13:13:26.298 INFO [http-nio-8080-exec-68] org.apache.catalina.core.StandardContext.reload Reloading Context with name [/DBT2] is completed
17-Mar-2018 13:13:38.954 SEVERE [http-nio-8080-exec-67] comm.Innowave.service.UserModuleService.loginModuleService null
 com.fasterxml.jackson.databind.JsonMappingException: Can not deserialize instance of java.lang.String out of START_OBJECT token
 at [Source: {"successFlag":"Y","data":{"userDbId":1},"errorsDetails":null}; line: 1, column: 19] (through reference chain: comm.Innowave.entity.LoginInputEntity["data"])
	at com.fasterxml.jackson.databind.JsonMappingException.from(JsonMappingException.java:148)
	at com.fasterxml.jackson.databind.DeserializationContext.mappingException(DeserializationContext.java:835)
	at com.fasterxml.jackson.databind.deser.std.StringDeserializer.deserialize(StringDeserializer.java:59)
	at com.fasterxml.jackson.databind.deser.std.StringDeserializer.deserialize(StringDeserializer.java:12)
	at com.fasterxml.jackson.databind.deser.SettableBeanProperty.deserialize(SettableBeanProperty.java:523)
	at com.fasterxml.jackson.databind.deser.impl.MethodProperty.deserializeAndSet(MethodProperty.java:95)
	at com.fasterxml.jackson.databind.deser.impl.BeanPropertyMap.findDeserializeAndSet(BeanPropertyMap.java:285)
	at com.fasterxml.jackson.databind.deser.BeanDeserializer.vanillaDeserialize(BeanDeserializer.java:248)
	at com.fasterxml.jackson.databind.deser.BeanDeserializer.deserialize(BeanDeserializer.java:136)
	at com.fasterxml.jackson.databind.ObjectMapper._readMapAndClose(ObjectMapper.java:3562)
	at com.fasterxml.jackson.databind.ObjectMapper.readValue(ObjectMapper.java:2578)
	at comm.Innowave.service.UserModuleService.loginModuleService(UserModuleService.java:54)
	at comm.Innowave.rest.UserModule.loginUser(UserModule.java:45)
	at sun.reflect.NativeMethodAccessorImpl.invoke0(Native Method)
	at sun.reflect.NativeMethodAccessorImpl.invoke(NativeMethodAccessorImpl.java:62)
	at sun.reflect.DelegatingMethodAccessorImpl.invoke(DelegatingMethodAccessorImpl.java:43)
	at java.lang.reflect.Method.invoke(Method.java:498)
	at org.glassfish.jersey.server.model.internal.ResourceMethodInvocationHandlerFactory$1.invoke(ResourceMethodInvocationHandlerFactory.java:81)
	at org.glassfish.jersey.server.model.internal.AbstractJavaResourceMethodDispatcher$1.run(AbstractJavaResourceMethodDispatcher.java:164)
	at org.glassfish.jersey.server.model.internal.AbstractJavaResourceMethodDispatcher.invoke(AbstractJavaResourceMethodDispatcher.java:181)
	at org.glassfish.jersey.server.model.internal.JavaResourceMethodDispatcherProvider$TypeOutInvoker.doDispatch(JavaResourceMethodDispatcherProvider.java:203)
	at org.glassfish.jersey.server.model.internal.AbstractJavaResourceMethodDispatcher.dispatch(AbstractJavaResourceMethodDispatcher.java:101)
	at org.glassfish.jersey.server.model.ResourceMethodInvoker.invoke(ResourceMethodInvoker.java:389)
	at org.glassfish.jersey.server.model.ResourceMethodInvoker.apply(ResourceMethodInvoker.java:347)
	at org.glassfish.jersey.server.model.ResourceMethodInvoker.apply(ResourceMethodInvoker.java:102)
	at org.glassfish.jersey.server.ServerRuntime$2.run(ServerRuntime.java:305)
	at org.glassfish.jersey.internal.Errors$1.call(Errors.java:271)
	at org.glassfish.jersey.internal.Errors$1.call(Errors.java:267)
	at org.glassfish.jersey.internal.Errors.process(Errors.java:315)
	at org.glassfish.jersey.internal.Errors.process(Errors.java:297)
	at org.glassfish.jersey.internal.Errors.process(Errors.java:267)
	at org.glassfish.jersey.process.internal.RequestScope.runInScope(RequestScope.java:317)
	at org.glassfish.jersey.server.ServerRuntime.process(ServerRuntime.java:288)
	at org.glassfish.jersey.server.ApplicationHandler.handle(ApplicationHandler.java:1110)
	at org.glassfish.jersey.servlet.WebComponent.service(WebComponent.java:401)
	at org.glassfish.jersey.servlet.ServletContainer.service(ServletContainer.java:386)
	at org.glassfish.jersey.servlet.ServletContainer.service(ServletContainer.java:335)
	at org.glassfish.jersey.servlet.ServletContainer.service(ServletContainer.java:222)
	at org.apache.catalina.core.ApplicationFilterChain.internalDoFilter(ApplicationFilterChain.java:231)
	at org.apache.catalina.core.ApplicationFilterChain.doFilter(ApplicationFilterChain.java:166)
	at org.apache.tomcat.websocket.server.WsFilter.doFilter(WsFilter.java:52)
	at org.apache.catalina.core.ApplicationFilterChain.internalDoFilter(ApplicationFilterChain.java:193)
	at org.apache.catalina.core.ApplicationFilterChain.doFilter(ApplicationFilterChain.java:166)
	at org.apache.catalina.core.StandardWrapperValve.invoke(StandardWrapperValve.java:198)
	at org.apache.catalina.core.StandardContextValve.invoke(StandardContextValve.java:96)
	at org.apache.catalina.authenticator.AuthenticatorBase.invoke(AuthenticatorBase.java:478)
	at org.apache.catalina.core.StandardHostValve.invoke(StandardHostValve.java:140)
	at org.apache.catalina.valves.ErrorReportValve.invoke(ErrorReportValve.java:80)
	at org.apache.catalina.valves.AbstractAccessLogValve.invoke(AbstractAccessLogValve.java:624)
	at org.apache.catalina.core.StandardEngineValve.invoke(StandardEngineValve.java:87)
	at org.apache.catalina.connector.CoyoteAdapter.service(CoyoteAdapter.java:342)
	at org.apache.coyote.http11.Http11Processor.service(Http11Processor.java:799)
	at org.apache.coyote.AbstractProcessorLight.process(AbstractProcessorLight.java:66)
	at org.apache.coyote.AbstractProtocol$ConnectionHandler.process(AbstractProtocol.java:861)
	at org.apache.tomcat.util.net.NioEndpoint$SocketProcessor.doRun(NioEndpoint.java:1455)
	at org.apache.tomcat.util.net.SocketProcessorBase.run(SocketProcessorBase.java:49)
	at java.util.concurrent.ThreadPoolExecutor.runWorker(ThreadPoolExecutor.java:1142)
	at java.util.concurrent.ThreadPoolExecutor$Worker.run(ThreadPoolExecutor.java:617)
	at org.apache.tomcat.util.threads.TaskThread$WrappingRunnable.run(TaskThread.java:61)
	at java.lang.Thread.run(Thread.java:748)

17-Mar-2018 13:13:55.224 SEVERE [http-nio-8080-exec-59] comm.Innowave.service.UserModuleService.loginModuleService null
 com.fasterxml.jackson.databind.JsonMappingException: Can not deserialize instance of java.lang.String out of START_OBJECT token
 at [Source: {"successFlag":"Y","data":{"userDbId":1},"errorsDetails":null}; line: 1, column: 19] (through reference chain: comm.Innowave.entity.LoginInputEntity["data"])
	at com.fasterxml.jackson.databind.JsonMappingException.from(JsonMappingException.java:148)
	at com.fasterxml.jackson.databind.DeserializationContext.mappingException(DeserializationContext.java:835)
	at com.fasterxml.jackson.databind.deser.std.StringDeserializer.deserialize(StringDeserializer.java:59)
	at com.fasterxml.jackson.databind.deser.std.StringDeserializer.deserialize(StringDeserializer.java:12)
	at com.fasterxml.jackson.databind.deser.SettableBeanProperty.deserialize(SettableBeanProperty.java:523)
	at com.fasterxml.jackson.databind.deser.impl.MethodProperty.deserializeAndSet(MethodProperty.java:95)
	at com.fasterxml.jackson.databind.deser.impl.BeanPropertyMap.findDeserializeAndSet(BeanPropertyMap.java:285)
	at com.fasterxml.jackson.databind.deser.BeanDeserializer.vanillaDeserialize(BeanDeserializer.java:248)
	at com.fasterxml.jackson.databind.deser.BeanDeserializer.deserialize(BeanDeserializer.java:136)
	at com.fasterxml.jackson.databind.ObjectMapper._readMapAndClose(ObjectMapper.java:3562)
	at com.fasterxml.jackson.databind.ObjectMapper.readValue(ObjectMapper.java:2578)
	at comm.Innowave.service.UserModuleService.loginModuleService(UserModuleService.java:54)
	at comm.Innowave.rest.UserModule.loginUser(UserModule.java:45)
	at sun.reflect.NativeMethodAccessorImpl.invoke0(Native Method)
	at sun.reflect.NativeMethodAccessorImpl.invoke(NativeMethodAccessorImpl.java:62)
	at sun.reflect.DelegatingMethodAccessorImpl.invoke(DelegatingMethodAccessorImpl.java:43)
	at java.lang.reflect.Method.invoke(Method.java:498)
	at org.glassfish.jersey.server.model.internal.ResourceMethodInvocationHandlerFactory$1.invoke(ResourceMethodInvocationHandlerFactory.java:81)
	at org.glassfish.jersey.server.model.internal.AbstractJavaResourceMethodDispatcher$1.run(AbstractJavaResourceMethodDispatcher.java:164)
	at org.glassfish.jersey.server.model.internal.AbstractJavaResourceMethodDispatcher.invoke(AbstractJavaResourceMethodDispatcher.java:181)
	at org.glassfish.jersey.server.model.internal.JavaResourceMethodDispatcherProvider$TypeOutInvoker.doDispatch(JavaResourceMethodDispatcherProvider.java:203)
	at org.glassfish.jersey.server.model.internal.AbstractJavaResourceMethodDispatcher.dispatch(AbstractJavaResourceMethodDispatcher.java:101)
	at org.glassfish.jersey.server.model.ResourceMethodInvoker.invoke(ResourceMethodInvoker.java:389)
	at org.glassfish.jersey.server.model.ResourceMethodInvoker.apply(ResourceMethodInvoker.java:347)
	at org.glassfish.jersey.server.model.ResourceMethodInvoker.apply(ResourceMethodInvoker.java:102)
	at org.glassfish.jersey.server.ServerRuntime$2.run(ServerRuntime.java:305)
	at org.glassfish.jersey.internal.Errors$1.call(Errors.java:271)
	at org.glassfish.jersey.internal.Errors$1.call(Errors.java:267)
	at org.glassfish.jersey.internal.Errors.process(Errors.java:315)
	at org.glassfish.jersey.internal.Errors.process(Errors.java:297)
	at org.glassfish.jersey.internal.Errors.process(Errors.java:267)
	at org.glassfish.jersey.process.internal.RequestScope.runInScope(RequestScope.java:317)
	at org.glassfish.jersey.server.ServerRuntime.process(ServerRuntime.java:288)
	at org.glassfish.jersey.server.ApplicationHandler.handle(ApplicationHandler.java:1110)
	at org.glassfish.jersey.servlet.WebComponent.service(WebComponent.java:401)
	at org.glassfish.jersey.servlet.ServletContainer.service(ServletContainer.java:386)
	at org.glassfish.jersey.servlet.ServletContainer.service(ServletContainer.java:335)
	at org.glassfish.jersey.servlet.ServletContainer.service(ServletContainer.java:222)
	at org.apache.catalina.core.ApplicationFilterChain.internalDoFilter(ApplicationFilterChain.java:231)
	at org.apache.catalina.core.ApplicationFilterChain.doFilter(ApplicationFilterChain.java:166)
	at org.apache.tomcat.websocket.server.WsFilter.doFilter(WsFilter.java:52)
	at org.apache.catalina.core.ApplicationFilterChain.internalDoFilter(ApplicationFilterChain.java:193)
	at org.apache.catalina.core.ApplicationFilterChain.doFilter(ApplicationFilterChain.java:166)
	at org.apache.catalina.core.StandardWrapperValve.invoke(StandardWrapperValve.java:198)
	at org.apache.catalina.core.StandardContextValve.invoke(StandardContextValve.java:96)
	at org.apache.catalina.authenticator.AuthenticatorBase.invoke(AuthenticatorBase.java:478)
	at org.apache.catalina.core.StandardHostValve.invoke(StandardHostValve.java:140)
	at org.apache.catalina.valves.ErrorReportValve.invoke(ErrorReportValve.java:80)
	at org.apache.catalina.valves.AbstractAccessLogValve.invoke(AbstractAccessLogValve.java:624)
	at org.apache.catalina.core.StandardEngineValve.invoke(StandardEngineValve.java:87)
	at org.apache.catalina.connector.CoyoteAdapter.service(CoyoteAdapter.java:342)
	at org.apache.coyote.http11.Http11Processor.service(Http11Processor.java:799)
	at org.apache.coyote.AbstractProcessorLight.process(AbstractProcessorLight.java:66)
	at org.apache.coyote.AbstractProtocol$ConnectionHandler.process(AbstractProtocol.java:861)
	at org.apache.tomcat.util.net.NioEndpoint$SocketProcessor.doRun(NioEndpoint.java:1455)
	at org.apache.tomcat.util.net.SocketProcessorBase.run(SocketProcessorBase.java:49)
	at java.util.concurrent.ThreadPoolExecutor.runWorker(ThreadPoolExecutor.java:1142)
	at java.util.concurrent.ThreadPoolExecutor$Worker.run(ThreadPoolExecutor.java:617)
	at org.apache.tomcat.util.threads.TaskThread$WrappingRunnable.run(TaskThread.java:61)
	at java.lang.Thread.run(Thread.java:748)

17-Mar-2018 14:39:33.464 INFO [main] org.apache.catalina.core.StandardServer.await A valid shutdown command was received via the shutdown port. Stopping the Server instance.
17-Mar-2018 14:39:33.468 INFO [main] org.apache.coyote.AbstractProtocol.pause Pausing ProtocolHandler ["http-nio-8080"]
17-Mar-2018 14:39:33.632 INFO [main] org.apache.coyote.AbstractProtocol.pause Pausing ProtocolHandler ["ajp-nio-8009"]
17-Mar-2018 14:39:33.918 INFO [main] org.apache.catalina.core.StandardService.stopInternal Stopping service [Catalina]
17-Mar-2018 14:39:39.181 INFO [main] org.apache.coyote.AbstractProtocol.stop Stopping ProtocolHandler ["http-nio-8080"]
17-Mar-2018 14:39:39.182 INFO [main] org.apache.coyote.AbstractProtocol.stop Stopping ProtocolHandler ["ajp-nio-8009"]
17-Mar-2018 14:39:39.185 INFO [main] org.apache.coyote.AbstractProtocol.destroy Destroying ProtocolHandler ["http-nio-8080"]
17-Mar-2018 14:39:39.209 INFO [main] org.apache.coyote.AbstractProtocol.destroy Destroying ProtocolHandler ["ajp-nio-8009"]
