27-Mar-2018 10:47:49.280 INFO [main] org.apache.catalina.startup.VersionLoggerListener.log Server version:        Apache Tomcat/8.5.15
27-Mar-2018 10:47:49.297 INFO [main] org.apache.catalina.startup.VersionLoggerListener.log Server built:          May 5 2017 11:03:04 UTC
27-Mar-2018 10:47:49.297 INFO [main] org.apache.catalina.startup.VersionLoggerListener.log Server number:         8.5.15.0
27-Mar-2018 10:47:49.297 INFO [main] org.apache.catalina.startup.VersionLoggerListener.log OS Name:               Windows 10
27-Mar-2018 10:47:49.297 INFO [main] org.apache.catalina.startup.VersionLoggerListener.log OS Version:            10.0
27-Mar-2018 10:47:49.298 INFO [main] org.apache.catalina.startup.VersionLoggerListener.log Architecture:          amd64
27-Mar-2018 10:47:49.298 INFO [main] org.apache.catalina.startup.VersionLoggerListener.log Java Home:             C:\Program Files\Java\jdk1.8.0_131\jre
27-Mar-2018 10:47:49.298 INFO [main] org.apache.catalina.startup.VersionLoggerListener.log JVM Version:           1.8.0_131-b11
27-Mar-2018 10:47:49.298 INFO [main] org.apache.catalina.startup.VersionLoggerListener.log JVM Vendor:            Oracle Corporation
27-Mar-2018 10:47:49.299 INFO [main] org.apache.catalina.startup.VersionLoggerListener.log CATALINA_BASE:         D:\Server\apache-tomcat-8.5.15
27-Mar-2018 10:47:49.299 INFO [main] org.apache.catalina.startup.VersionLoggerListener.log CATALINA_HOME:         D:\Server\apache-tomcat-8.5.15
27-Mar-2018 10:47:49.299 INFO [main] org.apache.catalina.startup.VersionLoggerListener.log Command line argument: -Djava.util.logging.config.file=D:\Server\apache-tomcat-8.5.15\conf\logging.properties
27-Mar-2018 10:47:49.300 INFO [main] org.apache.catalina.startup.VersionLoggerListener.log Command line argument: -Djava.util.logging.manager=org.apache.juli.ClassLoaderLogManager
27-Mar-2018 10:47:49.300 INFO [main] org.apache.catalina.startup.VersionLoggerListener.log Command line argument: -Dhttp.nonProxyHosts=localhost|127.0.0.1|RIPLC0018
27-Mar-2018 10:47:49.300 INFO [main] org.apache.catalina.startup.VersionLoggerListener.log Command line argument: -Djdk.tls.ephemeralDHKeySize=2048
27-Mar-2018 10:47:49.300 INFO [main] org.apache.catalina.startup.VersionLoggerListener.log Command line argument: -Djava.protocol.handler.pkgs=org.apache.catalina.webresources
27-Mar-2018 10:47:49.300 INFO [main] org.apache.catalina.startup.VersionLoggerListener.log Command line argument: -Dcatalina.base=D:\Server\apache-tomcat-8.5.15
27-Mar-2018 10:47:49.300 INFO [main] org.apache.catalina.startup.VersionLoggerListener.log Command line argument: -Dcatalina.home=D:\Server\apache-tomcat-8.5.15
27-Mar-2018 10:47:49.300 INFO [main] org.apache.catalina.startup.VersionLoggerListener.log Command line argument: -Djava.io.tmpdir=D:\Server\apache-tomcat-8.5.15\temp
27-Mar-2018 10:47:49.300 INFO [main] org.apache.catalina.core.AprLifecycleListener.lifecycleEvent The APR based Apache Tomcat Native library which allows optimal performance in production environments was not found on the java.library.path: [C:\Program Files\Java\jdk1.8.0_131\bin;C:\WINDOWS\Sun\Java\bin;C:\WINDOWS\system32;C:\WINDOWS;C:\Program Files\Docker\Docker\Resources\bin;C:\ProgramData\Oracle\Java\javapath;C:\Program Files (x86)\Intel\iCLS Client\;C:\Program Files\Intel\iCLS Client\;C:\WINDOWS\system32;C:\WINDOWS;C:\WINDOWS\System32\Wbem;C:\WINDOWS\System32\WindowsPowerShell\v1.0\;C:\Program Files (x86)\Intel\Intel(R) Management Engine Components\DAL;C:\Program Files\Intel\Intel(R) Management Engine Components\DAL;C:\Program Files (x86)\Intel\Intel(R) Management Engine Components\IPT;C:\Program Files\Intel\Intel(R) Management Engine Components\IPT;C:\Program Files\Java\jdk1.8.0_131\bin;C:\Program Files\MySQL\MySQL Utilities 1.6\;C:\Program Files\PuTTY\;C:\Program Files\TortoiseSVN\bin;C:\Program Files\Java\jre1.8.0_144;C:\Go\bin;C:\Program Files\Git\cmd;C:\Users\Lenovo\AppData\Local\Microsoft\WindowsApps;C:\Program Files (x86)\Sophos\Sophos SSL VPN Client\bin;.]
27-Mar-2018 10:47:49.852 INFO [main] org.apache.coyote.AbstractProtocol.init Initializing ProtocolHandler ["http-nio-8080"]
27-Mar-2018 10:47:50.049 INFO [main] org.apache.tomcat.util.net.NioSelectorPool.getSharedSelector Using a shared selector for servlet write/read
27-Mar-2018 10:47:50.052 INFO [main] org.apache.coyote.AbstractProtocol.init Initializing ProtocolHandler ["ajp-nio-8009"]
27-Mar-2018 10:47:50.054 INFO [main] org.apache.tomcat.util.net.NioSelectorPool.getSharedSelector Using a shared selector for servlet write/read
27-Mar-2018 10:47:50.054 INFO [main] org.apache.catalina.startup.Catalina.load Initialization processed in 1812 ms
27-Mar-2018 10:47:50.116 INFO [main] org.apache.catalina.core.StandardService.startInternal Starting service [Catalina]
27-Mar-2018 10:47:50.116 INFO [main] org.apache.catalina.core.StandardEngine.startInternal Starting Servlet Engine: Apache Tomcat/8.5.15
27-Mar-2018 10:47:50.124 INFO [localhost-startStop-1] org.apache.catalina.startup.HostConfig.deployDescriptor Deploying configuration descriptor [D:\Server\apache-tomcat-8.5.15\conf\Catalina\localhost\DBT2.xml]
27-Mar-2018 10:47:50.206 WARNING [localhost-startStop-1] org.apache.catalina.startup.SetContextPropertiesRule.begin [SetContextPropertiesRule]{Context} Setting property 'antiJARLocking' to 'true' did not find a matching property.
27-Mar-2018 10:47:55.845 INFO [localhost-startStop-1] org.apache.jasper.servlet.TldScanner.scanJars At least one JAR was scanned for TLDs yet contained no TLDs. Enable debug logging for this logger for a complete list of JARs that were scanned but no TLDs were found in them. Skipping unneeded JARs during scanning can improve startup time and JSP compilation time.
27-Mar-2018 10:47:57.971 INFO [localhost-startStop-1] org.apache.catalina.startup.HostConfig.deployDescriptor Deployment of configuration descriptor [D:\Server\apache-tomcat-8.5.15\conf\Catalina\localhost\DBT2.xml] has finished in [7,846] ms
27-Mar-2018 10:47:57.971 INFO [localhost-startStop-1] org.apache.catalina.startup.HostConfig.deployDescriptor Deploying configuration descriptor [D:\Server\apache-tomcat-8.5.15\conf\Catalina\localhost\DBTPortalPFMS.xml]
27-Mar-2018 10:47:58.006 WARNING [localhost-startStop-1] org.apache.catalina.startup.SetContextPropertiesRule.begin [SetContextPropertiesRule]{Context} Setting property 'antiJARLocking' to 'true' did not find a matching property.
27-Mar-2018 10:47:58.906 WARNING [localhost-startStop-1] org.apache.tomcat.dbcp.dbcp2.BasicDataSourceFactory.getObjectInstance Name = PostGreSQL Property maxActive is not used in DBCP2, use maxTotal instead. maxTotal default value is 8. You have set value of "100" for "maxActive" property, which is being ignored.
27-Mar-2018 10:47:58.906 WARNING [localhost-startStop-1] org.apache.tomcat.dbcp.dbcp2.BasicDataSourceFactory.getObjectInstance Name = PostGreSQL Property maxWait is not used in DBCP2 , use maxWaitMillis instead. maxWaitMillis default value is -1. You have set value of "10000" for "maxWait" property, which is being ignored.
27-Mar-2018 10:47:58.907 WARNING [localhost-startStop-1] org.apache.tomcat.dbcp.dbcp2.BasicDataSourceFactory.getObjectInstance Name = DBTPortalPFMS Property maxActive is not used in DBCP2, use maxTotal instead. maxTotal default value is 8. You have set value of "100" for "maxActive" property, which is being ignored.
27-Mar-2018 10:47:58.907 WARNING [localhost-startStop-1] org.apache.tomcat.dbcp.dbcp2.BasicDataSourceFactory.getObjectInstance Name = DBTPortalPFMS Property maxWait is not used in DBCP2 , use maxWaitMillis instead. maxWaitMillis default value is -1. You have set value of "10000" for "maxWait" property, which is being ignored.
27-Mar-2018 10:47:58.926 INFO [localhost-startStop-1] org.apache.jasper.servlet.TldScanner.scanJars At least one JAR was scanned for TLDs yet contained no TLDs. Enable debug logging for this logger for a complete list of JARs that were scanned but no TLDs were found in them. Skipping unneeded JARs during scanning can improve startup time and JSP compilation time.
27-Mar-2018 10:48:00.086 INFO [localhost-startStop-1] org.apache.catalina.startup.HostConfig.deployDescriptor Deployment of configuration descriptor [D:\Server\apache-tomcat-8.5.15\conf\Catalina\localhost\DBTPortalPFMS.xml] has finished in [2,115] ms
27-Mar-2018 10:48:00.086 INFO [localhost-startStop-1] org.apache.catalina.startup.HostConfig.deployDescriptor Deploying configuration descriptor [D:\Server\apache-tomcat-8.5.15\conf\Catalina\localhost\JerseyTestCLient.xml]
27-Mar-2018 10:48:08.535 WARNING [localhost-startStop-1] org.apache.tomcat.dbcp.dbcp2.BasicDataSourceFactory.getObjectInstance Name = Android Property maxActive is not used in DBCP2, use maxTotal instead. maxTotal default value is 8. You have set value of "100" for "maxActive" property, which is being ignored.
27-Mar-2018 10:48:08.536 WARNING [localhost-startStop-1] org.apache.tomcat.dbcp.dbcp2.BasicDataSourceFactory.getObjectInstance Name = Android Property maxWait is not used in DBCP2 , use maxWaitMillis instead. maxWaitMillis default value is -1. You have set value of "10000" for "maxWait" property, which is being ignored.
27-Mar-2018 10:48:08.551 INFO [localhost-startStop-1] org.apache.jasper.servlet.TldScanner.scanJars At least one JAR was scanned for TLDs yet contained no TLDs. Enable debug logging for this logger for a complete list of JARs that were scanned but no TLDs were found in them. Skipping unneeded JARs during scanning can improve startup time and JSP compilation time.
27-Mar-2018 10:48:09.168 INFO [localhost-startStop-1] org.apache.catalina.startup.HostConfig.deployDescriptor Deployment of configuration descriptor [D:\Server\apache-tomcat-8.5.15\conf\Catalina\localhost\JerseyTestCLient.xml] has finished in [9,082] ms
27-Mar-2018 10:48:09.168 INFO [localhost-startStop-1] org.apache.catalina.startup.HostConfig.deployDirectory Deploying web application directory [D:\Server\apache-tomcat-8.5.15\webapps\docs]
27-Mar-2018 10:48:09.330 INFO [localhost-startStop-1] org.apache.jasper.servlet.TldScanner.scanJars At least one JAR was scanned for TLDs yet contained no TLDs. Enable debug logging for this logger for a complete list of JARs that were scanned but no TLDs were found in them. Skipping unneeded JARs during scanning can improve startup time and JSP compilation time.
27-Mar-2018 10:48:09.333 INFO [localhost-startStop-1] org.apache.catalina.startup.HostConfig.deployDirectory Deployment of web application directory [D:\Server\apache-tomcat-8.5.15\webapps\docs] has finished in [165] ms
27-Mar-2018 10:48:09.333 INFO [localhost-startStop-1] org.apache.catalina.startup.HostConfig.deployDirectory Deploying web application directory [D:\Server\apache-tomcat-8.5.15\webapps\examples]
27-Mar-2018 10:48:13.085 INFO [localhost-startStop-1] org.apache.jasper.servlet.TldScanner.scanJars At least one JAR was scanned for TLDs yet contained no TLDs. Enable debug logging for this logger for a complete list of JARs that were scanned but no TLDs were found in them. Skipping unneeded JARs during scanning can improve startup time and JSP compilation time.
27-Mar-2018 10:48:13.133 INFO [localhost-startStop-1] org.apache.catalina.startup.HostConfig.deployDirectory Deployment of web application directory [D:\Server\apache-tomcat-8.5.15\webapps\examples] has finished in [3,800] ms
27-Mar-2018 10:48:13.133 INFO [localhost-startStop-1] org.apache.catalina.startup.HostConfig.deployDirectory Deploying web application directory [D:\Server\apache-tomcat-8.5.15\webapps\Final_DWS]
27-Mar-2018 10:48:13.259 INFO [localhost-startStop-1] org.apache.jasper.servlet.TldScanner.scanJars At least one JAR was scanned for TLDs yet contained no TLDs. Enable debug logging for this logger for a complete list of JARs that were scanned but no TLDs were found in them. Skipping unneeded JARs during scanning can improve startup time and JSP compilation time.
27-Mar-2018 10:48:13.263 INFO [localhost-startStop-1] org.apache.catalina.startup.HostConfig.deployDirectory Deployment of web application directory [D:\Server\apache-tomcat-8.5.15\webapps\Final_DWS] has finished in [130] ms
27-Mar-2018 10:48:13.263 INFO [localhost-startStop-1] org.apache.catalina.startup.HostConfig.deployDirectory Deploying web application directory [D:\Server\apache-tomcat-8.5.15\webapps\host-manager]
27-Mar-2018 10:48:13.500 INFO [localhost-startStop-1] org.apache.jasper.servlet.TldScanner.scanJars At least one JAR was scanned for TLDs yet contained no TLDs. Enable debug logging for this logger for a complete list of JARs that were scanned but no TLDs were found in them. Skipping unneeded JARs during scanning can improve startup time and JSP compilation time.
27-Mar-2018 10:48:13.503 INFO [localhost-startStop-1] org.apache.catalina.startup.HostConfig.deployDirectory Deployment of web application directory [D:\Server\apache-tomcat-8.5.15\webapps\host-manager] has finished in [240] ms
27-Mar-2018 10:48:13.503 INFO [localhost-startStop-1] org.apache.catalina.startup.HostConfig.deployDirectory Deploying web application directory [D:\Server\apache-tomcat-8.5.15\webapps\manager]
27-Mar-2018 10:48:13.681 INFO [localhost-startStop-1] org.apache.jasper.servlet.TldScanner.scanJars At least one JAR was scanned for TLDs yet contained no TLDs. Enable debug logging for this logger for a complete list of JARs that were scanned but no TLDs were found in them. Skipping unneeded JARs during scanning can improve startup time and JSP compilation time.
27-Mar-2018 10:48:13.690 INFO [localhost-startStop-1] org.apache.catalina.startup.HostConfig.deployDirectory Deployment of web application directory [D:\Server\apache-tomcat-8.5.15\webapps\manager] has finished in [186] ms
27-Mar-2018 10:48:13.690 INFO [localhost-startStop-1] org.apache.catalina.startup.HostConfig.deployDirectory Deploying web application directory [D:\Server\apache-tomcat-8.5.15\webapps\ROOT]
27-Mar-2018 10:48:13.849 INFO [localhost-startStop-1] org.apache.jasper.servlet.TldScanner.scanJars At least one JAR was scanned for TLDs yet contained no TLDs. Enable debug logging for this logger for a complete list of JARs that were scanned but no TLDs were found in them. Skipping unneeded JARs during scanning can improve startup time and JSP compilation time.
27-Mar-2018 10:48:13.850 INFO [localhost-startStop-1] org.apache.catalina.startup.HostConfig.deployDirectory Deployment of web application directory [D:\Server\apache-tomcat-8.5.15\webapps\ROOT] has finished in [160] ms
27-Mar-2018 10:48:13.854 INFO [main] org.apache.coyote.AbstractProtocol.start Starting ProtocolHandler ["http-nio-8080"]
27-Mar-2018 10:48:13.889 INFO [main] org.apache.coyote.AbstractProtocol.start Starting ProtocolHandler ["ajp-nio-8009"]
27-Mar-2018 10:48:13.892 INFO [main] org.apache.catalina.startup.Catalina.start Server startup in 23837 ms
27-Mar-2018 10:48:19.886 INFO [http-nio-8080-exec-8] org.apache.catalina.startup.HostConfig.undeploy Undeploying context [/DBTPortalPFMS]
27-Mar-2018 10:48:19.900 INFO [http-nio-8080-exec-7] org.apache.catalina.startup.HostConfig.deployDescriptor Deploying configuration descriptor [D:\Server\apache-tomcat-8.5.15\conf\Catalina\localhost\DBTPortalPFMS.xml]
27-Mar-2018 10:48:19.943 WARNING [http-nio-8080-exec-7] org.apache.catalina.startup.SetContextPropertiesRule.begin [SetContextPropertiesRule]{Context} Setting property 'antiJARLocking' to 'true' did not find a matching property.
27-Mar-2018 10:48:21.216 WARNING [http-nio-8080-exec-7] org.apache.tomcat.dbcp.dbcp2.BasicDataSourceFactory.getObjectInstance Name = PostGreSQL Property maxActive is not used in DBCP2, use maxTotal instead. maxTotal default value is 8. You have set value of "100" for "maxActive" property, which is being ignored.
27-Mar-2018 10:48:21.216 WARNING [http-nio-8080-exec-7] org.apache.tomcat.dbcp.dbcp2.BasicDataSourceFactory.getObjectInstance Name = PostGreSQL Property maxWait is not used in DBCP2 , use maxWaitMillis instead. maxWaitMillis default value is -1. You have set value of "10000" for "maxWait" property, which is being ignored.
27-Mar-2018 10:48:21.219 WARNING [http-nio-8080-exec-7] org.apache.tomcat.dbcp.dbcp2.BasicDataSourceFactory.getObjectInstance Name = DBTPortalPFMS Property maxActive is not used in DBCP2, use maxTotal instead. maxTotal default value is 8. You have set value of "100" for "maxActive" property, which is being ignored.
27-Mar-2018 10:48:21.219 WARNING [http-nio-8080-exec-7] org.apache.tomcat.dbcp.dbcp2.BasicDataSourceFactory.getObjectInstance Name = DBTPortalPFMS Property maxWait is not used in DBCP2 , use maxWaitMillis instead. maxWaitMillis default value is -1. You have set value of "10000" for "maxWait" property, which is being ignored.
27-Mar-2018 10:48:21.238 INFO [http-nio-8080-exec-7] org.apache.jasper.servlet.TldScanner.scanJars At least one JAR was scanned for TLDs yet contained no TLDs. Enable debug logging for this logger for a complete list of JARs that were scanned but no TLDs were found in them. Skipping unneeded JARs during scanning can improve startup time and JSP compilation time.
27-Mar-2018 10:48:22.183 INFO [http-nio-8080-exec-7] org.apache.catalina.startup.HostConfig.deployDescriptor Deployment of configuration descriptor [D:\Server\apache-tomcat-8.5.15\conf\Catalina\localhost\DBTPortalPFMS.xml] has finished in [2,277] ms
27-Mar-2018 10:48:36.666 SEVERE [http-nio-8080-exec-1] org.glassfish.jersey.server.wadl.internal.generators.WadlGeneratorJAXBGrammarGenerator.buildModelAndSchemas Failed to generate the schema for the JAX-B elements
 com.sun.xml.internal.bind.v2.runtime.IllegalAnnotationsException: 4 counts of IllegalAnnotationExceptions
Two classes have the same XML type name "orgIdEntity". Use @XmlType.name and @XmlType.namespace to assign different names to them.
	this problem is related to the following location:
		at PFMSPaymentEntity.OrgIdEntity
		at public java.util.List PFMSPaymentEntity.PaymentInfoEntity.getOrgid()
		at PFMSPaymentEntity.PaymentInfoEntity
		at public java.util.List PFMSPaymentEntity.LinkPaymentHeaderBodyEntity.getPaymentinfolist()
		at PFMSPaymentEntity.LinkPaymentHeaderBodyEntity
		at public java.util.List PFMSPaymentEntity.PFMSPaymentEntity.getLinkpaymentheadbody()
		at PFMSPaymentEntity.PFMSPaymentEntity
	this problem is related to the following location:
		at PFMSRequestentity.OrgIdEntity
		at public java.util.List PFMSRequestentity.CstmrTxInf.getOrgid()
		at PFMSRequestentity.CstmrTxInf
		at public java.util.List PFMSRequestentity.CustInfEntity.getCusttxninfo()
		at PFMSRequestentity.CustInfEntity
		at public java.util.List PFMSRequestentity.LinkHeaderBodyEntity.getCustlist()
		at PFMSRequestentity.LinkHeaderBodyEntity
		at public java.util.List PFMSRequestentity.PFMSEntity.getLinkheadbody()
		at PFMSRequestentity.PFMSEntity
Two classes have the same XML type name "purpEntity". Use @XmlType.name and @XmlType.namespace to assign different names to them.
	this problem is related to the following location:
		at PFMSPaymentEntity.PurpEntity
		at public java.util.List PFMSPaymentEntity.CdtTrfTxInfEntity.getPurp()
		at PFMSPaymentEntity.CdtTrfTxInfEntity
		at public java.util.List PFMSPaymentEntity.PaymentInfoEntity.getCdttrftxinf()
		at PFMSPaymentEntity.PaymentInfoEntity
		at public java.util.List PFMSPaymentEntity.LinkPaymentHeaderBodyEntity.getPaymentinfolist()
		at PFMSPaymentEntity.LinkPaymentHeaderBodyEntity
		at public java.util.List PFMSPaymentEntity.PFMSPaymentEntity.getLinkpaymentheadbody()
		at PFMSPaymentEntity.PFMSPaymentEntity
	this problem is related to the following location:
		at PFMSRequestentity.PurpEntity
		at public java.util.List PFMSRequestentity.CstmrEntity.getPurp()
		at PFMSRequestentity.CstmrEntity
		at public java.util.List PFMSRequestentity.CstmrTxInf.getCstmr()
		at PFMSRequestentity.CstmrTxInf
		at public java.util.List PFMSRequestentity.CustInfEntity.getCusttxninfo()
		at PFMSRequestentity.CustInfEntity
		at public java.util.List PFMSRequestentity.LinkHeaderBodyEntity.getCustlist()
		at PFMSRequestentity.LinkHeaderBodyEntity
		at public java.util.List PFMSRequestentity.PFMSEntity.getLinkheadbody()
		at PFMSRequestentity.PFMSEntity
Two classes have the same XML type name "pstlAdrEntity". Use @XmlType.name and @XmlType.namespace to assign different names to them.
	this problem is related to the following location:
		at PFMSPaymentEntity.PstlAdrEntity
		at public java.util.List PFMSPaymentEntity.CdtrEntity.getPstlAdr()
		at PFMSPaymentEntity.CdtrEntity
		at public java.util.List PFMSPaymentEntity.CdtTrfTxInfEntity.getCdtr()
		at PFMSPaymentEntity.CdtTrfTxInfEntity
		at public java.util.List PFMSPaymentEntity.PaymentInfoEntity.getCdttrftxinf()
		at PFMSPaymentEntity.PaymentInfoEntity
		at public java.util.List PFMSPaymentEntity.LinkPaymentHeaderBodyEntity.getPaymentinfolist()
		at PFMSPaymentEntity.LinkPaymentHeaderBodyEntity
		at public java.util.List PFMSPaymentEntity.PFMSPaymentEntity.getLinkpaymentheadbody()
		at PFMSPaymentEntity.PFMSPaymentEntity
	this problem is related to the following location:
		at PFMSRequestentity.PstlAdrEntity
		at public java.util.List PFMSRequestentity.CstmrEntity.getPstladr()
		at PFMSRequestentity.CstmrEntity
		at public java.util.List PFMSRequestentity.CstmrTxInf.getCstmr()
		at PFMSRequestentity.CstmrTxInf
		at public java.util.List PFMSRequestentity.CustInfEntity.getCusttxninfo()
		at PFMSRequestentity.CustInfEntity
		at public java.util.List PFMSRequestentity.LinkHeaderBodyEntity.getCustlist()
		at PFMSRequestentity.LinkHeaderBodyEntity
		at public java.util.List PFMSRequestentity.PFMSEntity.getLinkheadbody()
		at PFMSRequestentity.PFMSEntity
Two classes have the same XML type name "othrEntity". Use @XmlType.name and @XmlType.namespace to assign different names to them.
	this problem is related to the following location:
		at PFMSPaymentEntity.othrEntity
		at public java.util.List PFMSPaymentEntity.IdEntity.getOthr()
		at PFMSPaymentEntity.IdEntity
		at public java.util.List PFMSPaymentEntity.CdtrAcctEntity.getId()
		at PFMSPaymentEntity.CdtrAcctEntity
		at public java.util.List PFMSPaymentEntity.CdtrEntity.getCdtracct()
		at PFMSPaymentEntity.CdtrEntity
		at public java.util.List PFMSPaymentEntity.CdtTrfTxInfEntity.getCdtr()
		at PFMSPaymentEntity.CdtTrfTxInfEntity
		at public java.util.List PFMSPaymentEntity.PaymentInfoEntity.getCdttrftxinf()
		at PFMSPaymentEntity.PaymentInfoEntity
		at public java.util.List PFMSPaymentEntity.LinkPaymentHeaderBodyEntity.getPaymentinfolist()
		at PFMSPaymentEntity.LinkPaymentHeaderBodyEntity
		at public java.util.List PFMSPaymentEntity.PFMSPaymentEntity.getLinkpaymentheadbody()
		at PFMSPaymentEntity.PFMSPaymentEntity
	this problem is related to the following location:
		at PFMSRequestentity.OthrEntity
		at public java.util.List PFMSRequestentity.AcctId.getOthr()
		at PFMSRequestentity.AcctId
		at public java.util.List PFMSRequestentity.CstmrAcct.getAcctid()
		at PFMSRequestentity.CstmrAcct
		at public java.util.List PFMSRequestentity.CstmrEntity.getCstmracct()
		at PFMSRequestentity.CstmrEntity
		at public java.util.List PFMSRequestentity.CstmrTxInf.getCstmr()
		at PFMSRequestentity.CstmrTxInf
		at public java.util.List PFMSRequestentity.CustInfEntity.getCusttxninfo()
		at PFMSRequestentity.CustInfEntity
		at public java.util.List PFMSRequestentity.LinkHeaderBodyEntity.getCustlist()
		at PFMSRequestentity.LinkHeaderBodyEntity
		at public java.util.List PFMSRequestentity.PFMSEntity.getLinkheadbody()
		at PFMSRequestentity.PFMSEntity

	at com.sun.xml.internal.bind.v2.runtime.IllegalAnnotationsException$Builder.check(IllegalAnnotationsException.java:91)
	at com.sun.xml.internal.bind.v2.runtime.JAXBContextImpl.getTypeInfoSet(JAXBContextImpl.java:445)
	at com.sun.xml.internal.bind.v2.runtime.JAXBContextImpl.<init>(JAXBContextImpl.java:277)
	at com.sun.xml.internal.bind.v2.runtime.JAXBContextImpl.<init>(JAXBContextImpl.java:124)
	at com.sun.xml.internal.bind.v2.runtime.JAXBContextImpl$JAXBContextBuilder.build(JAXBContextImpl.java:1123)
	at com.sun.xml.internal.bind.v2.ContextFactory.createContext(ContextFactory.java:147)
	at sun.reflect.NativeMethodAccessorImpl.invoke0(Native Method)
	at sun.reflect.NativeMethodAccessorImpl.invoke(NativeMethodAccessorImpl.java:62)
	at sun.reflect.DelegatingMethodAccessorImpl.invoke(DelegatingMethodAccessorImpl.java:43)
	at java.lang.reflect.Method.invoke(Method.java:498)
	at javax.xml.bind.ContextFinder.newInstance(ContextFinder.java:247)
	at javax.xml.bind.ContextFinder.newInstance(ContextFinder.java:234)
	at javax.xml.bind.ContextFinder.find(ContextFinder.java:462)
	at javax.xml.bind.JAXBContext.newInstance(JAXBContext.java:641)
	at javax.xml.bind.JAXBContext.newInstance(JAXBContext.java:584)
	at org.glassfish.jersey.server.wadl.internal.generators.WadlGeneratorJAXBGrammarGenerator.buildModelAndSchemas(WadlGeneratorJAXBGrammarGenerator.java:366)
	at org.glassfish.jersey.server.wadl.internal.generators.WadlGeneratorJAXBGrammarGenerator.createExternalGrammar(WadlGeneratorJAXBGrammarGenerator.java:315)
	at org.glassfish.jersey.server.wadl.internal.WadlBuilder.generate(WadlBuilder.java:122)
	at org.glassfish.jersey.server.wadl.internal.WadlApplicationContextImpl.getApplication(WadlApplicationContextImpl.java:144)
	at org.glassfish.jersey.server.wadl.internal.WadlResource.getWadl(WadlResource.java:110)
	at sun.reflect.NativeMethodAccessorImpl.invoke0(Native Method)
	at sun.reflect.NativeMethodAccessorImpl.invoke(NativeMethodAccessorImpl.java:62)
	at sun.reflect.DelegatingMethodAccessorImpl.invoke(DelegatingMethodAccessorImpl.java:43)
	at java.lang.reflect.Method.invoke(Method.java:498)
	at org.glassfish.jersey.server.model.internal.ResourceMethodInvocationHandlerFactory$1.invoke(ResourceMethodInvocationHandlerFactory.java:81)
	at org.glassfish.jersey.server.model.internal.AbstractJavaResourceMethodDispatcher$1.run(AbstractJavaResourceMethodDispatcher.java:164)
	at org.glassfish.jersey.server.model.internal.AbstractJavaResourceMethodDispatcher.invoke(AbstractJavaResourceMethodDispatcher.java:181)
	at org.glassfish.jersey.server.model.internal.JavaResourceMethodDispatcherProvider$ResponseOutInvoker.doDispatch(JavaResourceMethodDispatcherProvider.java:158)
	at org.glassfish.jersey.server.model.internal.AbstractJavaResourceMethodDispatcher.dispatch(AbstractJavaResourceMethodDispatcher.java:101)
	at org.glassfish.jersey.server.model.ResourceMethodInvoker.invoke(ResourceMethodInvoker.java:389)
	at org.glassfish.jersey.server.model.ResourceMethodInvoker.apply(ResourceMethodInvoker.java:347)
	at org.glassfish.jersey.server.model.ResourceMethodInvoker.apply(ResourceMethodInvoker.java:102)
	at org.glassfish.jersey.server.ServerRuntime$2.run(ServerRuntime.java:305)
	at org.glassfish.jersey.internal.Errors$1.call(Errors.java:271)
	at org.glassfish.jersey.internal.Errors$1.call(Errors.java:267)
	at org.glassfish.jersey.internal.Errors.process(Errors.java:315)
	at org.glassfish.jersey.internal.Errors.process(Errors.java:297)
	at org.glassfish.jersey.internal.Errors.process(Errors.java:267)
	at org.glassfish.jersey.process.internal.RequestScope.runInScope(RequestScope.java:317)
	at org.glassfish.jersey.server.ServerRuntime.process(ServerRuntime.java:288)
	at org.glassfish.jersey.server.ApplicationHandler.handle(ApplicationHandler.java:1110)
	at org.glassfish.jersey.servlet.WebComponent.service(WebComponent.java:401)
	at org.glassfish.jersey.servlet.ServletContainer.service(ServletContainer.java:386)
	at org.glassfish.jersey.servlet.ServletContainer.service(ServletContainer.java:335)
	at org.glassfish.jersey.servlet.ServletContainer.service(ServletContainer.java:222)
	at org.apache.catalina.core.ApplicationFilterChain.internalDoFilter(ApplicationFilterChain.java:231)
	at org.apache.catalina.core.ApplicationFilterChain.doFilter(ApplicationFilterChain.java:166)
	at org.apache.tomcat.websocket.server.WsFilter.doFilter(WsFilter.java:52)
	at org.apache.catalina.core.ApplicationFilterChain.internalDoFilter(ApplicationFilterChain.java:193)
	at org.apache.catalina.core.ApplicationFilterChain.doFilter(ApplicationFilterChain.java:166)
	at org.apache.catalina.core.StandardWrapperValve.invoke(StandardWrapperValve.java:198)
	at org.apache.catalina.core.StandardContextValve.invoke(StandardContextValve.java:96)
	at org.apache.catalina.authenticator.AuthenticatorBase.invoke(AuthenticatorBase.java:478)
	at org.apache.catalina.core.StandardHostValve.invoke(StandardHostValve.java:140)
	at org.apache.catalina.valves.ErrorReportValve.invoke(ErrorReportValve.java:80)
	at org.apache.catalina.valves.AbstractAccessLogValve.invoke(AbstractAccessLogValve.java:624)
	at org.apache.catalina.core.StandardEngineValve.invoke(StandardEngineValve.java:87)
	at org.apache.catalina.connector.CoyoteAdapter.service(CoyoteAdapter.java:342)
	at org.apache.coyote.http11.Http11Processor.service(Http11Processor.java:799)
	at org.apache.coyote.AbstractProcessorLight.process(AbstractProcessorLight.java:66)
	at org.apache.coyote.AbstractProtocol$ConnectionHandler.process(AbstractProtocol.java:861)
	at org.apache.tomcat.util.net.NioEndpoint$SocketProcessor.doRun(NioEndpoint.java:1455)
	at org.apache.tomcat.util.net.SocketProcessorBase.run(SocketProcessorBase.java:49)
	at java.util.concurrent.ThreadPoolExecutor.runWorker(ThreadPoolExecutor.java:1142)
	at java.util.concurrent.ThreadPoolExecutor$Worker.run(ThreadPoolExecutor.java:617)
	at org.apache.tomcat.util.threads.TaskThread$WrappingRunnable.run(TaskThread.java:61)
	at java.lang.Thread.run(Thread.java:748)

27-Mar-2018 10:55:42.195 SEVERE [http-nio-8080-exec-17] org.glassfish.jersey.server.wadl.internal.generators.WadlGeneratorJAXBGrammarGenerator.buildModelAndSchemas Failed to generate the schema for the JAX-B elements
 com.sun.xml.internal.bind.v2.runtime.IllegalAnnotationsException: 4 counts of IllegalAnnotationExceptions
Two classes have the same XML type name "orgIdEntity". Use @XmlType.name and @XmlType.namespace to assign different names to them.
	this problem is related to the following location:
		at PFMSPaymentEntity.OrgIdEntity
		at public java.util.List PFMSPaymentEntity.PaymentInfoEntity.getOrgid()
		at PFMSPaymentEntity.PaymentInfoEntity
		at public java.util.List PFMSPaymentEntity.LinkPaymentHeaderBodyEntity.getPaymentinfolist()
		at PFMSPaymentEntity.LinkPaymentHeaderBodyEntity
		at public java.util.List PFMSPaymentEntity.PFMSPaymentEntity.getLinkpaymentheadbody()
		at PFMSPaymentEntity.PFMSPaymentEntity
	this problem is related to the following location:
		at PFMSRequestentity.OrgIdEntity
		at public java.util.List PFMSRequestentity.CstmrTxInf.getOrgid()
		at PFMSRequestentity.CstmrTxInf
		at public java.util.List PFMSRequestentity.CustInfEntity.getCusttxninfo()
		at PFMSRequestentity.CustInfEntity
		at public java.util.List PFMSRequestentity.LinkHeaderBodyEntity.getCustlist()
		at PFMSRequestentity.LinkHeaderBodyEntity
		at public java.util.List PFMSRequestentity.PFMSEntity.getLinkheadbody()
		at PFMSRequestentity.PFMSEntity
Two classes have the same XML type name "purpEntity". Use @XmlType.name and @XmlType.namespace to assign different names to them.
	this problem is related to the following location:
		at PFMSPaymentEntity.PurpEntity
		at public java.util.List PFMSPaymentEntity.CdtTrfTxInfEntity.getPurp()
		at PFMSPaymentEntity.CdtTrfTxInfEntity
		at public java.util.List PFMSPaymentEntity.PaymentInfoEntity.getCdttrftxinf()
		at PFMSPaymentEntity.PaymentInfoEntity
		at public java.util.List PFMSPaymentEntity.LinkPaymentHeaderBodyEntity.getPaymentinfolist()
		at PFMSPaymentEntity.LinkPaymentHeaderBodyEntity
		at public java.util.List PFMSPaymentEntity.PFMSPaymentEntity.getLinkpaymentheadbody()
		at PFMSPaymentEntity.PFMSPaymentEntity
	this problem is related to the following location:
		at PFMSRequestentity.PurpEntity
		at public java.util.List PFMSRequestentity.CstmrEntity.getPurp()
		at PFMSRequestentity.CstmrEntity
		at public java.util.List PFMSRequestentity.CstmrTxInf.getCstmr()
		at PFMSRequestentity.CstmrTxInf
		at public java.util.List PFMSRequestentity.CustInfEntity.getCusttxninfo()
		at PFMSRequestentity.CustInfEntity
		at public java.util.List PFMSRequestentity.LinkHeaderBodyEntity.getCustlist()
		at PFMSRequestentity.LinkHeaderBodyEntity
		at public java.util.List PFMSRequestentity.PFMSEntity.getLinkheadbody()
		at PFMSRequestentity.PFMSEntity
Two classes have the same XML type name "pstlAdrEntity". Use @XmlType.name and @XmlType.namespace to assign different names to them.
	this problem is related to the following location:
		at PFMSPaymentEntity.PstlAdrEntity
		at public java.util.List PFMSPaymentEntity.CdtrEntity.getPstlAdr()
		at PFMSPaymentEntity.CdtrEntity
		at public java.util.List PFMSPaymentEntity.CdtTrfTxInfEntity.getCdtr()
		at PFMSPaymentEntity.CdtTrfTxInfEntity
		at public java.util.List PFMSPaymentEntity.PaymentInfoEntity.getCdttrftxinf()
		at PFMSPaymentEntity.PaymentInfoEntity
		at public java.util.List PFMSPaymentEntity.LinkPaymentHeaderBodyEntity.getPaymentinfolist()
		at PFMSPaymentEntity.LinkPaymentHeaderBodyEntity
		at public java.util.List PFMSPaymentEntity.PFMSPaymentEntity.getLinkpaymentheadbody()
		at PFMSPaymentEntity.PFMSPaymentEntity
	this problem is related to the following location:
		at PFMSRequestentity.PstlAdrEntity
		at public java.util.List PFMSRequestentity.CstmrEntity.getPstladr()
		at PFMSRequestentity.CstmrEntity
		at public java.util.List PFMSRequestentity.CstmrTxInf.getCstmr()
		at PFMSRequestentity.CstmrTxInf
		at public java.util.List PFMSRequestentity.CustInfEntity.getCusttxninfo()
		at PFMSRequestentity.CustInfEntity
		at public java.util.List PFMSRequestentity.LinkHeaderBodyEntity.getCustlist()
		at PFMSRequestentity.LinkHeaderBodyEntity
		at public java.util.List PFMSRequestentity.PFMSEntity.getLinkheadbody()
		at PFMSRequestentity.PFMSEntity
Two classes have the same XML type name "othrEntity". Use @XmlType.name and @XmlType.namespace to assign different names to them.
	this problem is related to the following location:
		at PFMSPaymentEntity.othrEntity
		at public java.util.List PFMSPaymentEntity.IdEntity.getOthr()
		at PFMSPaymentEntity.IdEntity
		at public java.util.List PFMSPaymentEntity.CdtrAcctEntity.getId()
		at PFMSPaymentEntity.CdtrAcctEntity
		at public java.util.List PFMSPaymentEntity.CdtrEntity.getCdtracct()
		at PFMSPaymentEntity.CdtrEntity
		at public java.util.List PFMSPaymentEntity.CdtTrfTxInfEntity.getCdtr()
		at PFMSPaymentEntity.CdtTrfTxInfEntity
		at public java.util.List PFMSPaymentEntity.PaymentInfoEntity.getCdttrftxinf()
		at PFMSPaymentEntity.PaymentInfoEntity
		at public java.util.List PFMSPaymentEntity.LinkPaymentHeaderBodyEntity.getPaymentinfolist()
		at PFMSPaymentEntity.LinkPaymentHeaderBodyEntity
		at public java.util.List PFMSPaymentEntity.PFMSPaymentEntity.getLinkpaymentheadbody()
		at PFMSPaymentEntity.PFMSPaymentEntity
	this problem is related to the following location:
		at PFMSRequestentity.OthrEntity
		at public java.util.List PFMSRequestentity.AcctId.getOthr()
		at PFMSRequestentity.AcctId
		at public java.util.List PFMSRequestentity.CstmrAcct.getAcctid()
		at PFMSRequestentity.CstmrAcct
		at public java.util.List PFMSRequestentity.CstmrEntity.getCstmracct()
		at PFMSRequestentity.CstmrEntity
		at public java.util.List PFMSRequestentity.CstmrTxInf.getCstmr()
		at PFMSRequestentity.CstmrTxInf
		at public java.util.List PFMSRequestentity.CustInfEntity.getCusttxninfo()
		at PFMSRequestentity.CustInfEntity
		at public java.util.List PFMSRequestentity.LinkHeaderBodyEntity.getCustlist()
		at PFMSRequestentity.LinkHeaderBodyEntity
		at public java.util.List PFMSRequestentity.PFMSEntity.getLinkheadbody()
		at PFMSRequestentity.PFMSEntity

	at com.sun.xml.internal.bind.v2.runtime.IllegalAnnotationsException$Builder.check(IllegalAnnotationsException.java:91)
	at com.sun.xml.internal.bind.v2.runtime.JAXBContextImpl.getTypeInfoSet(JAXBContextImpl.java:445)
	at com.sun.xml.internal.bind.v2.runtime.JAXBContextImpl.<init>(JAXBContextImpl.java:277)
	at com.sun.xml.internal.bind.v2.runtime.JAXBContextImpl.<init>(JAXBContextImpl.java:124)
	at com.sun.xml.internal.bind.v2.runtime.JAXBContextImpl$JAXBContextBuilder.build(JAXBContextImpl.java:1123)
	at com.sun.xml.internal.bind.v2.ContextFactory.createContext(ContextFactory.java:147)
	at sun.reflect.NativeMethodAccessorImpl.invoke0(Native Method)
	at sun.reflect.NativeMethodAccessorImpl.invoke(NativeMethodAccessorImpl.java:62)
	at sun.reflect.DelegatingMethodAccessorImpl.invoke(DelegatingMethodAccessorImpl.java:43)
	at java.lang.reflect.Method.invoke(Method.java:498)
	at javax.xml.bind.ContextFinder.newInstance(ContextFinder.java:247)
	at javax.xml.bind.ContextFinder.newInstance(ContextFinder.java:234)
	at javax.xml.bind.ContextFinder.find(ContextFinder.java:462)
	at javax.xml.bind.JAXBContext.newInstance(JAXBContext.java:641)
	at javax.xml.bind.JAXBContext.newInstance(JAXBContext.java:584)
	at org.glassfish.jersey.server.wadl.internal.generators.WadlGeneratorJAXBGrammarGenerator.buildModelAndSchemas(WadlGeneratorJAXBGrammarGenerator.java:366)
	at org.glassfish.jersey.server.wadl.internal.generators.WadlGeneratorJAXBGrammarGenerator.createExternalGrammar(WadlGeneratorJAXBGrammarGenerator.java:315)
	at org.glassfish.jersey.server.wadl.internal.WadlBuilder.generate(WadlBuilder.java:122)
	at org.glassfish.jersey.server.wadl.internal.WadlApplicationContextImpl.getApplication(WadlApplicationContextImpl.java:144)
	at org.glassfish.jersey.server.wadl.internal.WadlApplicationContextImpl.getApplication(WadlApplicationContextImpl.java:162)
	at org.glassfish.jersey.server.wadl.processor.WadlModelProcessor$OptionsHandler.apply(WadlModelProcessor.java:137)
	at org.glassfish.jersey.server.wadl.processor.WadlModelProcessor$OptionsHandler.apply(WadlModelProcessor.java:119)
	at sun.reflect.NativeMethodAccessorImpl.invoke0(Native Method)
	at sun.reflect.NativeMethodAccessorImpl.invoke(NativeMethodAccessorImpl.java:62)
	at sun.reflect.DelegatingMethodAccessorImpl.invoke(DelegatingMethodAccessorImpl.java:43)
	at java.lang.reflect.Method.invoke(Method.java:498)
	at org.glassfish.jersey.server.model.internal.ResourceMethodInvocationHandlerFactory$1.invoke(ResourceMethodInvocationHandlerFactory.java:81)
	at org.glassfish.jersey.server.model.internal.AbstractJavaResourceMethodDispatcher$1.run(AbstractJavaResourceMethodDispatcher.java:164)
	at org.glassfish.jersey.server.model.internal.AbstractJavaResourceMethodDispatcher.invoke(AbstractJavaResourceMethodDispatcher.java:181)
	at org.glassfish.jersey.server.model.internal.JavaResourceMethodDispatcherProvider$ResponseOutInvoker.doDispatch(JavaResourceMethodDispatcherProvider.java:158)
	at org.glassfish.jersey.server.model.internal.AbstractJavaResourceMethodDispatcher.dispatch(AbstractJavaResourceMethodDispatcher.java:101)
	at org.glassfish.jersey.server.model.ResourceMethodInvoker.invoke(ResourceMethodInvoker.java:389)
	at org.glassfish.jersey.server.model.ResourceMethodInvoker.apply(ResourceMethodInvoker.java:347)
	at org.glassfish.jersey.server.model.ResourceMethodInvoker.apply(ResourceMethodInvoker.java:102)
	at org.glassfish.jersey.server.ServerRuntime$2.run(ServerRuntime.java:305)
	at org.glassfish.jersey.internal.Errors$1.call(Errors.java:271)
	at org.glassfish.jersey.internal.Errors$1.call(Errors.java:267)
	at org.glassfish.jersey.internal.Errors.process(Errors.java:315)
	at org.glassfish.jersey.internal.Errors.process(Errors.java:297)
	at org.glassfish.jersey.internal.Errors.process(Errors.java:267)
	at org.glassfish.jersey.process.internal.RequestScope.runInScope(RequestScope.java:317)
	at org.glassfish.jersey.server.ServerRuntime.process(ServerRuntime.java:288)
	at org.glassfish.jersey.server.ApplicationHandler.handle(ApplicationHandler.java:1110)
	at org.glassfish.jersey.servlet.WebComponent.service(WebComponent.java:401)
	at org.glassfish.jersey.servlet.ServletContainer.service(ServletContainer.java:386)
	at org.glassfish.jersey.servlet.ServletContainer.service(ServletContainer.java:335)
	at org.glassfish.jersey.servlet.ServletContainer.service(ServletContainer.java:222)
	at org.apache.catalina.core.ApplicationFilterChain.internalDoFilter(ApplicationFilterChain.java:231)
	at org.apache.catalina.core.ApplicationFilterChain.doFilter(ApplicationFilterChain.java:166)
	at org.apache.tomcat.websocket.server.WsFilter.doFilter(WsFilter.java:52)
	at org.apache.catalina.core.ApplicationFilterChain.internalDoFilter(ApplicationFilterChain.java:193)
	at org.apache.catalina.core.ApplicationFilterChain.doFilter(ApplicationFilterChain.java:166)
	at org.apache.catalina.core.StandardWrapperValve.invoke(StandardWrapperValve.java:198)
	at org.apache.catalina.core.StandardContextValve.invoke(StandardContextValve.java:96)
	at org.apache.catalina.authenticator.AuthenticatorBase.invoke(AuthenticatorBase.java:478)
	at org.apache.catalina.core.StandardHostValve.invoke(StandardHostValve.java:140)
	at org.apache.catalina.valves.ErrorReportValve.invoke(ErrorReportValve.java:80)
	at org.apache.catalina.valves.AbstractAccessLogValve.invoke(AbstractAccessLogValve.java:624)
	at org.apache.catalina.core.StandardEngineValve.invoke(StandardEngineValve.java:87)
	at org.apache.catalina.connector.CoyoteAdapter.service(CoyoteAdapter.java:342)
	at org.apache.coyote.http11.Http11Processor.service(Http11Processor.java:799)
	at org.apache.coyote.AbstractProcessorLight.process(AbstractProcessorLight.java:66)
	at org.apache.coyote.AbstractProtocol$ConnectionHandler.process(AbstractProtocol.java:861)
	at org.apache.tomcat.util.net.NioEndpoint$SocketProcessor.doRun(NioEndpoint.java:1455)
	at org.apache.tomcat.util.net.SocketProcessorBase.run(SocketProcessorBase.java:49)
	at java.util.concurrent.ThreadPoolExecutor.runWorker(ThreadPoolExecutor.java:1142)
	at java.util.concurrent.ThreadPoolExecutor$Worker.run(ThreadPoolExecutor.java:617)
	at org.apache.tomcat.util.threads.TaskThread$WrappingRunnable.run(TaskThread.java:61)
	at java.lang.Thread.run(Thread.java:748)

27-Mar-2018 10:56:58.303 SEVERE [http-nio-8080-exec-11] org.glassfish.jersey.server.wadl.internal.generators.WadlGeneratorJAXBGrammarGenerator.buildModelAndSchemas Failed to generate the schema for the JAX-B elements
 com.sun.xml.internal.bind.v2.runtime.IllegalAnnotationsException: 4 counts of IllegalAnnotationExceptions
Two classes have the same XML type name "orgIdEntity". Use @XmlType.name and @XmlType.namespace to assign different names to them.
	this problem is related to the following location:
		at PFMSPaymentEntity.OrgIdEntity
		at public java.util.List PFMSPaymentEntity.PaymentInfoEntity.getOrgid()
		at PFMSPaymentEntity.PaymentInfoEntity
		at public java.util.List PFMSPaymentEntity.LinkPaymentHeaderBodyEntity.getPaymentinfolist()
		at PFMSPaymentEntity.LinkPaymentHeaderBodyEntity
		at public java.util.List PFMSPaymentEntity.PFMSPaymentEntity.getLinkpaymentheadbody()
		at PFMSPaymentEntity.PFMSPaymentEntity
	this problem is related to the following location:
		at PFMSRequestentity.OrgIdEntity
		at public java.util.List PFMSRequestentity.CstmrTxInf.getOrgid()
		at PFMSRequestentity.CstmrTxInf
		at public java.util.List PFMSRequestentity.CustInfEntity.getCusttxninfo()
		at PFMSRequestentity.CustInfEntity
		at public java.util.List PFMSRequestentity.LinkHeaderBodyEntity.getCustlist()
		at PFMSRequestentity.LinkHeaderBodyEntity
		at public java.util.List PFMSRequestentity.PFMSEntity.getLinkheadbody()
		at PFMSRequestentity.PFMSEntity
Two classes have the same XML type name "purpEntity". Use @XmlType.name and @XmlType.namespace to assign different names to them.
	this problem is related to the following location:
		at PFMSPaymentEntity.PurpEntity
		at public java.util.List PFMSPaymentEntity.CdtTrfTxInfEntity.getPurp()
		at PFMSPaymentEntity.CdtTrfTxInfEntity
		at public java.util.List PFMSPaymentEntity.PaymentInfoEntity.getCdttrftxinf()
		at PFMSPaymentEntity.PaymentInfoEntity
		at public java.util.List PFMSPaymentEntity.LinkPaymentHeaderBodyEntity.getPaymentinfolist()
		at PFMSPaymentEntity.LinkPaymentHeaderBodyEntity
		at public java.util.List PFMSPaymentEntity.PFMSPaymentEntity.getLinkpaymentheadbody()
		at PFMSPaymentEntity.PFMSPaymentEntity
	this problem is related to the following location:
		at PFMSRequestentity.PurpEntity
		at public java.util.List PFMSRequestentity.CstmrEntity.getPurp()
		at PFMSRequestentity.CstmrEntity
		at public java.util.List PFMSRequestentity.CstmrTxInf.getCstmr()
		at PFMSRequestentity.CstmrTxInf
		at public java.util.List PFMSRequestentity.CustInfEntity.getCusttxninfo()
		at PFMSRequestentity.CustInfEntity
		at public java.util.List PFMSRequestentity.LinkHeaderBodyEntity.getCustlist()
		at PFMSRequestentity.LinkHeaderBodyEntity
		at public java.util.List PFMSRequestentity.PFMSEntity.getLinkheadbody()
		at PFMSRequestentity.PFMSEntity
Two classes have the same XML type name "pstlAdrEntity". Use @XmlType.name and @XmlType.namespace to assign different names to them.
	this problem is related to the following location:
		at PFMSPaymentEntity.PstlAdrEntity
		at public java.util.List PFMSPaymentEntity.CdtrEntity.getPstlAdr()
		at PFMSPaymentEntity.CdtrEntity
		at public java.util.List PFMSPaymentEntity.CdtTrfTxInfEntity.getCdtr()
		at PFMSPaymentEntity.CdtTrfTxInfEntity
		at public java.util.List PFMSPaymentEntity.PaymentInfoEntity.getCdttrftxinf()
		at PFMSPaymentEntity.PaymentInfoEntity
		at public java.util.List PFMSPaymentEntity.LinkPaymentHeaderBodyEntity.getPaymentinfolist()
		at PFMSPaymentEntity.LinkPaymentHeaderBodyEntity
		at public java.util.List PFMSPaymentEntity.PFMSPaymentEntity.getLinkpaymentheadbody()
		at PFMSPaymentEntity.PFMSPaymentEntity
	this problem is related to the following location:
		at PFMSRequestentity.PstlAdrEntity
		at public java.util.List PFMSRequestentity.CstmrEntity.getPstladr()
		at PFMSRequestentity.CstmrEntity
		at public java.util.List PFMSRequestentity.CstmrTxInf.getCstmr()
		at PFMSRequestentity.CstmrTxInf
		at public java.util.List PFMSRequestentity.CustInfEntity.getCusttxninfo()
		at PFMSRequestentity.CustInfEntity
		at public java.util.List PFMSRequestentity.LinkHeaderBodyEntity.getCustlist()
		at PFMSRequestentity.LinkHeaderBodyEntity
		at public java.util.List PFMSRequestentity.PFMSEntity.getLinkheadbody()
		at PFMSRequestentity.PFMSEntity
Two classes have the same XML type name "othrEntity". Use @XmlType.name and @XmlType.namespace to assign different names to them.
	this problem is related to the following location:
		at PFMSPaymentEntity.othrEntity
		at public java.util.List PFMSPaymentEntity.IdEntity.getOthr()
		at PFMSPaymentEntity.IdEntity
		at public java.util.List PFMSPaymentEntity.CdtrAcctEntity.getId()
		at PFMSPaymentEntity.CdtrAcctEntity
		at public java.util.List PFMSPaymentEntity.CdtrEntity.getCdtracct()
		at PFMSPaymentEntity.CdtrEntity
		at public java.util.List PFMSPaymentEntity.CdtTrfTxInfEntity.getCdtr()
		at PFMSPaymentEntity.CdtTrfTxInfEntity
		at public java.util.List PFMSPaymentEntity.PaymentInfoEntity.getCdttrftxinf()
		at PFMSPaymentEntity.PaymentInfoEntity
		at public java.util.List PFMSPaymentEntity.LinkPaymentHeaderBodyEntity.getPaymentinfolist()
		at PFMSPaymentEntity.LinkPaymentHeaderBodyEntity
		at public java.util.List PFMSPaymentEntity.PFMSPaymentEntity.getLinkpaymentheadbody()
		at PFMSPaymentEntity.PFMSPaymentEntity
	this problem is related to the following location:
		at PFMSRequestentity.OthrEntity
		at public java.util.List PFMSRequestentity.AcctId.getOthr()
		at PFMSRequestentity.AcctId
		at public java.util.List PFMSRequestentity.CstmrAcct.getAcctid()
		at PFMSRequestentity.CstmrAcct
		at public java.util.List PFMSRequestentity.CstmrEntity.getCstmracct()
		at PFMSRequestentity.CstmrEntity
		at public java.util.List PFMSRequestentity.CstmrTxInf.getCstmr()
		at PFMSRequestentity.CstmrTxInf
		at public java.util.List PFMSRequestentity.CustInfEntity.getCusttxninfo()
		at PFMSRequestentity.CustInfEntity
		at public java.util.List PFMSRequestentity.LinkHeaderBodyEntity.getCustlist()
		at PFMSRequestentity.LinkHeaderBodyEntity
		at public java.util.List PFMSRequestentity.PFMSEntity.getLinkheadbody()
		at PFMSRequestentity.PFMSEntity

	at com.sun.xml.internal.bind.v2.runtime.IllegalAnnotationsException$Builder.check(IllegalAnnotationsException.java:91)
	at com.sun.xml.internal.bind.v2.runtime.JAXBContextImpl.getTypeInfoSet(JAXBContextImpl.java:445)
	at com.sun.xml.internal.bind.v2.runtime.JAXBContextImpl.<init>(JAXBContextImpl.java:277)
	at com.sun.xml.internal.bind.v2.runtime.JAXBContextImpl.<init>(JAXBContextImpl.java:124)
	at com.sun.xml.internal.bind.v2.runtime.JAXBContextImpl$JAXBContextBuilder.build(JAXBContextImpl.java:1123)
	at com.sun.xml.internal.bind.v2.ContextFactory.createContext(ContextFactory.java:147)
	at sun.reflect.NativeMethodAccessorImpl.invoke0(Native Method)
	at sun.reflect.NativeMethodAccessorImpl.invoke(NativeMethodAccessorImpl.java:62)
	at sun.reflect.DelegatingMethodAccessorImpl.invoke(DelegatingMethodAccessorImpl.java:43)
	at java.lang.reflect.Method.invoke(Method.java:498)
	at javax.xml.bind.ContextFinder.newInstance(ContextFinder.java:247)
	at javax.xml.bind.ContextFinder.newInstance(ContextFinder.java:234)
	at javax.xml.bind.ContextFinder.find(ContextFinder.java:462)
	at javax.xml.bind.JAXBContext.newInstance(JAXBContext.java:641)
	at javax.xml.bind.JAXBContext.newInstance(JAXBContext.java:584)
	at org.glassfish.jersey.server.wadl.internal.generators.WadlGeneratorJAXBGrammarGenerator.buildModelAndSchemas(WadlGeneratorJAXBGrammarGenerator.java:366)
	at org.glassfish.jersey.server.wadl.internal.generators.WadlGeneratorJAXBGrammarGenerator.createExternalGrammar(WadlGeneratorJAXBGrammarGenerator.java:315)
	at org.glassfish.jersey.server.wadl.internal.WadlBuilder.generate(WadlBuilder.java:122)
	at org.glassfish.jersey.server.wadl.internal.WadlApplicationContextImpl.getApplication(WadlApplicationContextImpl.java:144)
	at org.glassfish.jersey.server.wadl.internal.WadlApplicationContextImpl.getApplication(WadlApplicationContextImpl.java:162)
	at org.glassfish.jersey.server.wadl.processor.WadlModelProcessor$OptionsHandler.apply(WadlModelProcessor.java:137)
	at org.glassfish.jersey.server.wadl.processor.WadlModelProcessor$OptionsHandler.apply(WadlModelProcessor.java:119)
	at sun.reflect.NativeMethodAccessorImpl.invoke0(Native Method)
	at sun.reflect.NativeMethodAccessorImpl.invoke(NativeMethodAccessorImpl.java:62)
	at sun.reflect.DelegatingMethodAccessorImpl.invoke(DelegatingMethodAccessorImpl.java:43)
	at java.lang.reflect.Method.invoke(Method.java:498)
	at org.glassfish.jersey.server.model.internal.ResourceMethodInvocationHandlerFactory$1.invoke(ResourceMethodInvocationHandlerFactory.java:81)
	at org.glassfish.jersey.server.model.internal.AbstractJavaResourceMethodDispatcher$1.run(AbstractJavaResourceMethodDispatcher.java:164)
	at org.glassfish.jersey.server.model.internal.AbstractJavaResourceMethodDispatcher.invoke(AbstractJavaResourceMethodDispatcher.java:181)
	at org.glassfish.jersey.server.model.internal.JavaResourceMethodDispatcherProvider$ResponseOutInvoker.doDispatch(JavaResourceMethodDispatcherProvider.java:158)
	at org.glassfish.jersey.server.model.internal.AbstractJavaResourceMethodDispatcher.dispatch(AbstractJavaResourceMethodDispatcher.java:101)
	at org.glassfish.jersey.server.model.ResourceMethodInvoker.invoke(ResourceMethodInvoker.java:389)
	at org.glassfish.jersey.server.model.ResourceMethodInvoker.apply(ResourceMethodInvoker.java:347)
	at org.glassfish.jersey.server.model.ResourceMethodInvoker.apply(ResourceMethodInvoker.java:102)
	at org.glassfish.jersey.server.ServerRuntime$2.run(ServerRuntime.java:305)
	at org.glassfish.jersey.internal.Errors$1.call(Errors.java:271)
	at org.glassfish.jersey.internal.Errors$1.call(Errors.java:267)
	at org.glassfish.jersey.internal.Errors.process(Errors.java:315)
	at org.glassfish.jersey.internal.Errors.process(Errors.java:297)
	at org.glassfish.jersey.internal.Errors.process(Errors.java:267)
	at org.glassfish.jersey.process.internal.RequestScope.runInScope(RequestScope.java:317)
	at org.glassfish.jersey.server.ServerRuntime.process(ServerRuntime.java:288)
	at org.glassfish.jersey.server.ApplicationHandler.handle(ApplicationHandler.java:1110)
	at org.glassfish.jersey.servlet.WebComponent.service(WebComponent.java:401)
	at org.glassfish.jersey.servlet.ServletContainer.service(ServletContainer.java:386)
	at org.glassfish.jersey.servlet.ServletContainer.service(ServletContainer.java:335)
	at org.glassfish.jersey.servlet.ServletContainer.service(ServletContainer.java:222)
	at org.apache.catalina.core.ApplicationFilterChain.internalDoFilter(ApplicationFilterChain.java:231)
	at org.apache.catalina.core.ApplicationFilterChain.doFilter(ApplicationFilterChain.java:166)
	at org.apache.tomcat.websocket.server.WsFilter.doFilter(WsFilter.java:52)
	at org.apache.catalina.core.ApplicationFilterChain.internalDoFilter(ApplicationFilterChain.java:193)
	at org.apache.catalina.core.ApplicationFilterChain.doFilter(ApplicationFilterChain.java:166)
	at org.apache.catalina.core.StandardWrapperValve.invoke(StandardWrapperValve.java:198)
	at org.apache.catalina.core.StandardContextValve.invoke(StandardContextValve.java:96)
	at org.apache.catalina.authenticator.AuthenticatorBase.invoke(AuthenticatorBase.java:478)
	at org.apache.catalina.core.StandardHostValve.invoke(StandardHostValve.java:140)
	at org.apache.catalina.valves.ErrorReportValve.invoke(ErrorReportValve.java:80)
	at org.apache.catalina.valves.AbstractAccessLogValve.invoke(AbstractAccessLogValve.java:624)
	at org.apache.catalina.core.StandardEngineValve.invoke(StandardEngineValve.java:87)
	at org.apache.catalina.connector.CoyoteAdapter.service(CoyoteAdapter.java:342)
	at org.apache.coyote.http11.Http11Processor.service(Http11Processor.java:799)
	at org.apache.coyote.AbstractProcessorLight.process(AbstractProcessorLight.java:66)
	at org.apache.coyote.AbstractProtocol$ConnectionHandler.process(AbstractProtocol.java:861)
	at org.apache.tomcat.util.net.NioEndpoint$SocketProcessor.doRun(NioEndpoint.java:1455)
	at org.apache.tomcat.util.net.SocketProcessorBase.run(SocketProcessorBase.java:49)
	at java.util.concurrent.ThreadPoolExecutor.runWorker(ThreadPoolExecutor.java:1142)
	at java.util.concurrent.ThreadPoolExecutor$Worker.run(ThreadPoolExecutor.java:617)
	at org.apache.tomcat.util.threads.TaskThread$WrappingRunnable.run(TaskThread.java:61)
	at java.lang.Thread.run(Thread.java:748)

27-Mar-2018 10:57:08.676 SEVERE [http-nio-8080-exec-12] org.glassfish.jersey.server.wadl.internal.generators.WadlGeneratorJAXBGrammarGenerator.buildModelAndSchemas Failed to generate the schema for the JAX-B elements
 com.sun.xml.internal.bind.v2.runtime.IllegalAnnotationsException: 4 counts of IllegalAnnotationExceptions
Two classes have the same XML type name "orgIdEntity". Use @XmlType.name and @XmlType.namespace to assign different names to them.
	this problem is related to the following location:
		at PFMSPaymentEntity.OrgIdEntity
		at public java.util.List PFMSPaymentEntity.PaymentInfoEntity.getOrgid()
		at PFMSPaymentEntity.PaymentInfoEntity
		at public java.util.List PFMSPaymentEntity.LinkPaymentHeaderBodyEntity.getPaymentinfolist()
		at PFMSPaymentEntity.LinkPaymentHeaderBodyEntity
		at public java.util.List PFMSPaymentEntity.PFMSPaymentEntity.getLinkpaymentheadbody()
		at PFMSPaymentEntity.PFMSPaymentEntity
	this problem is related to the following location:
		at PFMSRequestentity.OrgIdEntity
		at public java.util.List PFMSRequestentity.CstmrTxInf.getOrgid()
		at PFMSRequestentity.CstmrTxInf
		at public java.util.List PFMSRequestentity.CustInfEntity.getCusttxninfo()
		at PFMSRequestentity.CustInfEntity
		at public java.util.List PFMSRequestentity.LinkHeaderBodyEntity.getCustlist()
		at PFMSRequestentity.LinkHeaderBodyEntity
		at public java.util.List PFMSRequestentity.PFMSEntity.getLinkheadbody()
		at PFMSRequestentity.PFMSEntity
Two classes have the same XML type name "purpEntity". Use @XmlType.name and @XmlType.namespace to assign different names to them.
	this problem is related to the following location:
		at PFMSPaymentEntity.PurpEntity
		at public java.util.List PFMSPaymentEntity.CdtTrfTxInfEntity.getPurp()
		at PFMSPaymentEntity.CdtTrfTxInfEntity
		at public java.util.List PFMSPaymentEntity.PaymentInfoEntity.getCdttrftxinf()
		at PFMSPaymentEntity.PaymentInfoEntity
		at public java.util.List PFMSPaymentEntity.LinkPaymentHeaderBodyEntity.getPaymentinfolist()
		at PFMSPaymentEntity.LinkPaymentHeaderBodyEntity
		at public java.util.List PFMSPaymentEntity.PFMSPaymentEntity.getLinkpaymentheadbody()
		at PFMSPaymentEntity.PFMSPaymentEntity
	this problem is related to the following location:
		at PFMSRequestentity.PurpEntity
		at public java.util.List PFMSRequestentity.CstmrEntity.getPurp()
		at PFMSRequestentity.CstmrEntity
		at public java.util.List PFMSRequestentity.CstmrTxInf.getCstmr()
		at PFMSRequestentity.CstmrTxInf
		at public java.util.List PFMSRequestentity.CustInfEntity.getCusttxninfo()
		at PFMSRequestentity.CustInfEntity
		at public java.util.List PFMSRequestentity.LinkHeaderBodyEntity.getCustlist()
		at PFMSRequestentity.LinkHeaderBodyEntity
		at public java.util.List PFMSRequestentity.PFMSEntity.getLinkheadbody()
		at PFMSRequestentity.PFMSEntity
Two classes have the same XML type name "pstlAdrEntity". Use @XmlType.name and @XmlType.namespace to assign different names to them.
	this problem is related to the following location:
		at PFMSPaymentEntity.PstlAdrEntity
		at public java.util.List PFMSPaymentEntity.CdtrEntity.getPstlAdr()
		at PFMSPaymentEntity.CdtrEntity
		at public java.util.List PFMSPaymentEntity.CdtTrfTxInfEntity.getCdtr()
		at PFMSPaymentEntity.CdtTrfTxInfEntity
		at public java.util.List PFMSPaymentEntity.PaymentInfoEntity.getCdttrftxinf()
		at PFMSPaymentEntity.PaymentInfoEntity
		at public java.util.List PFMSPaymentEntity.LinkPaymentHeaderBodyEntity.getPaymentinfolist()
		at PFMSPaymentEntity.LinkPaymentHeaderBodyEntity
		at public java.util.List PFMSPaymentEntity.PFMSPaymentEntity.getLinkpaymentheadbody()
		at PFMSPaymentEntity.PFMSPaymentEntity
	this problem is related to the following location:
		at PFMSRequestentity.PstlAdrEntity
		at public java.util.List PFMSRequestentity.CstmrEntity.getPstladr()
		at PFMSRequestentity.CstmrEntity
		at public java.util.List PFMSRequestentity.CstmrTxInf.getCstmr()
		at PFMSRequestentity.CstmrTxInf
		at public java.util.List PFMSRequestentity.CustInfEntity.getCusttxninfo()
		at PFMSRequestentity.CustInfEntity
		at public java.util.List PFMSRequestentity.LinkHeaderBodyEntity.getCustlist()
		at PFMSRequestentity.LinkHeaderBodyEntity
		at public java.util.List PFMSRequestentity.PFMSEntity.getLinkheadbody()
		at PFMSRequestentity.PFMSEntity
Two classes have the same XML type name "othrEntity". Use @XmlType.name and @XmlType.namespace to assign different names to them.
	this problem is related to the following location:
		at PFMSPaymentEntity.othrEntity
		at public java.util.List PFMSPaymentEntity.IdEntity.getOthr()
		at PFMSPaymentEntity.IdEntity
		at public java.util.List PFMSPaymentEntity.CdtrAcctEntity.getId()
		at PFMSPaymentEntity.CdtrAcctEntity
		at public java.util.List PFMSPaymentEntity.CdtrEntity.getCdtracct()
		at PFMSPaymentEntity.CdtrEntity
		at public java.util.List PFMSPaymentEntity.CdtTrfTxInfEntity.getCdtr()
		at PFMSPaymentEntity.CdtTrfTxInfEntity
		at public java.util.List PFMSPaymentEntity.PaymentInfoEntity.getCdttrftxinf()
		at PFMSPaymentEntity.PaymentInfoEntity
		at public java.util.List PFMSPaymentEntity.LinkPaymentHeaderBodyEntity.getPaymentinfolist()
		at PFMSPaymentEntity.LinkPaymentHeaderBodyEntity
		at public java.util.List PFMSPaymentEntity.PFMSPaymentEntity.getLinkpaymentheadbody()
		at PFMSPaymentEntity.PFMSPaymentEntity
	this problem is related to the following location:
		at PFMSRequestentity.OthrEntity
		at public java.util.List PFMSRequestentity.AcctId.getOthr()
		at PFMSRequestentity.AcctId
		at public java.util.List PFMSRequestentity.CstmrAcct.getAcctid()
		at PFMSRequestentity.CstmrAcct
		at public java.util.List PFMSRequestentity.CstmrEntity.getCstmracct()
		at PFMSRequestentity.CstmrEntity
		at public java.util.List PFMSRequestentity.CstmrTxInf.getCstmr()
		at PFMSRequestentity.CstmrTxInf
		at public java.util.List PFMSRequestentity.CustInfEntity.getCusttxninfo()
		at PFMSRequestentity.CustInfEntity
		at public java.util.List PFMSRequestentity.LinkHeaderBodyEntity.getCustlist()
		at PFMSRequestentity.LinkHeaderBodyEntity
		at public java.util.List PFMSRequestentity.PFMSEntity.getLinkheadbody()
		at PFMSRequestentity.PFMSEntity

	at com.sun.xml.internal.bind.v2.runtime.IllegalAnnotationsException$Builder.check(IllegalAnnotationsException.java:91)
	at com.sun.xml.internal.bind.v2.runtime.JAXBContextImpl.getTypeInfoSet(JAXBContextImpl.java:445)
	at com.sun.xml.internal.bind.v2.runtime.JAXBContextImpl.<init>(JAXBContextImpl.java:277)
	at com.sun.xml.internal.bind.v2.runtime.JAXBContextImpl.<init>(JAXBContextImpl.java:124)
	at com.sun.xml.internal.bind.v2.runtime.JAXBContextImpl$JAXBContextBuilder.build(JAXBContextImpl.java:1123)
	at com.sun.xml.internal.bind.v2.ContextFactory.createContext(ContextFactory.java:147)
	at sun.reflect.NativeMethodAccessorImpl.invoke0(Native Method)
	at sun.reflect.NativeMethodAccessorImpl.invoke(NativeMethodAccessorImpl.java:62)
	at sun.reflect.DelegatingMethodAccessorImpl.invoke(DelegatingMethodAccessorImpl.java:43)
	at java.lang.reflect.Method.invoke(Method.java:498)
	at javax.xml.bind.ContextFinder.newInstance(ContextFinder.java:247)
	at javax.xml.bind.ContextFinder.newInstance(ContextFinder.java:234)
	at javax.xml.bind.ContextFinder.find(ContextFinder.java:462)
	at javax.xml.bind.JAXBContext.newInstance(JAXBContext.java:641)
	at javax.xml.bind.JAXBContext.newInstance(JAXBContext.java:584)
	at org.glassfish.jersey.server.wadl.internal.generators.WadlGeneratorJAXBGrammarGenerator.buildModelAndSchemas(WadlGeneratorJAXBGrammarGenerator.java:366)
	at org.glassfish.jersey.server.wadl.internal.generators.WadlGeneratorJAXBGrammarGenerator.createExternalGrammar(WadlGeneratorJAXBGrammarGenerator.java:315)
	at org.glassfish.jersey.server.wadl.internal.WadlBuilder.generate(WadlBuilder.java:122)
	at org.glassfish.jersey.server.wadl.internal.WadlApplicationContextImpl.getApplication(WadlApplicationContextImpl.java:144)
	at org.glassfish.jersey.server.wadl.internal.WadlApplicationContextImpl.getApplication(WadlApplicationContextImpl.java:162)
	at org.glassfish.jersey.server.wadl.processor.WadlModelProcessor$OptionsHandler.apply(WadlModelProcessor.java:137)
	at org.glassfish.jersey.server.wadl.processor.WadlModelProcessor$OptionsHandler.apply(WadlModelProcessor.java:119)
	at sun.reflect.NativeMethodAccessorImpl.invoke0(Native Method)
	at sun.reflect.NativeMethodAccessorImpl.invoke(NativeMethodAccessorImpl.java:62)
	at sun.reflect.DelegatingMethodAccessorImpl.invoke(DelegatingMethodAccessorImpl.java:43)
	at java.lang.reflect.Method.invoke(Method.java:498)
	at org.glassfish.jersey.server.model.internal.ResourceMethodInvocationHandlerFactory$1.invoke(ResourceMethodInvocationHandlerFactory.java:81)
	at org.glassfish.jersey.server.model.internal.AbstractJavaResourceMethodDispatcher$1.run(AbstractJavaResourceMethodDispatcher.java:164)
	at org.glassfish.jersey.server.model.internal.AbstractJavaResourceMethodDispatcher.invoke(AbstractJavaResourceMethodDispatcher.java:181)
	at org.glassfish.jersey.server.model.internal.JavaResourceMethodDispatcherProvider$ResponseOutInvoker.doDispatch(JavaResourceMethodDispatcherProvider.java:158)
	at org.glassfish.jersey.server.model.internal.AbstractJavaResourceMethodDispatcher.dispatch(AbstractJavaResourceMethodDispatcher.java:101)
	at org.glassfish.jersey.server.model.ResourceMethodInvoker.invoke(ResourceMethodInvoker.java:389)
	at org.glassfish.jersey.server.model.ResourceMethodInvoker.apply(ResourceMethodInvoker.java:347)
	at org.glassfish.jersey.server.model.ResourceMethodInvoker.apply(ResourceMethodInvoker.java:102)
	at org.glassfish.jersey.server.ServerRuntime$2.run(ServerRuntime.java:305)
	at org.glassfish.jersey.internal.Errors$1.call(Errors.java:271)
	at org.glassfish.jersey.internal.Errors$1.call(Errors.java:267)
	at org.glassfish.jersey.internal.Errors.process(Errors.java:315)
	at org.glassfish.jersey.internal.Errors.process(Errors.java:297)
	at org.glassfish.jersey.internal.Errors.process(Errors.java:267)
	at org.glassfish.jersey.process.internal.RequestScope.runInScope(RequestScope.java:317)
	at org.glassfish.jersey.server.ServerRuntime.process(ServerRuntime.java:288)
	at org.glassfish.jersey.server.ApplicationHandler.handle(ApplicationHandler.java:1110)
	at org.glassfish.jersey.servlet.WebComponent.service(WebComponent.java:401)
	at org.glassfish.jersey.servlet.ServletContainer.service(ServletContainer.java:386)
	at org.glassfish.jersey.servlet.ServletContainer.service(ServletContainer.java:335)
	at org.glassfish.jersey.servlet.ServletContainer.service(ServletContainer.java:222)
	at org.apache.catalina.core.ApplicationFilterChain.internalDoFilter(ApplicationFilterChain.java:231)
	at org.apache.catalina.core.ApplicationFilterChain.doFilter(ApplicationFilterChain.java:166)
	at org.apache.tomcat.websocket.server.WsFilter.doFilter(WsFilter.java:52)
	at org.apache.catalina.core.ApplicationFilterChain.internalDoFilter(ApplicationFilterChain.java:193)
	at org.apache.catalina.core.ApplicationFilterChain.doFilter(ApplicationFilterChain.java:166)
	at org.apache.catalina.core.StandardWrapperValve.invoke(StandardWrapperValve.java:198)
	at org.apache.catalina.core.StandardContextValve.invoke(StandardContextValve.java:96)
	at org.apache.catalina.authenticator.AuthenticatorBase.invoke(AuthenticatorBase.java:478)
	at org.apache.catalina.core.StandardHostValve.invoke(StandardHostValve.java:140)
	at org.apache.catalina.valves.ErrorReportValve.invoke(ErrorReportValve.java:80)
	at org.apache.catalina.valves.AbstractAccessLogValve.invoke(AbstractAccessLogValve.java:624)
	at org.apache.catalina.core.StandardEngineValve.invoke(StandardEngineValve.java:87)
	at org.apache.catalina.connector.CoyoteAdapter.service(CoyoteAdapter.java:342)
	at org.apache.coyote.http11.Http11Processor.service(Http11Processor.java:799)
	at org.apache.coyote.AbstractProcessorLight.process(AbstractProcessorLight.java:66)
	at org.apache.coyote.AbstractProtocol$ConnectionHandler.process(AbstractProtocol.java:861)
	at org.apache.tomcat.util.net.NioEndpoint$SocketProcessor.doRun(NioEndpoint.java:1455)
	at org.apache.tomcat.util.net.SocketProcessorBase.run(SocketProcessorBase.java:49)
	at java.util.concurrent.ThreadPoolExecutor.runWorker(ThreadPoolExecutor.java:1142)
	at java.util.concurrent.ThreadPoolExecutor$Worker.run(ThreadPoolExecutor.java:617)
	at org.apache.tomcat.util.threads.TaskThread$WrappingRunnable.run(TaskThread.java:61)
	at java.lang.Thread.run(Thread.java:748)

27-Mar-2018 11:02:24.267 INFO [main] org.apache.catalina.core.StandardServer.await A valid shutdown command was received via the shutdown port. Stopping the Server instance.
27-Mar-2018 11:02:24.268 INFO [main] org.apache.coyote.AbstractProtocol.pause Pausing ProtocolHandler ["http-nio-8080"]
27-Mar-2018 11:02:24.383 INFO [main] org.apache.coyote.AbstractProtocol.pause Pausing ProtocolHandler ["ajp-nio-8009"]
27-Mar-2018 11:02:24.501 INFO [main] org.apache.catalina.core.StandardService.stopInternal Stopping service [Catalina]
27-Mar-2018 11:02:24.573 INFO [main] org.apache.coyote.AbstractProtocol.stop Stopping ProtocolHandler ["http-nio-8080"]
27-Mar-2018 11:02:24.574 INFO [main] org.apache.coyote.AbstractProtocol.stop Stopping ProtocolHandler ["ajp-nio-8009"]
27-Mar-2018 11:02:24.575 INFO [main] org.apache.coyote.AbstractProtocol.destroy Destroying ProtocolHandler ["http-nio-8080"]
27-Mar-2018 11:02:24.576 INFO [main] org.apache.coyote.AbstractProtocol.destroy Destroying ProtocolHandler ["ajp-nio-8009"]
27-Mar-2018 18:17:12.101 INFO [main] org.apache.catalina.startup.VersionLoggerListener.log Server version:        Apache Tomcat/8.5.15
27-Mar-2018 18:17:12.106 INFO [main] org.apache.catalina.startup.VersionLoggerListener.log Server built:          May 5 2017 11:03:04 UTC
27-Mar-2018 18:17:12.106 INFO [main] org.apache.catalina.startup.VersionLoggerListener.log Server number:         8.5.15.0
27-Mar-2018 18:17:12.106 INFO [main] org.apache.catalina.startup.VersionLoggerListener.log OS Name:               Windows 10
27-Mar-2018 18:17:12.107 INFO [main] org.apache.catalina.startup.VersionLoggerListener.log OS Version:            10.0
27-Mar-2018 18:17:12.107 INFO [main] org.apache.catalina.startup.VersionLoggerListener.log Architecture:          amd64
27-Mar-2018 18:17:12.107 INFO [main] org.apache.catalina.startup.VersionLoggerListener.log Java Home:             C:\Program Files\Java\jdk1.8.0_131\jre
27-Mar-2018 18:17:12.107 INFO [main] org.apache.catalina.startup.VersionLoggerListener.log JVM Version:           1.8.0_131-b11
27-Mar-2018 18:17:12.107 INFO [main] org.apache.catalina.startup.VersionLoggerListener.log JVM Vendor:            Oracle Corporation
27-Mar-2018 18:17:12.107 INFO [main] org.apache.catalina.startup.VersionLoggerListener.log CATALINA_BASE:         D:\Server\apache-tomcat-8.5.15
27-Mar-2018 18:17:12.107 INFO [main] org.apache.catalina.startup.VersionLoggerListener.log CATALINA_HOME:         D:\Server\apache-tomcat-8.5.15
27-Mar-2018 18:17:12.107 INFO [main] org.apache.catalina.startup.VersionLoggerListener.log Command line argument: -Djava.util.logging.config.file=D:\Server\apache-tomcat-8.5.15\conf\logging.properties
27-Mar-2018 18:17:12.108 INFO [main] org.apache.catalina.startup.VersionLoggerListener.log Command line argument: -Djava.util.logging.manager=org.apache.juli.ClassLoaderLogManager
27-Mar-2018 18:17:12.108 INFO [main] org.apache.catalina.startup.VersionLoggerListener.log Command line argument: -Dhttp.nonProxyHosts=localhost|127.0.0.1|RIPLC0018
27-Mar-2018 18:17:12.110 INFO [main] org.apache.catalina.startup.VersionLoggerListener.log Command line argument: -Djdk.tls.ephemeralDHKeySize=2048
27-Mar-2018 18:17:12.110 INFO [main] org.apache.catalina.startup.VersionLoggerListener.log Command line argument: -Djava.protocol.handler.pkgs=org.apache.catalina.webresources
27-Mar-2018 18:17:12.110 INFO [main] org.apache.catalina.startup.VersionLoggerListener.log Command line argument: -Dcatalina.base=D:\Server\apache-tomcat-8.5.15
27-Mar-2018 18:17:12.110 INFO [main] org.apache.catalina.startup.VersionLoggerListener.log Command line argument: -Dcatalina.home=D:\Server\apache-tomcat-8.5.15
27-Mar-2018 18:17:12.110 INFO [main] org.apache.catalina.startup.VersionLoggerListener.log Command line argument: -Djava.io.tmpdir=D:\Server\apache-tomcat-8.5.15\temp
27-Mar-2018 18:17:12.111 INFO [main] org.apache.catalina.core.AprLifecycleListener.lifecycleEvent The APR based Apache Tomcat Native library which allows optimal performance in production environments was not found on the java.library.path: [C:\Program Files\Java\jdk1.8.0_131\bin;C:\WINDOWS\Sun\Java\bin;C:\WINDOWS\system32;C:\WINDOWS;C:\Program Files\Docker\Docker\Resources\bin;C:\ProgramData\Oracle\Java\javapath;C:\Program Files (x86)\Intel\iCLS Client\;C:\Program Files\Intel\iCLS Client\;C:\WINDOWS\system32;C:\WINDOWS;C:\WINDOWS\System32\Wbem;C:\WINDOWS\System32\WindowsPowerShell\v1.0\;C:\Program Files (x86)\Intel\Intel(R) Management Engine Components\DAL;C:\Program Files\Intel\Intel(R) Management Engine Components\DAL;C:\Program Files (x86)\Intel\Intel(R) Management Engine Components\IPT;C:\Program Files\Intel\Intel(R) Management Engine Components\IPT;C:\Program Files\Java\jdk1.8.0_131\bin;C:\Program Files\MySQL\MySQL Utilities 1.6\;C:\Program Files\PuTTY\;C:\Program Files\TortoiseSVN\bin;C:\Program Files\Java\jre1.8.0_144;C:\Go\bin;C:\Program Files\Git\cmd;C:\Users\Lenovo\AppData\Local\Microsoft\WindowsApps;C:\Program Files (x86)\Sophos\Sophos SSL VPN Client\bin;.]
27-Mar-2018 18:17:12.469 INFO [main] org.apache.coyote.AbstractProtocol.init Initializing ProtocolHandler ["http-nio-8080"]
27-Mar-2018 18:17:12.668 INFO [main] org.apache.tomcat.util.net.NioSelectorPool.getSharedSelector Using a shared selector for servlet write/read
27-Mar-2018 18:17:12.670 INFO [main] org.apache.coyote.AbstractProtocol.init Initializing ProtocolHandler ["ajp-nio-8009"]
27-Mar-2018 18:17:12.672 INFO [main] org.apache.tomcat.util.net.NioSelectorPool.getSharedSelector Using a shared selector for servlet write/read
27-Mar-2018 18:17:12.672 INFO [main] org.apache.catalina.startup.Catalina.load Initialization processed in 1115 ms
27-Mar-2018 18:17:12.797 INFO [main] org.apache.catalina.core.StandardService.startInternal Starting service [Catalina]
27-Mar-2018 18:17:12.797 INFO [main] org.apache.catalina.core.StandardEngine.startInternal Starting Servlet Engine: Apache Tomcat/8.5.15
27-Mar-2018 18:17:12.822 INFO [localhost-startStop-1] org.apache.catalina.startup.HostConfig.deployDescriptor Deploying configuration descriptor [D:\Server\apache-tomcat-8.5.15\conf\Catalina\localhost\DBT2.xml]
27-Mar-2018 18:17:12.868 WARNING [localhost-startStop-1] org.apache.catalina.startup.SetContextPropertiesRule.begin [SetContextPropertiesRule]{Context} Setting property 'antiJARLocking' to 'true' did not find a matching property.
27-Mar-2018 18:17:14.710 INFO [localhost-startStop-1] org.apache.jasper.servlet.TldScanner.scanJars At least one JAR was scanned for TLDs yet contained no TLDs. Enable debug logging for this logger for a complete list of JARs that were scanned but no TLDs were found in them. Skipping unneeded JARs during scanning can improve startup time and JSP compilation time.
27-Mar-2018 18:17:15.981 INFO [localhost-startStop-1] org.apache.catalina.startup.HostConfig.deployDescriptor Deployment of configuration descriptor [D:\Server\apache-tomcat-8.5.15\conf\Catalina\localhost\DBT2.xml] has finished in [3,158] ms
27-Mar-2018 18:17:15.981 INFO [localhost-startStop-1] org.apache.catalina.startup.HostConfig.deployDescriptor Deploying configuration descriptor [D:\Server\apache-tomcat-8.5.15\conf\Catalina\localhost\DBTPortalPFMS.xml]
27-Mar-2018 18:17:16.001 WARNING [localhost-startStop-1] org.apache.catalina.startup.SetContextPropertiesRule.begin [SetContextPropertiesRule]{Context} Setting property 'antiJARLocking' to 'true' did not find a matching property.
27-Mar-2018 18:17:17.450 WARNING [localhost-startStop-1] org.apache.tomcat.dbcp.dbcp2.BasicDataSourceFactory.getObjectInstance Name = PostGreSQL Property maxActive is not used in DBCP2, use maxTotal instead. maxTotal default value is 8. You have set value of "100" for "maxActive" property, which is being ignored.
27-Mar-2018 18:17:17.451 WARNING [localhost-startStop-1] org.apache.tomcat.dbcp.dbcp2.BasicDataSourceFactory.getObjectInstance Name = PostGreSQL Property maxWait is not used in DBCP2 , use maxWaitMillis instead. maxWaitMillis default value is -1. You have set value of "10000" for "maxWait" property, which is being ignored.
27-Mar-2018 18:17:17.451 WARNING [localhost-startStop-1] org.apache.tomcat.dbcp.dbcp2.BasicDataSourceFactory.getObjectInstance Name = DBTPortalPFMS Property maxActive is not used in DBCP2, use maxTotal instead. maxTotal default value is 8. You have set value of "100" for "maxActive" property, which is being ignored.
27-Mar-2018 18:17:17.452 WARNING [localhost-startStop-1] org.apache.tomcat.dbcp.dbcp2.BasicDataSourceFactory.getObjectInstance Name = DBTPortalPFMS Property maxWait is not used in DBCP2 , use maxWaitMillis instead. maxWaitMillis default value is -1. You have set value of "10000" for "maxWait" property, which is being ignored.
27-Mar-2018 18:17:17.497 INFO [localhost-startStop-1] org.apache.jasper.servlet.TldScanner.scanJars At least one JAR was scanned for TLDs yet contained no TLDs. Enable debug logging for this logger for a complete list of JARs that were scanned but no TLDs were found in them. Skipping unneeded JARs during scanning can improve startup time and JSP compilation time.
27-Mar-2018 18:17:18.756 INFO [localhost-startStop-1] org.apache.catalina.startup.HostConfig.deployDescriptor Deployment of configuration descriptor [D:\Server\apache-tomcat-8.5.15\conf\Catalina\localhost\DBTPortalPFMS.xml] has finished in [2,775] ms
27-Mar-2018 18:17:18.756 INFO [localhost-startStop-1] org.apache.catalina.startup.HostConfig.deployDescriptor Deploying configuration descriptor [D:\Server\apache-tomcat-8.5.15\conf\Catalina\localhost\JerseyTestCLient.xml]
27-Mar-2018 18:17:19.602 WARNING [localhost-startStop-1] org.apache.tomcat.dbcp.dbcp2.BasicDataSourceFactory.getObjectInstance Name = Android Property maxActive is not used in DBCP2, use maxTotal instead. maxTotal default value is 8. You have set value of "100" for "maxActive" property, which is being ignored.
27-Mar-2018 18:17:19.603 WARNING [localhost-startStop-1] org.apache.tomcat.dbcp.dbcp2.BasicDataSourceFactory.getObjectInstance Name = Android Property maxWait is not used in DBCP2 , use maxWaitMillis instead. maxWaitMillis default value is -1. You have set value of "10000" for "maxWait" property, which is being ignored.
27-Mar-2018 18:17:19.613 INFO [localhost-startStop-1] org.apache.jasper.servlet.TldScanner.scanJars At least one JAR was scanned for TLDs yet contained no TLDs. Enable debug logging for this logger for a complete list of JARs that were scanned but no TLDs were found in them. Skipping unneeded JARs during scanning can improve startup time and JSP compilation time.
27-Mar-2018 18:17:20.258 INFO [localhost-startStop-1] org.apache.catalina.startup.HostConfig.deployDescriptor Deployment of configuration descriptor [D:\Server\apache-tomcat-8.5.15\conf\Catalina\localhost\JerseyTestCLient.xml] has finished in [1,502] ms
27-Mar-2018 18:17:20.259 INFO [localhost-startStop-1] org.apache.catalina.startup.HostConfig.deployDirectory Deploying web application directory [D:\Server\apache-tomcat-8.5.15\webapps\docs]
27-Mar-2018 18:17:20.385 INFO [localhost-startStop-1] org.apache.jasper.servlet.TldScanner.scanJars At least one JAR was scanned for TLDs yet contained no TLDs. Enable debug logging for this logger for a complete list of JARs that were scanned but no TLDs were found in them. Skipping unneeded JARs during scanning can improve startup time and JSP compilation time.
27-Mar-2018 18:17:20.386 INFO [localhost-startStop-1] org.apache.catalina.startup.HostConfig.deployDirectory Deployment of web application directory [D:\Server\apache-tomcat-8.5.15\webapps\docs] has finished in [127] ms
27-Mar-2018 18:17:20.386 INFO [localhost-startStop-1] org.apache.catalina.startup.HostConfig.deployDirectory Deploying web application directory [D:\Server\apache-tomcat-8.5.15\webapps\examples]
27-Mar-2018 18:17:21.446 INFO [localhost-startStop-1] org.apache.jasper.servlet.TldScanner.scanJars At least one JAR was scanned for TLDs yet contained no TLDs. Enable debug logging for this logger for a complete list of JARs that were scanned but no TLDs were found in them. Skipping unneeded JARs during scanning can improve startup time and JSP compilation time.
27-Mar-2018 18:17:21.506 INFO [localhost-startStop-1] org.apache.catalina.startup.HostConfig.deployDirectory Deployment of web application directory [D:\Server\apache-tomcat-8.5.15\webapps\examples] has finished in [1,120] ms
27-Mar-2018 18:17:21.506 INFO [localhost-startStop-1] org.apache.catalina.startup.HostConfig.deployDirectory Deploying web application directory [D:\Server\apache-tomcat-8.5.15\webapps\Final_DWS]
27-Mar-2018 18:17:21.584 INFO [localhost-startStop-1] org.apache.jasper.servlet.TldScanner.scanJars At least one JAR was scanned for TLDs yet contained no TLDs. Enable debug logging for this logger for a complete list of JARs that were scanned but no TLDs were found in them. Skipping unneeded JARs during scanning can improve startup time and JSP compilation time.
27-Mar-2018 18:17:21.586 INFO [localhost-startStop-1] org.apache.catalina.startup.HostConfig.deployDirectory Deployment of web application directory [D:\Server\apache-tomcat-8.5.15\webapps\Final_DWS] has finished in [80] ms
27-Mar-2018 18:17:21.586 INFO [localhost-startStop-1] org.apache.catalina.startup.HostConfig.deployDirectory Deploying web application directory [D:\Server\apache-tomcat-8.5.15\webapps\host-manager]
27-Mar-2018 18:17:21.707 INFO [localhost-startStop-1] org.apache.jasper.servlet.TldScanner.scanJars At least one JAR was scanned for TLDs yet contained no TLDs. Enable debug logging for this logger for a complete list of JARs that were scanned but no TLDs were found in them. Skipping unneeded JARs during scanning can improve startup time and JSP compilation time.
27-Mar-2018 18:17:21.710 INFO [localhost-startStop-1] org.apache.catalina.startup.HostConfig.deployDirectory Deployment of web application directory [D:\Server\apache-tomcat-8.5.15\webapps\host-manager] has finished in [124] ms
27-Mar-2018 18:17:21.710 INFO [localhost-startStop-1] org.apache.catalina.startup.HostConfig.deployDirectory Deploying web application directory [D:\Server\apache-tomcat-8.5.15\webapps\manager]
27-Mar-2018 18:17:21.830 INFO [localhost-startStop-1] org.apache.jasper.servlet.TldScanner.scanJars At least one JAR was scanned for TLDs yet contained no TLDs. Enable debug logging for this logger for a complete list of JARs that were scanned but no TLDs were found in them. Skipping unneeded JARs during scanning can improve startup time and JSP compilation time.
27-Mar-2018 18:17:21.833 INFO [localhost-startStop-1] org.apache.catalina.startup.HostConfig.deployDirectory Deployment of web application directory [D:\Server\apache-tomcat-8.5.15\webapps\manager] has finished in [123] ms
27-Mar-2018 18:17:21.833 INFO [localhost-startStop-1] org.apache.catalina.startup.HostConfig.deployDirectory Deploying web application directory [D:\Server\apache-tomcat-8.5.15\webapps\ROOT]
27-Mar-2018 18:17:21.937 INFO [localhost-startStop-1] org.apache.jasper.servlet.TldScanner.scanJars At least one JAR was scanned for TLDs yet contained no TLDs. Enable debug logging for this logger for a complete list of JARs that were scanned but no TLDs were found in them. Skipping unneeded JARs during scanning can improve startup time and JSP compilation time.
27-Mar-2018 18:17:21.938 INFO [localhost-startStop-1] org.apache.catalina.startup.HostConfig.deployDirectory Deployment of web application directory [D:\Server\apache-tomcat-8.5.15\webapps\ROOT] has finished in [105] ms
27-Mar-2018 18:17:21.941 INFO [main] org.apache.coyote.AbstractProtocol.start Starting ProtocolHandler ["http-nio-8080"]
27-Mar-2018 18:17:21.947 INFO [main] org.apache.coyote.AbstractProtocol.start Starting ProtocolHandler ["ajp-nio-8009"]
27-Mar-2018 18:17:21.950 INFO [main] org.apache.catalina.startup.Catalina.start Server startup in 9277 ms
27-Mar-2018 18:17:24.649 INFO [http-nio-8080-exec-3] org.apache.catalina.startup.HostConfig.deployDescriptor Deploying configuration descriptor [D:\Server\apache-tomcat-8.5.15\conf\Catalina\localhost\Aadhaar.xml]
27-Mar-2018 18:17:24.653 WARNING [http-nio-8080-exec-3] org.apache.catalina.startup.SetContextPropertiesRule.begin [SetContextPropertiesRule]{Context} Setting property 'antiJARLocking' to 'true' did not find a matching property.
27-Mar-2018 18:17:25.752 INFO [http-nio-8080-exec-3] org.apache.tomcat.dbcp.dbcp2.BasicDataSourceFactory.getObjectInstance Name = dbtreport Ignoring unknown property: value of "DB Connection" for "description" property
27-Mar-2018 18:17:25.766 INFO [http-nio-8080-exec-3] org.apache.jasper.servlet.TldScanner.scanJars At least one JAR was scanned for TLDs yet contained no TLDs. Enable debug logging for this logger for a complete list of JARs that were scanned but no TLDs were found in them. Skipping unneeded JARs during scanning can improve startup time and JSP compilation time.
27-Mar-2018 18:17:26.900 INFO [http-nio-8080-exec-3] org.apache.catalina.startup.HostConfig.deployDescriptor Deployment of configuration descriptor [D:\Server\apache-tomcat-8.5.15\conf\Catalina\localhost\Aadhaar.xml] has finished in [2,251] ms
27-Mar-2018 18:17:26.905 INFO [http-nio-8080-exec-2] org.apache.catalina.util.LifecycleBase.start The start() method was called on component [StandardEngine[Catalina].StandardHost[localhost].StandardContext[/Aadhaar]] after start() had already been called. The second call will be ignored.
27-Mar-2018 18:18:50.675 INFO [http-nio-8080-exec-1] org.apache.catalina.startup.HostConfig.undeploy Undeploying context [/Aadhaar]
27-Mar-2018 18:18:56.804 INFO [http-nio-8080-exec-3] org.apache.catalina.startup.HostConfig.deployDescriptor Deploying configuration descriptor [D:\Server\apache-tomcat-8.5.15\conf\Catalina\localhost\Aadhaar.xml]
27-Mar-2018 18:18:56.809 WARNING [http-nio-8080-exec-3] org.apache.catalina.startup.SetContextPropertiesRule.begin [SetContextPropertiesRule]{Context} Setting property 'antiJARLocking' to 'true' did not find a matching property.
27-Mar-2018 18:18:58.911 INFO [http-nio-8080-exec-3] org.apache.tomcat.dbcp.dbcp2.BasicDataSourceFactory.getObjectInstance Name = dbtreport Ignoring unknown property: value of "DB Connection" for "description" property
27-Mar-2018 18:18:58.940 INFO [http-nio-8080-exec-3] org.apache.jasper.servlet.TldScanner.scanJars At least one JAR was scanned for TLDs yet contained no TLDs. Enable debug logging for this logger for a complete list of JARs that were scanned but no TLDs were found in them. Skipping unneeded JARs during scanning can improve startup time and JSP compilation time.
27-Mar-2018 18:19:00.116 INFO [http-nio-8080-exec-3] org.apache.catalina.startup.HostConfig.deployDescriptor Deployment of configuration descriptor [D:\Server\apache-tomcat-8.5.15\conf\Catalina\localhost\Aadhaar.xml] has finished in [3,312] ms
27-Mar-2018 18:19:00.121 INFO [http-nio-8080-exec-2] org.apache.catalina.util.LifecycleBase.start The start() method was called on component [StandardEngine[Catalina].StandardHost[localhost].StandardContext[/Aadhaar]] after start() had already been called. The second call will be ignored.
27-Mar-2018 18:38:55.958 INFO [main] org.apache.catalina.core.StandardServer.await A valid shutdown command was received via the shutdown port. Stopping the Server instance.
27-Mar-2018 18:38:55.959 INFO [main] org.apache.coyote.AbstractProtocol.pause Pausing ProtocolHandler ["http-nio-8080"]
27-Mar-2018 18:38:56.084 INFO [main] org.apache.coyote.AbstractProtocol.pause Pausing ProtocolHandler ["ajp-nio-8009"]
27-Mar-2018 18:38:56.244 INFO [main] org.apache.catalina.core.StandardService.stopInternal Stopping service [Catalina]
27-Mar-2018 18:38:56.377 INFO [main] org.apache.coyote.AbstractProtocol.stop Stopping ProtocolHandler ["http-nio-8080"]
27-Mar-2018 18:38:56.379 INFO [main] org.apache.coyote.AbstractProtocol.stop Stopping ProtocolHandler ["ajp-nio-8009"]
27-Mar-2018 18:38:56.381 INFO [main] org.apache.coyote.AbstractProtocol.destroy Destroying ProtocolHandler ["http-nio-8080"]
27-Mar-2018 18:38:56.382 INFO [main] org.apache.coyote.AbstractProtocol.destroy Destroying ProtocolHandler ["ajp-nio-8009"]
