07-Feb-2018 18:16:08.508 INFO [main] org.apache.catalina.startup.VersionLoggerListener.log Server version:        Apache Tomcat/8.5.15
07-Feb-2018 18:16:08.515 INFO [main] org.apache.catalina.startup.VersionLoggerListener.log Server built:          May 5 2017 11:03:04 UTC
07-Feb-2018 18:16:08.515 INFO [main] org.apache.catalina.startup.VersionLoggerListener.log Server number:         8.5.15.0
07-Feb-2018 18:16:08.516 INFO [main] org.apache.catalina.startup.VersionLoggerListener.log OS Name:               Windows 10
07-Feb-2018 18:16:08.516 INFO [main] org.apache.catalina.startup.VersionLoggerListener.log OS Version:            10.0
07-Feb-2018 18:16:08.516 INFO [main] org.apache.catalina.startup.VersionLoggerListener.log Architecture:          amd64
07-Feb-2018 18:16:08.516 INFO [main] org.apache.catalina.startup.VersionLoggerListener.log Java Home:             C:\Program Files\Java\jdk1.8.0_131\jre
07-Feb-2018 18:16:08.516 INFO [main] org.apache.catalina.startup.VersionLoggerListener.log JVM Version:           1.8.0_131-b11
07-Feb-2018 18:16:08.516 INFO [main] org.apache.catalina.startup.VersionLoggerListener.log JVM Vendor:            Oracle Corporation
07-Feb-2018 18:16:08.516 INFO [main] org.apache.catalina.startup.VersionLoggerListener.log CATALINA_BASE:         D:\Server\apache-tomcat-8.5.15
07-Feb-2018 18:16:08.516 INFO [main] org.apache.catalina.startup.VersionLoggerListener.log CATALINA_HOME:         D:\Server\apache-tomcat-8.5.15
07-Feb-2018 18:16:08.517 INFO [main] org.apache.catalina.startup.VersionLoggerListener.log Command line argument: -Djava.util.logging.config.file=D:\Server\apache-tomcat-8.5.15\conf\logging.properties
07-Feb-2018 18:16:08.517 INFO [main] org.apache.catalina.startup.VersionLoggerListener.log Command line argument: -Djava.util.logging.manager=org.apache.juli.ClassLoaderLogManager
07-Feb-2018 18:16:08.517 INFO [main] org.apache.catalina.startup.VersionLoggerListener.log Command line argument: -Dhttp.nonProxyHosts=localhost|127.0.0.1|Navin-Chirumalla
07-Feb-2018 18:16:08.517 INFO [main] org.apache.catalina.startup.VersionLoggerListener.log Command line argument: -Djdk.tls.ephemeralDHKeySize=2048
07-Feb-2018 18:16:08.517 INFO [main] org.apache.catalina.startup.VersionLoggerListener.log Command line argument: -Djava.protocol.handler.pkgs=org.apache.catalina.webresources
07-Feb-2018 18:16:08.517 INFO [main] org.apache.catalina.startup.VersionLoggerListener.log Command line argument: -Dcatalina.base=D:\Server\apache-tomcat-8.5.15
07-Feb-2018 18:16:08.517 INFO [main] org.apache.catalina.startup.VersionLoggerListener.log Command line argument: -Dcatalina.home=D:\Server\apache-tomcat-8.5.15
07-Feb-2018 18:16:08.517 INFO [main] org.apache.catalina.startup.VersionLoggerListener.log Command line argument: -Djava.io.tmpdir=D:\Server\apache-tomcat-8.5.15\temp
07-Feb-2018 18:16:08.517 INFO [main] org.apache.catalina.core.AprLifecycleListener.lifecycleEvent The APR based Apache Tomcat Native library which allows optimal performance in production environments was not found on the java.library.path: [C:\Program Files\Java\jdk1.8.0_131\bin;C:\WINDOWS\Sun\Java\bin;C:\WINDOWS\system32;C:\WINDOWS;C:\ProgramData\Oracle\Java\javapath;C:\Program Files (x86)\Intel\iCLS Client\;C:\Program Files\Intel\iCLS Client\;C:\WINDOWS\system32;C:\WINDOWS;C:\WINDOWS\System32\Wbem;C:\WINDOWS\System32\WindowsPowerShell\v1.0\;C:\Program Files (x86)\Intel\Intel(R) Management Engine Components\DAL;C:\Program Files\Intel\Intel(R) Management Engine Components\DAL;C:\Program Files (x86)\Intel\Intel(R) Management Engine Components\IPT;C:\Program Files\Intel\Intel(R) Management Engine Components\IPT;C:\Program Files\Java\jdk1.8.0_131\bin;C:\Program Files\MySQL\MySQL Utilities 1.6\;C:\Program Files\PuTTY\;C:\Program Files\TortoiseSVN\bin;C:\Program Files\Java\jre1.8.0_144;C:\Go\bin;C:\Users\Lenovo\AppData\Local\Microsoft\WindowsApps;C:\Program Files (x86)\Sophos\Sophos SSL VPN Client\bin;.]
07-Feb-2018 18:16:08.778 INFO [main] org.apache.coyote.AbstractProtocol.init Initializing ProtocolHandler ["http-nio-8080"]
07-Feb-2018 18:16:08.975 INFO [main] org.apache.tomcat.util.net.NioSelectorPool.getSharedSelector Using a shared selector for servlet write/read
07-Feb-2018 18:16:08.977 INFO [main] org.apache.coyote.AbstractProtocol.init Initializing ProtocolHandler ["ajp-nio-8009"]
07-Feb-2018 18:16:08.979 INFO [main] org.apache.tomcat.util.net.NioSelectorPool.getSharedSelector Using a shared selector for servlet write/read
07-Feb-2018 18:16:08.979 INFO [main] org.apache.catalina.startup.Catalina.load Initialization processed in 925 ms
07-Feb-2018 18:16:09.057 INFO [main] org.apache.catalina.core.StandardService.startInternal Starting service [Catalina]
07-Feb-2018 18:16:09.058 INFO [main] org.apache.catalina.core.StandardEngine.startInternal Starting Servlet Engine: Apache Tomcat/8.5.15
07-Feb-2018 18:16:09.079 INFO [localhost-startStop-1] org.apache.catalina.startup.HostConfig.deployDescriptor Deploying configuration descriptor [D:\Server\apache-tomcat-8.5.15\conf\Catalina\localhost\DBTPortalPFMS.xml]
07-Feb-2018 18:16:09.207 WARNING [localhost-startStop-1] org.apache.catalina.startup.SetContextPropertiesRule.begin [SetContextPropertiesRule]{Context} Setting property 'antiJARLocking' to 'true' did not find a matching property.
07-Feb-2018 18:16:10.667 WARNING [localhost-startStop-1] org.apache.tomcat.dbcp.dbcp2.BasicDataSourceFactory.getObjectInstance Name = PostGreSQL Property maxActive is not used in DBCP2, use maxTotal instead. maxTotal default value is 8. You have set value of "100" for "maxActive" property, which is being ignored.
07-Feb-2018 18:16:10.667 WARNING [localhost-startStop-1] org.apache.tomcat.dbcp.dbcp2.BasicDataSourceFactory.getObjectInstance Name = PostGreSQL Property maxWait is not used in DBCP2 , use maxWaitMillis instead. maxWaitMillis default value is -1. You have set value of "10000" for "maxWait" property, which is being ignored.
07-Feb-2018 18:16:10.677 WARNING [localhost-startStop-1] org.apache.tomcat.dbcp.dbcp2.BasicDataSourceFactory.getObjectInstance Name = DBTPortalPFMS Property maxActive is not used in DBCP2, use maxTotal instead. maxTotal default value is 8. You have set value of "100" for "maxActive" property, which is being ignored.
07-Feb-2018 18:16:10.677 WARNING [localhost-startStop-1] org.apache.tomcat.dbcp.dbcp2.BasicDataSourceFactory.getObjectInstance Name = DBTPortalPFMS Property maxWait is not used in DBCP2 , use maxWaitMillis instead. maxWaitMillis default value is -1. You have set value of "10000" for "maxWait" property, which is being ignored.
07-Feb-2018 18:16:10.753 INFO [localhost-startStop-1] org.apache.jasper.servlet.TldScanner.scanJars At least one JAR was scanned for TLDs yet contained no TLDs. Enable debug logging for this logger for a complete list of JARs that were scanned but no TLDs were found in them. Skipping unneeded JARs during scanning can improve startup time and JSP compilation time.
07-Feb-2018 18:16:11.876 INFO [localhost-startStop-1] org.apache.catalina.startup.HostConfig.deployDescriptor Deployment of configuration descriptor [D:\Server\apache-tomcat-8.5.15\conf\Catalina\localhost\DBTPortalPFMS.xml] has finished in [2,797] ms
07-Feb-2018 18:16:11.877 INFO [localhost-startStop-1] org.apache.catalina.startup.HostConfig.deployDirectory Deploying web application directory [D:\Server\apache-tomcat-8.5.15\webapps\docs]
07-Feb-2018 18:16:12.046 INFO [localhost-startStop-1] org.apache.jasper.servlet.TldScanner.scanJars At least one JAR was scanned for TLDs yet contained no TLDs. Enable debug logging for this logger for a complete list of JARs that were scanned but no TLDs were found in them. Skipping unneeded JARs during scanning can improve startup time and JSP compilation time.
07-Feb-2018 18:16:12.048 INFO [localhost-startStop-1] org.apache.catalina.startup.HostConfig.deployDirectory Deployment of web application directory [D:\Server\apache-tomcat-8.5.15\webapps\docs] has finished in [171] ms
07-Feb-2018 18:16:12.048 INFO [localhost-startStop-1] org.apache.catalina.startup.HostConfig.deployDirectory Deploying web application directory [D:\Server\apache-tomcat-8.5.15\webapps\examples]
07-Feb-2018 18:16:13.518 INFO [localhost-startStop-1] org.apache.jasper.servlet.TldScanner.scanJars At least one JAR was scanned for TLDs yet contained no TLDs. Enable debug logging for this logger for a complete list of JARs that were scanned but no TLDs were found in them. Skipping unneeded JARs during scanning can improve startup time and JSP compilation time.
07-Feb-2018 18:16:13.578 INFO [localhost-startStop-1] org.apache.catalina.startup.HostConfig.deployDirectory Deployment of web application directory [D:\Server\apache-tomcat-8.5.15\webapps\examples] has finished in [1,530] ms
07-Feb-2018 18:16:13.579 INFO [localhost-startStop-1] org.apache.catalina.startup.HostConfig.deployDirectory Deploying web application directory [D:\Server\apache-tomcat-8.5.15\webapps\host-manager]
07-Feb-2018 18:16:13.760 INFO [localhost-startStop-1] org.apache.jasper.servlet.TldScanner.scanJars At least one JAR was scanned for TLDs yet contained no TLDs. Enable debug logging for this logger for a complete list of JARs that were scanned but no TLDs were found in them. Skipping unneeded JARs during scanning can improve startup time and JSP compilation time.
07-Feb-2018 18:16:13.763 INFO [localhost-startStop-1] org.apache.catalina.startup.HostConfig.deployDirectory Deployment of web application directory [D:\Server\apache-tomcat-8.5.15\webapps\host-manager] has finished in [184] ms
07-Feb-2018 18:16:13.763 INFO [localhost-startStop-1] org.apache.catalina.startup.HostConfig.deployDirectory Deploying web application directory [D:\Server\apache-tomcat-8.5.15\webapps\manager]
07-Feb-2018 18:16:13.995 INFO [localhost-startStop-1] org.apache.jasper.servlet.TldScanner.scanJars At least one JAR was scanned for TLDs yet contained no TLDs. Enable debug logging for this logger for a complete list of JARs that were scanned but no TLDs were found in them. Skipping unneeded JARs during scanning can improve startup time and JSP compilation time.
07-Feb-2018 18:16:13.997 INFO [localhost-startStop-1] org.apache.catalina.startup.HostConfig.deployDirectory Deployment of web application directory [D:\Server\apache-tomcat-8.5.15\webapps\manager] has finished in [234] ms
07-Feb-2018 18:16:13.997 INFO [localhost-startStop-1] org.apache.catalina.startup.HostConfig.deployDirectory Deploying web application directory [D:\Server\apache-tomcat-8.5.15\webapps\ROOT]
07-Feb-2018 18:16:14.147 INFO [localhost-startStop-1] org.apache.jasper.servlet.TldScanner.scanJars At least one JAR was scanned for TLDs yet contained no TLDs. Enable debug logging for this logger for a complete list of JARs that were scanned but no TLDs were found in them. Skipping unneeded JARs during scanning can improve startup time and JSP compilation time.
07-Feb-2018 18:16:14.151 INFO [localhost-startStop-1] org.apache.catalina.startup.HostConfig.deployDirectory Deployment of web application directory [D:\Server\apache-tomcat-8.5.15\webapps\ROOT] has finished in [152] ms
07-Feb-2018 18:16:14.157 INFO [main] org.apache.coyote.AbstractProtocol.start Starting ProtocolHandler ["http-nio-8080"]
07-Feb-2018 18:16:14.185 INFO [main] org.apache.coyote.AbstractProtocol.start Starting ProtocolHandler ["ajp-nio-8009"]
07-Feb-2018 18:16:14.203 INFO [main] org.apache.catalina.startup.Catalina.start Server startup in 5224 ms
07-Feb-2018 18:17:26.822 INFO [http-nio-8080-exec-10] org.apache.catalina.startup.HostConfig.undeploy Undeploying context [/DBTPortalPFMS]
07-Feb-2018 18:17:26.834 INFO [http-nio-8080-exec-7] org.apache.catalina.startup.HostConfig.deployDescriptor Deploying configuration descriptor [D:\Server\apache-tomcat-8.5.15\conf\Catalina\localhost\DBTPortalPFMS.xml]
07-Feb-2018 18:17:26.841 WARNING [http-nio-8080-exec-7] org.apache.catalina.startup.SetContextPropertiesRule.begin [SetContextPropertiesRule]{Context} Setting property 'antiJARLocking' to 'true' did not find a matching property.
07-Feb-2018 18:17:29.192 INFO [http-nio-8080-exec-7] org.apache.catalina.startup.HostConfig.deployDescriptor Deployment of configuration descriptor [D:\Server\apache-tomcat-8.5.15\conf\Catalina\localhost\DBTPortalPFMS.xml] has finished in [2,358] ms
07-Feb-2018 18:17:32.315 SEVERE [http-nio-8080-exec-1] org.glassfish.jersey.server.wadl.internal.generators.WadlGeneratorJAXBGrammarGenerator.buildModelAndSchemas Failed to generate the schema for the JAX-B elements
 com.sun.xml.internal.bind.v2.runtime.IllegalAnnotationsException: 4 counts of IllegalAnnotationExceptions
Two classes have the same XML type name "orgIdEntity". Use @XmlType.name and @XmlType.namespace to assign different names to them.
	this problem is related to the following location:
		at PFMSPaymentEntity.OrgIdEntity
		at public java.util.List PFMSPaymentEntity.PaymentInfoEntity.getOrgid()
		at PFMSPaymentEntity.PaymentInfoEntity
		at public java.util.List PFMSPaymentEntity.LinkPaymentHeaderBodyEntity.getPaymentinfolist()
		at PFMSPaymentEntity.LinkPaymentHeaderBodyEntity
		at public java.util.List PFMSPaymentEntity.PFMSPaymentEntity.getLinkpaymentheadbody()
		at PFMSPaymentEntity.PFMSPaymentEntity
	this problem is related to the following location:
		at PFMSRequestentity.OrgIdEntity
		at public java.util.List PFMSRequestentity.CstmrTxInf.getOrgid()
		at PFMSRequestentity.CstmrTxInf
		at public java.util.List PFMSRequestentity.CustInfEntity.getCusttxninfo()
		at PFMSRequestentity.CustInfEntity
		at public java.util.List PFMSRequestentity.LinkHeaderBodyEntity.getCustlist()
		at PFMSRequestentity.LinkHeaderBodyEntity
		at public java.util.List PFMSRequestentity.PFMSEntity.getLinkheadbody()
		at PFMSRequestentity.PFMSEntity
Two classes have the same XML type name "purpEntity". Use @XmlType.name and @XmlType.namespace to assign different names to them.
	this problem is related to the following location:
		at PFMSPaymentEntity.PurpEntity
		at public java.util.List PFMSPaymentEntity.CdtTrfTxInfEntity.getPurp()
		at PFMSPaymentEntity.CdtTrfTxInfEntity
		at public java.util.List PFMSPaymentEntity.PaymentInfoEntity.getCdttrftxinf()
		at PFMSPaymentEntity.PaymentInfoEntity
		at public java.util.List PFMSPaymentEntity.LinkPaymentHeaderBodyEntity.getPaymentinfolist()
		at PFMSPaymentEntity.LinkPaymentHeaderBodyEntity
		at public java.util.List PFMSPaymentEntity.PFMSPaymentEntity.getLinkpaymentheadbody()
		at PFMSPaymentEntity.PFMSPaymentEntity
	this problem is related to the following location:
		at PFMSRequestentity.PurpEntity
		at public java.util.List PFMSRequestentity.CstmrEntity.getPurp()
		at PFMSRequestentity.CstmrEntity
		at public java.util.List PFMSRequestentity.CstmrTxInf.getCstmr()
		at PFMSRequestentity.CstmrTxInf
		at public java.util.List PFMSRequestentity.CustInfEntity.getCusttxninfo()
		at PFMSRequestentity.CustInfEntity
		at public java.util.List PFMSRequestentity.LinkHeaderBodyEntity.getCustlist()
		at PFMSRequestentity.LinkHeaderBodyEntity
		at public java.util.List PFMSRequestentity.PFMSEntity.getLinkheadbody()
		at PFMSRequestentity.PFMSEntity
Two classes have the same XML type name "pstlAdrEntity". Use @XmlType.name and @XmlType.namespace to assign different names to them.
	this problem is related to the following location:
		at PFMSPaymentEntity.PstlAdrEntity
		at public java.util.List PFMSPaymentEntity.CdtrEntity.getPstlAdr()
		at PFMSPaymentEntity.CdtrEntity
		at public java.util.List PFMSPaymentEntity.CdtTrfTxInfEntity.getCdtr()
		at PFMSPaymentEntity.CdtTrfTxInfEntity
		at public java.util.List PFMSPaymentEntity.PaymentInfoEntity.getCdttrftxinf()
		at PFMSPaymentEntity.PaymentInfoEntity
		at public java.util.List PFMSPaymentEntity.LinkPaymentHeaderBodyEntity.getPaymentinfolist()
		at PFMSPaymentEntity.LinkPaymentHeaderBodyEntity
		at public java.util.List PFMSPaymentEntity.PFMSPaymentEntity.getLinkpaymentheadbody()
		at PFMSPaymentEntity.PFMSPaymentEntity
	this problem is related to the following location:
		at PFMSRequestentity.PstlAdrEntity
		at public java.util.List PFMSRequestentity.CstmrEntity.getPstladr()
		at PFMSRequestentity.CstmrEntity
		at public java.util.List PFMSRequestentity.CstmrTxInf.getCstmr()
		at PFMSRequestentity.CstmrTxInf
		at public java.util.List PFMSRequestentity.CustInfEntity.getCusttxninfo()
		at PFMSRequestentity.CustInfEntity
		at public java.util.List PFMSRequestentity.LinkHeaderBodyEntity.getCustlist()
		at PFMSRequestentity.LinkHeaderBodyEntity
		at public java.util.List PFMSRequestentity.PFMSEntity.getLinkheadbody()
		at PFMSRequestentity.PFMSEntity
Two classes have the same XML type name "othrEntity". Use @XmlType.name and @XmlType.namespace to assign different names to them.
	this problem is related to the following location:
		at PFMSPaymentEntity.othrEntity
		at public java.util.List PFMSPaymentEntity.IdEntity.getOthr()
		at PFMSPaymentEntity.IdEntity
		at public java.util.List PFMSPaymentEntity.CdtrAcctEntity.getId()
		at PFMSPaymentEntity.CdtrAcctEntity
		at public java.util.List PFMSPaymentEntity.CdtrEntity.getCdtracct()
		at PFMSPaymentEntity.CdtrEntity
		at public java.util.List PFMSPaymentEntity.CdtTrfTxInfEntity.getCdtr()
		at PFMSPaymentEntity.CdtTrfTxInfEntity
		at public java.util.List PFMSPaymentEntity.PaymentInfoEntity.getCdttrftxinf()
		at PFMSPaymentEntity.PaymentInfoEntity
		at public java.util.List PFMSPaymentEntity.LinkPaymentHeaderBodyEntity.getPaymentinfolist()
		at PFMSPaymentEntity.LinkPaymentHeaderBodyEntity
		at public java.util.List PFMSPaymentEntity.PFMSPaymentEntity.getLinkpaymentheadbody()
		at PFMSPaymentEntity.PFMSPaymentEntity
	this problem is related to the following location:
		at PFMSRequestentity.OthrEntity
		at public java.util.List PFMSRequestentity.AcctId.getOthr()
		at PFMSRequestentity.AcctId
		at public java.util.List PFMSRequestentity.CstmrAcct.getAcctid()
		at PFMSRequestentity.CstmrAcct
		at public java.util.List PFMSRequestentity.CstmrEntity.getCstmracct()
		at PFMSRequestentity.CstmrEntity
		at public java.util.List PFMSRequestentity.CstmrTxInf.getCstmr()
		at PFMSRequestentity.CstmrTxInf
		at public java.util.List PFMSRequestentity.CustInfEntity.getCusttxninfo()
		at PFMSRequestentity.CustInfEntity
		at public java.util.List PFMSRequestentity.LinkHeaderBodyEntity.getCustlist()
		at PFMSRequestentity.LinkHeaderBodyEntity
		at public java.util.List PFMSRequestentity.PFMSEntity.getLinkheadbody()
		at PFMSRequestentity.PFMSEntity

	at com.sun.xml.internal.bind.v2.runtime.IllegalAnnotationsException$Builder.check(IllegalAnnotationsException.java:91)
	at com.sun.xml.internal.bind.v2.runtime.JAXBContextImpl.getTypeInfoSet(JAXBContextImpl.java:445)
	at com.sun.xml.internal.bind.v2.runtime.JAXBContextImpl.<init>(JAXBContextImpl.java:277)
	at com.sun.xml.internal.bind.v2.runtime.JAXBContextImpl.<init>(JAXBContextImpl.java:124)
	at com.sun.xml.internal.bind.v2.runtime.JAXBContextImpl$JAXBContextBuilder.build(JAXBContextImpl.java:1123)
	at com.sun.xml.internal.bind.v2.ContextFactory.createContext(ContextFactory.java:147)
	at sun.reflect.NativeMethodAccessorImpl.invoke0(Native Method)
	at sun.reflect.NativeMethodAccessorImpl.invoke(NativeMethodAccessorImpl.java:62)
	at sun.reflect.DelegatingMethodAccessorImpl.invoke(DelegatingMethodAccessorImpl.java:43)
	at java.lang.reflect.Method.invoke(Method.java:498)
	at javax.xml.bind.ContextFinder.newInstance(ContextFinder.java:247)
	at javax.xml.bind.ContextFinder.newInstance(ContextFinder.java:234)
	at javax.xml.bind.ContextFinder.find(ContextFinder.java:462)
	at javax.xml.bind.JAXBContext.newInstance(JAXBContext.java:641)
	at javax.xml.bind.JAXBContext.newInstance(JAXBContext.java:584)
	at org.glassfish.jersey.server.wadl.internal.generators.WadlGeneratorJAXBGrammarGenerator.buildModelAndSchemas(WadlGeneratorJAXBGrammarGenerator.java:366)
	at org.glassfish.jersey.server.wadl.internal.generators.WadlGeneratorJAXBGrammarGenerator.createExternalGrammar(WadlGeneratorJAXBGrammarGenerator.java:315)
	at org.glassfish.jersey.server.wadl.internal.WadlBuilder.generate(WadlBuilder.java:122)
	at org.glassfish.jersey.server.wadl.internal.WadlApplicationContextImpl.getApplication(WadlApplicationContextImpl.java:144)
	at org.glassfish.jersey.server.wadl.internal.WadlResource.getWadl(WadlResource.java:110)
	at sun.reflect.NativeMethodAccessorImpl.invoke0(Native Method)
	at sun.reflect.NativeMethodAccessorImpl.invoke(NativeMethodAccessorImpl.java:62)
	at sun.reflect.DelegatingMethodAccessorImpl.invoke(DelegatingMethodAccessorImpl.java:43)
	at java.lang.reflect.Method.invoke(Method.java:498)
	at org.glassfish.jersey.server.model.internal.ResourceMethodInvocationHandlerFactory$1.invoke(ResourceMethodInvocationHandlerFactory.java:81)
	at org.glassfish.jersey.server.model.internal.AbstractJavaResourceMethodDispatcher$1.run(AbstractJavaResourceMethodDispatcher.java:164)
	at org.glassfish.jersey.server.model.internal.AbstractJavaResourceMethodDispatcher.invoke(AbstractJavaResourceMethodDispatcher.java:181)
	at org.glassfish.jersey.server.model.internal.JavaResourceMethodDispatcherProvider$ResponseOutInvoker.doDispatch(JavaResourceMethodDispatcherProvider.java:158)
	at org.glassfish.jersey.server.model.internal.AbstractJavaResourceMethodDispatcher.dispatch(AbstractJavaResourceMethodDispatcher.java:101)
	at org.glassfish.jersey.server.model.ResourceMethodInvoker.invoke(ResourceMethodInvoker.java:389)
	at org.glassfish.jersey.server.model.ResourceMethodInvoker.apply(ResourceMethodInvoker.java:347)
	at org.glassfish.jersey.server.model.ResourceMethodInvoker.apply(ResourceMethodInvoker.java:102)
	at org.glassfish.jersey.server.ServerRuntime$2.run(ServerRuntime.java:305)
	at org.glassfish.jersey.internal.Errors$1.call(Errors.java:271)
	at org.glassfish.jersey.internal.Errors$1.call(Errors.java:267)
	at org.glassfish.jersey.internal.Errors.process(Errors.java:315)
	at org.glassfish.jersey.internal.Errors.process(Errors.java:297)
	at org.glassfish.jersey.internal.Errors.process(Errors.java:267)
	at org.glassfish.jersey.process.internal.RequestScope.runInScope(RequestScope.java:317)
	at org.glassfish.jersey.server.ServerRuntime.process(ServerRuntime.java:288)
	at org.glassfish.jersey.server.ApplicationHandler.handle(ApplicationHandler.java:1110)
	at org.glassfish.jersey.servlet.WebComponent.service(WebComponent.java:401)
	at org.glassfish.jersey.servlet.ServletContainer.service(ServletContainer.java:386)
	at org.glassfish.jersey.servlet.ServletContainer.service(ServletContainer.java:335)
	at org.glassfish.jersey.servlet.ServletContainer.service(ServletContainer.java:222)
	at org.apache.catalina.core.ApplicationFilterChain.internalDoFilter(ApplicationFilterChain.java:231)
	at org.apache.catalina.core.ApplicationFilterChain.doFilter(ApplicationFilterChain.java:166)
	at org.apache.tomcat.websocket.server.WsFilter.doFilter(WsFilter.java:52)
	at org.apache.catalina.core.ApplicationFilterChain.internalDoFilter(ApplicationFilterChain.java:193)
	at org.apache.catalina.core.ApplicationFilterChain.doFilter(ApplicationFilterChain.java:166)
	at org.apache.catalina.core.StandardWrapperValve.invoke(StandardWrapperValve.java:198)
	at org.apache.catalina.core.StandardContextValve.invoke(StandardContextValve.java:96)
	at org.apache.catalina.authenticator.AuthenticatorBase.invoke(AuthenticatorBase.java:478)
	at org.apache.catalina.core.StandardHostValve.invoke(StandardHostValve.java:140)
	at org.apache.catalina.valves.ErrorReportValve.invoke(ErrorReportValve.java:80)
	at org.apache.catalina.valves.AbstractAccessLogValve.invoke(AbstractAccessLogValve.java:624)
	at org.apache.catalina.core.StandardEngineValve.invoke(StandardEngineValve.java:87)
	at org.apache.catalina.connector.CoyoteAdapter.service(CoyoteAdapter.java:342)
	at org.apache.coyote.http11.Http11Processor.service(Http11Processor.java:799)
	at org.apache.coyote.AbstractProcessorLight.process(AbstractProcessorLight.java:66)
	at org.apache.coyote.AbstractProtocol$ConnectionHandler.process(AbstractProtocol.java:861)
	at org.apache.tomcat.util.net.NioEndpoint$SocketProcessor.doRun(NioEndpoint.java:1455)
	at org.apache.tomcat.util.net.SocketProcessorBase.run(SocketProcessorBase.java:49)
	at java.util.concurrent.ThreadPoolExecutor.runWorker(ThreadPoolExecutor.java:1142)
	at java.util.concurrent.ThreadPoolExecutor$Worker.run(ThreadPoolExecutor.java:617)
	at org.apache.tomcat.util.threads.TaskThread$WrappingRunnable.run(TaskThread.java:61)
	at java.lang.Thread.run(Thread.java:748)

07-Feb-2018 18:17:41.277 INFO [http-nio-8080-exec-4] org.apache.commons.vfs2.impl.StandardFileSystemManager.info Using "D:\Server\apache-tomcat-8.5.15\temp\vfs_cache" as temporary files store.
07-Feb-2018 18:17:43.229 INFO [http-nio-8080-exec-4] org.apache.commons.vfs2.impl.StandardFileSystemManager.info Using "D:\Server\apache-tomcat-8.5.15\temp\vfs_cache" as temporary files store.
07-Feb-2018 18:18:28.882 INFO [http-nio-8080-exec-16] org.apache.catalina.core.StandardContext.reload Reloading Context with name [/DBTPortalPFMS] has started
07-Feb-2018 18:18:28.903 WARNING [http-nio-8080-exec-16] org.apache.catalina.loader.WebappClassLoaderBase.clearReferencesThreads The web application [DBTPortalPFMS] appears to have started a thread named [Abandoned connection cleanup thread] but has failed to stop it. This is very likely to create a memory leak. Stack trace of thread:
 java.lang.Object.wait(Native Method)
 java.lang.ref.ReferenceQueue.remove(ReferenceQueue.java:143)
 com.mysql.jdbc.AbandonedConnectionCleanupThread.run(AbandonedConnectionCleanupThread.java:43)
07-Feb-2018 18:18:30.734 INFO [http-nio-8080-exec-16] org.apache.catalina.core.StandardContext.reload Reloading Context with name [/DBTPortalPFMS] is completed
07-Feb-2018 18:18:30.797 INFO [http-nio-8080-exec-17] org.apache.catalina.core.StandardContext.reload Reloading Context with name [/DBTPortalPFMS] has started
07-Feb-2018 18:18:30.814 WARNING [http-nio-8080-exec-17] org.apache.catalina.loader.WebappClassLoaderBase.clearReferencesThreads The web application [DBTPortalPFMS] appears to have started a thread named [Abandoned connection cleanup thread] but has failed to stop it. This is very likely to create a memory leak. Stack trace of thread:
 java.lang.Object.wait(Native Method)
 java.lang.ref.ReferenceQueue.remove(ReferenceQueue.java:143)
 com.mysql.jdbc.AbandonedConnectionCleanupThread.run(AbandonedConnectionCleanupThread.java:43)
07-Feb-2018 18:18:32.049 INFO [http-nio-8080-exec-17] org.apache.catalina.core.StandardContext.reload Reloading Context with name [/DBTPortalPFMS] is completed
07-Feb-2018 18:18:35.234 INFO [http-nio-8080-exec-19] org.apache.catalina.core.StandardContext.reload Reloading Context with name [/DBTPortalPFMS] has started
07-Feb-2018 18:18:35.252 WARNING [http-nio-8080-exec-19] org.apache.catalina.loader.WebappClassLoaderBase.clearReferencesThreads The web application [DBTPortalPFMS] appears to have started a thread named [Abandoned connection cleanup thread] but has failed to stop it. This is very likely to create a memory leak. Stack trace of thread:
 java.lang.Object.wait(Native Method)
 java.lang.ref.ReferenceQueue.remove(ReferenceQueue.java:143)
 com.mysql.jdbc.AbandonedConnectionCleanupThread.run(AbandonedConnectionCleanupThread.java:43)
07-Feb-2018 18:18:37.174 INFO [http-nio-8080-exec-19] org.apache.catalina.core.StandardContext.reload Reloading Context with name [/DBTPortalPFMS] is completed
07-Feb-2018 18:21:28.431 INFO [http-nio-8080-exec-24] org.apache.catalina.core.StandardContext.reload Reloading Context with name [/DBTPortalPFMS] has started
07-Feb-2018 18:21:28.453 WARNING [http-nio-8080-exec-24] org.apache.catalina.loader.WebappClassLoaderBase.clearReferencesThreads The web application [DBTPortalPFMS] appears to have started a thread named [Abandoned connection cleanup thread] but has failed to stop it. This is very likely to create a memory leak. Stack trace of thread:
 java.lang.Object.wait(Native Method)
 java.lang.ref.ReferenceQueue.remove(ReferenceQueue.java:143)
 com.mysql.jdbc.AbandonedConnectionCleanupThread.run(AbandonedConnectionCleanupThread.java:43)
07-Feb-2018 18:21:30.422 INFO [http-nio-8080-exec-24] org.apache.catalina.core.StandardContext.reload Reloading Context with name [/DBTPortalPFMS] is completed
07-Feb-2018 18:22:03.961 INFO [http-nio-8080-exec-31] org.apache.catalina.core.StandardContext.reload Reloading Context with name [/DBTPortalPFMS] has started
07-Feb-2018 18:22:03.978 WARNING [http-nio-8080-exec-31] org.apache.catalina.loader.WebappClassLoaderBase.clearReferencesThreads The web application [DBTPortalPFMS] appears to have started a thread named [Abandoned connection cleanup thread] but has failed to stop it. This is very likely to create a memory leak. Stack trace of thread:
 java.lang.Object.wait(Native Method)
 java.lang.ref.ReferenceQueue.remove(ReferenceQueue.java:143)
 com.mysql.jdbc.AbandonedConnectionCleanupThread.run(AbandonedConnectionCleanupThread.java:43)
07-Feb-2018 18:22:05.868 INFO [http-nio-8080-exec-31] org.apache.catalina.core.StandardContext.reload Reloading Context with name [/DBTPortalPFMS] is completed
07-Feb-2018 18:22:05.927 INFO [http-nio-8080-exec-13] org.apache.catalina.core.StandardContext.reload Reloading Context with name [/DBTPortalPFMS] has started
07-Feb-2018 18:22:05.954 WARNING [http-nio-8080-exec-13] org.apache.catalina.loader.WebappClassLoaderBase.clearReferencesThreads The web application [DBTPortalPFMS] appears to have started a thread named [Abandoned connection cleanup thread] but has failed to stop it. This is very likely to create a memory leak. Stack trace of thread:
 java.lang.Object.wait(Native Method)
 java.lang.ref.ReferenceQueue.remove(ReferenceQueue.java:143)
 com.mysql.jdbc.AbandonedConnectionCleanupThread.run(AbandonedConnectionCleanupThread.java:43)
07-Feb-2018 18:22:07.390 INFO [http-nio-8080-exec-13] org.apache.catalina.core.StandardContext.reload Reloading Context with name [/DBTPortalPFMS] is completed
07-Feb-2018 18:22:44.412 INFO [http-nio-8080-exec-26] org.apache.catalina.core.StandardContext.reload Reloading Context with name [/DBTPortalPFMS] has started
07-Feb-2018 18:22:44.435 WARNING [http-nio-8080-exec-26] org.apache.catalina.loader.WebappClassLoaderBase.clearReferencesThreads The web application [DBTPortalPFMS] appears to have started a thread named [Abandoned connection cleanup thread] but has failed to stop it. This is very likely to create a memory leak. Stack trace of thread:
 java.lang.Object.wait(Native Method)
 java.lang.ref.ReferenceQueue.remove(ReferenceQueue.java:143)
 com.mysql.jdbc.AbandonedConnectionCleanupThread.run(AbandonedConnectionCleanupThread.java:43)
07-Feb-2018 18:22:46.163 INFO [http-nio-8080-exec-26] org.apache.catalina.core.StandardContext.reload Reloading Context with name [/DBTPortalPFMS] is completed
07-Feb-2018 18:22:46.189 INFO [http-nio-8080-exec-34] org.apache.catalina.core.StandardContext.reload Reloading Context with name [/DBTPortalPFMS] has started
07-Feb-2018 18:22:46.213 WARNING [http-nio-8080-exec-34] org.apache.catalina.loader.WebappClassLoaderBase.clearReferencesThreads The web application [DBTPortalPFMS] appears to have started a thread named [Abandoned connection cleanup thread] but has failed to stop it. This is very likely to create a memory leak. Stack trace of thread:
 java.lang.Object.wait(Native Method)
 java.lang.ref.ReferenceQueue.remove(ReferenceQueue.java:143)
 com.mysql.jdbc.AbandonedConnectionCleanupThread.run(AbandonedConnectionCleanupThread.java:43)
07-Feb-2018 18:22:47.386 INFO [http-nio-8080-exec-34] org.apache.catalina.core.StandardContext.reload Reloading Context with name [/DBTPortalPFMS] is completed
07-Feb-2018 18:22:57.034 INFO [http-nio-8080-exec-33] org.apache.catalina.core.StandardContext.reload Reloading Context with name [/DBTPortalPFMS] has started
07-Feb-2018 18:22:57.054 WARNING [http-nio-8080-exec-33] org.apache.catalina.loader.WebappClassLoaderBase.clearReferencesThreads The web application [DBTPortalPFMS] appears to have started a thread named [Abandoned connection cleanup thread] but has failed to stop it. This is very likely to create a memory leak. Stack trace of thread:
 java.lang.Object.wait(Native Method)
 java.lang.ref.ReferenceQueue.remove(ReferenceQueue.java:143)
 com.mysql.jdbc.AbandonedConnectionCleanupThread.run(AbandonedConnectionCleanupThread.java:43)
07-Feb-2018 18:22:58.649 INFO [http-nio-8080-exec-33] org.apache.catalina.core.StandardContext.reload Reloading Context with name [/DBTPortalPFMS] is completed
07-Feb-2018 18:23:19.325 INFO [http-nio-8080-exec-23] org.apache.catalina.core.StandardContext.reload Reloading Context with name [/DBTPortalPFMS] has started
07-Feb-2018 18:23:19.346 WARNING [http-nio-8080-exec-23] org.apache.catalina.loader.WebappClassLoaderBase.clearReferencesThreads The web application [DBTPortalPFMS] appears to have started a thread named [Abandoned connection cleanup thread] but has failed to stop it. This is very likely to create a memory leak. Stack trace of thread:
 java.lang.Object.wait(Native Method)
 java.lang.ref.ReferenceQueue.remove(ReferenceQueue.java:143)
 com.mysql.jdbc.AbandonedConnectionCleanupThread.run(AbandonedConnectionCleanupThread.java:43)
07-Feb-2018 18:23:20.281 INFO [http-nio-8080-exec-23] org.apache.catalina.core.StandardContext.reload Reloading Context with name [/DBTPortalPFMS] is completed
07-Feb-2018 18:41:47.630 INFO [main] org.apache.catalina.core.StandardServer.await A valid shutdown command was received via the shutdown port. Stopping the Server instance.
07-Feb-2018 18:41:47.631 INFO [main] org.apache.coyote.AbstractProtocol.pause Pausing ProtocolHandler ["http-nio-8080"]
07-Feb-2018 18:41:47.683 INFO [main] org.apache.coyote.AbstractProtocol.pause Pausing ProtocolHandler ["ajp-nio-8009"]
07-Feb-2018 18:41:47.775 INFO [main] org.apache.catalina.core.StandardService.stopInternal Stopping service [Catalina]
07-Feb-2018 18:41:47.808 WARNING [localhost-startStop-2] org.apache.catalina.loader.WebappClassLoaderBase.clearReferencesThreads The web application [DBTPortalPFMS] appears to have started a thread named [Abandoned connection cleanup thread] but has failed to stop it. This is very likely to create a memory leak. Stack trace of thread:
 java.lang.Object.wait(Native Method)
 java.lang.ref.ReferenceQueue.remove(ReferenceQueue.java:143)
 com.mysql.jdbc.AbandonedConnectionCleanupThread.run(AbandonedConnectionCleanupThread.java:43)
07-Feb-2018 18:41:47.818 INFO [main] org.apache.coyote.AbstractProtocol.stop Stopping ProtocolHandler ["http-nio-8080"]
07-Feb-2018 18:41:47.822 INFO [main] org.apache.coyote.AbstractProtocol.stop Stopping ProtocolHandler ["ajp-nio-8009"]
07-Feb-2018 18:41:47.823 INFO [main] org.apache.coyote.AbstractProtocol.destroy Destroying ProtocolHandler ["http-nio-8080"]
07-Feb-2018 18:41:47.825 INFO [main] org.apache.coyote.AbstractProtocol.destroy Destroying ProtocolHandler ["ajp-nio-8009"]
