14-Feb-2018 11:57:51.100 INFO [main] org.apache.catalina.startup.VersionLoggerListener.log Server version:        Apache Tomcat/8.5.15
14-Feb-2018 11:57:51.118 INFO [main] org.apache.catalina.startup.VersionLoggerListener.log Server built:          May 5 2017 11:03:04 UTC
14-Feb-2018 11:57:51.118 INFO [main] org.apache.catalina.startup.VersionLoggerListener.log Server number:         8.5.15.0
14-Feb-2018 11:57:51.118 INFO [main] org.apache.catalina.startup.VersionLoggerListener.log OS Name:               Windows 10
14-Feb-2018 11:57:51.118 INFO [main] org.apache.catalina.startup.VersionLoggerListener.log OS Version:            10.0
14-Feb-2018 11:57:51.118 INFO [main] org.apache.catalina.startup.VersionLoggerListener.log Architecture:          amd64
14-Feb-2018 11:57:51.118 INFO [main] org.apache.catalina.startup.VersionLoggerListener.log Java Home:             C:\Program Files\Java\jdk1.8.0_131\jre
14-Feb-2018 11:57:51.118 INFO [main] org.apache.catalina.startup.VersionLoggerListener.log JVM Version:           1.8.0_131-b11
14-Feb-2018 11:57:51.118 INFO [main] org.apache.catalina.startup.VersionLoggerListener.log JVM Vendor:            Oracle Corporation
14-Feb-2018 11:57:51.120 INFO [main] org.apache.catalina.startup.VersionLoggerListener.log CATALINA_BASE:         D:\Server\apache-tomcat-8.5.15
14-Feb-2018 11:57:51.120 INFO [main] org.apache.catalina.startup.VersionLoggerListener.log CATALINA_HOME:         D:\Server\apache-tomcat-8.5.15
14-Feb-2018 11:57:51.120 INFO [main] org.apache.catalina.startup.VersionLoggerListener.log Command line argument: -Djava.util.logging.config.file=D:\Server\apache-tomcat-8.5.15\conf\logging.properties
14-Feb-2018 11:57:51.120 INFO [main] org.apache.catalina.startup.VersionLoggerListener.log Command line argument: -Djava.util.logging.manager=org.apache.juli.ClassLoaderLogManager
14-Feb-2018 11:57:51.120 INFO [main] org.apache.catalina.startup.VersionLoggerListener.log Command line argument: -Dhttp.nonProxyHosts=localhost|127.0.0.1|Navin-Chirumalla
14-Feb-2018 11:57:51.120 INFO [main] org.apache.catalina.startup.VersionLoggerListener.log Command line argument: -Djdk.tls.ephemeralDHKeySize=2048
14-Feb-2018 11:57:51.120 INFO [main] org.apache.catalina.startup.VersionLoggerListener.log Command line argument: -Djava.protocol.handler.pkgs=org.apache.catalina.webresources
14-Feb-2018 11:57:51.120 INFO [main] org.apache.catalina.startup.VersionLoggerListener.log Command line argument: -Dcatalina.base=D:\Server\apache-tomcat-8.5.15
14-Feb-2018 11:57:51.120 INFO [main] org.apache.catalina.startup.VersionLoggerListener.log Command line argument: -Dcatalina.home=D:\Server\apache-tomcat-8.5.15
14-Feb-2018 11:57:51.121 INFO [main] org.apache.catalina.startup.VersionLoggerListener.log Command line argument: -Djava.io.tmpdir=D:\Server\apache-tomcat-8.5.15\temp
14-Feb-2018 11:57:51.121 INFO [main] org.apache.catalina.core.AprLifecycleListener.lifecycleEvent The APR based Apache Tomcat Native library which allows optimal performance in production environments was not found on the java.library.path: [C:\Program Files\Java\jdk1.8.0_131\bin;C:\WINDOWS\Sun\Java\bin;C:\WINDOWS\system32;C:\WINDOWS;C:\Program Files\Docker\Docker\Resources\bin;C:\ProgramData\Oracle\Java\javapath;C:\Program Files (x86)\Intel\iCLS Client\;C:\Program Files\Intel\iCLS Client\;C:\WINDOWS\system32;C:\WINDOWS;C:\WINDOWS\System32\Wbem;C:\WINDOWS\System32\WindowsPowerShell\v1.0\;C:\Program Files (x86)\Intel\Intel(R) Management Engine Components\DAL;C:\Program Files\Intel\Intel(R) Management Engine Components\DAL;C:\Program Files (x86)\Intel\Intel(R) Management Engine Components\IPT;C:\Program Files\Intel\Intel(R) Management Engine Components\IPT;C:\Program Files\Java\jdk1.8.0_131\bin;C:\Program Files\MySQL\MySQL Utilities 1.6\;C:\Program Files\PuTTY\;C:\Program Files\TortoiseSVN\bin;C:\Program Files\Java\jre1.8.0_144;C:\Go\bin;C:\Users\Lenovo\AppData\Local\Microsoft\WindowsApps;C:\Program Files (x86)\Sophos\Sophos SSL VPN Client\bin;.]
14-Feb-2018 11:57:51.386 INFO [main] org.apache.coyote.AbstractProtocol.init Initializing ProtocolHandler ["http-nio-8080"]
14-Feb-2018 11:57:51.707 INFO [main] org.apache.tomcat.util.net.NioSelectorPool.getSharedSelector Using a shared selector for servlet write/read
14-Feb-2018 11:57:51.711 INFO [main] org.apache.coyote.AbstractProtocol.init Initializing ProtocolHandler ["ajp-nio-8009"]
14-Feb-2018 11:57:51.726 INFO [main] org.apache.tomcat.util.net.NioSelectorPool.getSharedSelector Using a shared selector for servlet write/read
14-Feb-2018 11:57:51.727 INFO [main] org.apache.catalina.startup.Catalina.load Initialization processed in 1698 ms
14-Feb-2018 11:57:51.806 INFO [main] org.apache.catalina.core.StandardService.startInternal Starting service [Catalina]
14-Feb-2018 11:57:51.806 INFO [main] org.apache.catalina.core.StandardEngine.startInternal Starting Servlet Engine: Apache Tomcat/8.5.15
14-Feb-2018 11:57:51.877 INFO [localhost-startStop-1] org.apache.catalina.startup.HostConfig.deployDescriptor Deploying configuration descriptor [D:\Server\apache-tomcat-8.5.15\conf\Catalina\localhost\DBTPortalPFMS.xml]
14-Feb-2018 11:57:51.987 WARNING [localhost-startStop-1] org.apache.catalina.startup.SetContextPropertiesRule.begin [SetContextPropertiesRule]{Context} Setting property 'antiJARLocking' to 'true' did not find a matching property.
14-Feb-2018 11:57:56.900 WARNING [localhost-startStop-1] org.apache.tomcat.dbcp.dbcp2.BasicDataSourceFactory.getObjectInstance Name = PostGreSQL Property maxActive is not used in DBCP2, use maxTotal instead. maxTotal default value is 8. You have set value of "100" for "maxActive" property, which is being ignored.
14-Feb-2018 11:57:56.900 WARNING [localhost-startStop-1] org.apache.tomcat.dbcp.dbcp2.BasicDataSourceFactory.getObjectInstance Name = PostGreSQL Property maxWait is not used in DBCP2 , use maxWaitMillis instead. maxWaitMillis default value is -1. You have set value of "10000" for "maxWait" property, which is being ignored.
14-Feb-2018 11:57:56.910 WARNING [localhost-startStop-1] org.apache.tomcat.dbcp.dbcp2.BasicDataSourceFactory.getObjectInstance Name = DBTPortalPFMS Property maxActive is not used in DBCP2, use maxTotal instead. maxTotal default value is 8. You have set value of "100" for "maxActive" property, which is being ignored.
14-Feb-2018 11:57:56.910 WARNING [localhost-startStop-1] org.apache.tomcat.dbcp.dbcp2.BasicDataSourceFactory.getObjectInstance Name = DBTPortalPFMS Property maxWait is not used in DBCP2 , use maxWaitMillis instead. maxWaitMillis default value is -1. You have set value of "10000" for "maxWait" property, which is being ignored.
14-Feb-2018 11:57:56.997 INFO [localhost-startStop-1] org.apache.jasper.servlet.TldScanner.scanJars At least one JAR was scanned for TLDs yet contained no TLDs. Enable debug logging for this logger for a complete list of JARs that were scanned but no TLDs were found in them. Skipping unneeded JARs during scanning can improve startup time and JSP compilation time.
14-Feb-2018 11:57:58.464 INFO [localhost-startStop-1] org.apache.catalina.startup.HostConfig.deployDescriptor Deployment of configuration descriptor [D:\Server\apache-tomcat-8.5.15\conf\Catalina\localhost\DBTPortalPFMS.xml] has finished in [6,586] ms
14-Feb-2018 11:57:58.464 INFO [localhost-startStop-1] org.apache.catalina.startup.HostConfig.deployDescriptor Deploying configuration descriptor [D:\Server\apache-tomcat-8.5.15\conf\Catalina\localhost\JerseyTestCLient.xml]
14-Feb-2018 11:58:00.564 WARNING [localhost-startStop-1] org.apache.tomcat.dbcp.dbcp2.BasicDataSourceFactory.getObjectInstance Name = Android Property maxActive is not used in DBCP2, use maxTotal instead. maxTotal default value is 8. You have set value of "100" for "maxActive" property, which is being ignored.
14-Feb-2018 11:58:00.564 WARNING [localhost-startStop-1] org.apache.tomcat.dbcp.dbcp2.BasicDataSourceFactory.getObjectInstance Name = Android Property maxWait is not used in DBCP2 , use maxWaitMillis instead. maxWaitMillis default value is -1. You have set value of "10000" for "maxWait" property, which is being ignored.
14-Feb-2018 11:58:00.578 INFO [localhost-startStop-1] org.apache.jasper.servlet.TldScanner.scanJars At least one JAR was scanned for TLDs yet contained no TLDs. Enable debug logging for this logger for a complete list of JARs that were scanned but no TLDs were found in them. Skipping unneeded JARs during scanning can improve startup time and JSP compilation time.
14-Feb-2018 11:58:01.317 INFO [localhost-startStop-1] org.apache.catalina.startup.HostConfig.deployDescriptor Deployment of configuration descriptor [D:\Server\apache-tomcat-8.5.15\conf\Catalina\localhost\JerseyTestCLient.xml] has finished in [2,853] ms
14-Feb-2018 11:58:01.318 INFO [localhost-startStop-1] org.apache.catalina.startup.HostConfig.deployDirectory Deploying web application directory [D:\Server\apache-tomcat-8.5.15\webapps\docs]
14-Feb-2018 11:58:01.516 INFO [localhost-startStop-1] org.apache.jasper.servlet.TldScanner.scanJars At least one JAR was scanned for TLDs yet contained no TLDs. Enable debug logging for this logger for a complete list of JARs that were scanned but no TLDs were found in them. Skipping unneeded JARs during scanning can improve startup time and JSP compilation time.
14-Feb-2018 11:58:01.518 INFO [localhost-startStop-1] org.apache.catalina.startup.HostConfig.deployDirectory Deployment of web application directory [D:\Server\apache-tomcat-8.5.15\webapps\docs] has finished in [200] ms
14-Feb-2018 11:58:01.518 INFO [localhost-startStop-1] org.apache.catalina.startup.HostConfig.deployDirectory Deploying web application directory [D:\Server\apache-tomcat-8.5.15\webapps\examples]
14-Feb-2018 11:58:02.941 INFO [localhost-startStop-1] org.apache.jasper.servlet.TldScanner.scanJars At least one JAR was scanned for TLDs yet contained no TLDs. Enable debug logging for this logger for a complete list of JARs that were scanned but no TLDs were found in them. Skipping unneeded JARs during scanning can improve startup time and JSP compilation time.
14-Feb-2018 11:58:02.987 INFO [localhost-startStop-1] org.apache.catalina.startup.HostConfig.deployDirectory Deployment of web application directory [D:\Server\apache-tomcat-8.5.15\webapps\examples] has finished in [1,468] ms
14-Feb-2018 11:58:02.987 INFO [localhost-startStop-1] org.apache.catalina.startup.HostConfig.deployDirectory Deploying web application directory [D:\Server\apache-tomcat-8.5.15\webapps\host-manager]
14-Feb-2018 11:58:03.127 INFO [localhost-startStop-1] org.apache.jasper.servlet.TldScanner.scanJars At least one JAR was scanned for TLDs yet contained no TLDs. Enable debug logging for this logger for a complete list of JARs that were scanned but no TLDs were found in them. Skipping unneeded JARs during scanning can improve startup time and JSP compilation time.
14-Feb-2018 11:58:03.130 INFO [localhost-startStop-1] org.apache.catalina.startup.HostConfig.deployDirectory Deployment of web application directory [D:\Server\apache-tomcat-8.5.15\webapps\host-manager] has finished in [143] ms
14-Feb-2018 11:58:03.131 INFO [localhost-startStop-1] org.apache.catalina.startup.HostConfig.deployDirectory Deploying web application directory [D:\Server\apache-tomcat-8.5.15\webapps\manager]
14-Feb-2018 11:58:03.271 INFO [localhost-startStop-1] org.apache.jasper.servlet.TldScanner.scanJars At least one JAR was scanned for TLDs yet contained no TLDs. Enable debug logging for this logger for a complete list of JARs that were scanned but no TLDs were found in them. Skipping unneeded JARs during scanning can improve startup time and JSP compilation time.
14-Feb-2018 11:58:03.273 INFO [localhost-startStop-1] org.apache.catalina.startup.HostConfig.deployDirectory Deployment of web application directory [D:\Server\apache-tomcat-8.5.15\webapps\manager] has finished in [143] ms
14-Feb-2018 11:58:03.273 INFO [localhost-startStop-1] org.apache.catalina.startup.HostConfig.deployDirectory Deploying web application directory [D:\Server\apache-tomcat-8.5.15\webapps\ROOT]
14-Feb-2018 11:58:03.428 INFO [localhost-startStop-1] org.apache.jasper.servlet.TldScanner.scanJars At least one JAR was scanned for TLDs yet contained no TLDs. Enable debug logging for this logger for a complete list of JARs that were scanned but no TLDs were found in them. Skipping unneeded JARs during scanning can improve startup time and JSP compilation time.
14-Feb-2018 11:58:03.431 INFO [localhost-startStop-1] org.apache.catalina.startup.HostConfig.deployDirectory Deployment of web application directory [D:\Server\apache-tomcat-8.5.15\webapps\ROOT] has finished in [158] ms
14-Feb-2018 11:58:03.436 INFO [main] org.apache.coyote.AbstractProtocol.start Starting ProtocolHandler ["http-nio-8080"]
14-Feb-2018 11:58:03.488 INFO [main] org.apache.coyote.AbstractProtocol.start Starting ProtocolHandler ["ajp-nio-8009"]
14-Feb-2018 11:58:03.491 INFO [main] org.apache.catalina.startup.Catalina.start Server startup in 11763 ms
14-Feb-2018 11:58:07.955 INFO [http-nio-8080-exec-2] org.apache.catalina.startup.HostConfig.undeploy Undeploying context [/JerseyTestCLient]
14-Feb-2018 11:58:08.002 INFO [http-nio-8080-exec-7] org.apache.catalina.startup.HostConfig.deployDescriptor Deploying configuration descriptor [D:\Server\apache-tomcat-8.5.15\conf\Catalina\localhost\JerseyTestCLient.xml]
14-Feb-2018 11:58:08.671 WARNING [http-nio-8080-exec-7] org.apache.tomcat.dbcp.dbcp2.BasicDataSourceFactory.getObjectInstance Name = Android Property maxActive is not used in DBCP2, use maxTotal instead. maxTotal default value is 8. You have set value of "100" for "maxActive" property, which is being ignored.
14-Feb-2018 11:58:08.671 WARNING [http-nio-8080-exec-7] org.apache.tomcat.dbcp.dbcp2.BasicDataSourceFactory.getObjectInstance Name = Android Property maxWait is not used in DBCP2 , use maxWaitMillis instead. maxWaitMillis default value is -1. You have set value of "10000" for "maxWait" property, which is being ignored.
14-Feb-2018 11:58:08.680 INFO [http-nio-8080-exec-7] org.apache.jasper.servlet.TldScanner.scanJars At least one JAR was scanned for TLDs yet contained no TLDs. Enable debug logging for this logger for a complete list of JARs that were scanned but no TLDs were found in them. Skipping unneeded JARs during scanning can improve startup time and JSP compilation time.
14-Feb-2018 11:58:09.244 INFO [http-nio-8080-exec-7] org.apache.catalina.startup.HostConfig.deployDescriptor Deployment of configuration descriptor [D:\Server\apache-tomcat-8.5.15\conf\Catalina\localhost\JerseyTestCLient.xml] has finished in [1,242] ms
14-Feb-2018 14:07:58.890 SEVERE [http-nio-8080-exec-14] comm.innowave.dbt.service.AndroidPushNotification.pushFCMNotification null
 org.json.JSONException: JSONObject["error"] not found.
	at org.json.JSONObject.get(JSONObject.java:454)
	at org.json.JSONObject.getString(JSONObject.java:635)
	at comm.innowave.dbt.service.AndroidPushNotification.pushFCMNotification(AndroidPushNotification.java:102)
	at comm.innowave.dbt.rest.Android.sendNotification(Android.java:54)
	at sun.reflect.NativeMethodAccessorImpl.invoke0(Native Method)
	at sun.reflect.NativeMethodAccessorImpl.invoke(NativeMethodAccessorImpl.java:62)
	at sun.reflect.DelegatingMethodAccessorImpl.invoke(DelegatingMethodAccessorImpl.java:43)
	at java.lang.reflect.Method.invoke(Method.java:498)
	at org.glassfish.jersey.server.model.internal.ResourceMethodInvocationHandlerFactory$1.invoke(ResourceMethodInvocationHandlerFactory.java:81)
	at org.glassfish.jersey.server.model.internal.AbstractJavaResourceMethodDispatcher$1.run(AbstractJavaResourceMethodDispatcher.java:164)
	at org.glassfish.jersey.server.model.internal.AbstractJavaResourceMethodDispatcher.invoke(AbstractJavaResourceMethodDispatcher.java:181)
	at org.glassfish.jersey.server.model.internal.JavaResourceMethodDispatcherProvider$TypeOutInvoker.doDispatch(JavaResourceMethodDispatcherProvider.java:203)
	at org.glassfish.jersey.server.model.internal.AbstractJavaResourceMethodDispatcher.dispatch(AbstractJavaResourceMethodDispatcher.java:101)
	at org.glassfish.jersey.server.model.ResourceMethodInvoker.invoke(ResourceMethodInvoker.java:389)
	at org.glassfish.jersey.server.model.ResourceMethodInvoker.apply(ResourceMethodInvoker.java:347)
	at org.glassfish.jersey.server.model.ResourceMethodInvoker.apply(ResourceMethodInvoker.java:102)
	at org.glassfish.jersey.server.ServerRuntime$2.run(ServerRuntime.java:305)
	at org.glassfish.jersey.internal.Errors$1.call(Errors.java:271)
	at org.glassfish.jersey.internal.Errors$1.call(Errors.java:267)
	at org.glassfish.jersey.internal.Errors.process(Errors.java:315)
	at org.glassfish.jersey.internal.Errors.process(Errors.java:297)
	at org.glassfish.jersey.internal.Errors.process(Errors.java:267)
	at org.glassfish.jersey.process.internal.RequestScope.runInScope(RequestScope.java:317)
	at org.glassfish.jersey.server.ServerRuntime.process(ServerRuntime.java:288)
	at org.glassfish.jersey.server.ApplicationHandler.handle(ApplicationHandler.java:1110)
	at org.glassfish.jersey.servlet.WebComponent.service(WebComponent.java:401)
	at org.glassfish.jersey.servlet.ServletContainer.service(ServletContainer.java:386)
	at org.glassfish.jersey.servlet.ServletContainer.service(ServletContainer.java:335)
	at org.glassfish.jersey.servlet.ServletContainer.service(ServletContainer.java:222)
	at org.apache.catalina.core.ApplicationFilterChain.internalDoFilter(ApplicationFilterChain.java:231)
	at org.apache.catalina.core.ApplicationFilterChain.doFilter(ApplicationFilterChain.java:166)
	at org.apache.tomcat.websocket.server.WsFilter.doFilter(WsFilter.java:52)
	at org.apache.catalina.core.ApplicationFilterChain.internalDoFilter(ApplicationFilterChain.java:193)
	at org.apache.catalina.core.ApplicationFilterChain.doFilter(ApplicationFilterChain.java:166)
	at org.apache.catalina.core.StandardWrapperValve.invoke(StandardWrapperValve.java:198)
	at org.apache.catalina.core.StandardContextValve.invoke(StandardContextValve.java:96)
	at org.apache.catalina.authenticator.AuthenticatorBase.invoke(AuthenticatorBase.java:478)
	at org.apache.catalina.core.StandardHostValve.invoke(StandardHostValve.java:140)
	at org.apache.catalina.valves.ErrorReportValve.invoke(ErrorReportValve.java:80)
	at org.apache.catalina.valves.AbstractAccessLogValve.invoke(AbstractAccessLogValve.java:624)
	at org.apache.catalina.core.StandardEngineValve.invoke(StandardEngineValve.java:87)
	at org.apache.catalina.connector.CoyoteAdapter.service(CoyoteAdapter.java:342)
	at org.apache.coyote.http11.Http11Processor.service(Http11Processor.java:799)
	at org.apache.coyote.AbstractProcessorLight.process(AbstractProcessorLight.java:66)
	at org.apache.coyote.AbstractProtocol$ConnectionHandler.process(AbstractProtocol.java:861)
	at org.apache.tomcat.util.net.NioEndpoint$SocketProcessor.doRun(NioEndpoint.java:1455)
	at org.apache.tomcat.util.net.SocketProcessorBase.run(SocketProcessorBase.java:49)
	at java.util.concurrent.ThreadPoolExecutor.runWorker(ThreadPoolExecutor.java:1142)
	at java.util.concurrent.ThreadPoolExecutor$Worker.run(ThreadPoolExecutor.java:617)
	at org.apache.tomcat.util.threads.TaskThread$WrappingRunnable.run(TaskThread.java:61)
	at java.lang.Thread.run(Thread.java:748)

14-Feb-2018 14:10:27.110 INFO [http-nio-8080-exec-15] org.apache.catalina.core.StandardContext.reload Reloading Context with name [/JerseyTestCLient] has started
14-Feb-2018 14:10:31.239 WARNING [http-nio-8080-exec-15] org.apache.tomcat.dbcp.dbcp2.BasicDataSourceFactory.getObjectInstance Name = Android Property maxActive is not used in DBCP2, use maxTotal instead. maxTotal default value is 8. You have set value of "100" for "maxActive" property, which is being ignored.
14-Feb-2018 14:10:31.239 WARNING [http-nio-8080-exec-15] org.apache.tomcat.dbcp.dbcp2.BasicDataSourceFactory.getObjectInstance Name = Android Property maxWait is not used in DBCP2 , use maxWaitMillis instead. maxWaitMillis default value is -1. You have set value of "10000" for "maxWait" property, which is being ignored.
14-Feb-2018 14:10:31.248 INFO [http-nio-8080-exec-15] org.apache.jasper.servlet.TldScanner.scanJars At least one JAR was scanned for TLDs yet contained no TLDs. Enable debug logging for this logger for a complete list of JARs that were scanned but no TLDs were found in them. Skipping unneeded JARs during scanning can improve startup time and JSP compilation time.
14-Feb-2018 14:10:31.991 INFO [http-nio-8080-exec-15] org.apache.catalina.core.StandardContext.reload Reloading Context with name [/JerseyTestCLient] is completed
14-Feb-2018 14:10:52.265 INFO [http-nio-8080-exec-11] org.apache.catalina.core.StandardContext.reload Reloading Context with name [/JerseyTestCLient] has started
14-Feb-2018 14:10:53.102 WARNING [http-nio-8080-exec-11] org.apache.tomcat.dbcp.dbcp2.BasicDataSourceFactory.getObjectInstance Name = Android Property maxActive is not used in DBCP2, use maxTotal instead. maxTotal default value is 8. You have set value of "100" for "maxActive" property, which is being ignored.
14-Feb-2018 14:10:53.103 WARNING [http-nio-8080-exec-11] org.apache.tomcat.dbcp.dbcp2.BasicDataSourceFactory.getObjectInstance Name = Android Property maxWait is not used in DBCP2 , use maxWaitMillis instead. maxWaitMillis default value is -1. You have set value of "10000" for "maxWait" property, which is being ignored.
14-Feb-2018 14:10:53.118 INFO [http-nio-8080-exec-11] org.apache.jasper.servlet.TldScanner.scanJars At least one JAR was scanned for TLDs yet contained no TLDs. Enable debug logging for this logger for a complete list of JARs that were scanned but no TLDs were found in them. Skipping unneeded JARs during scanning can improve startup time and JSP compilation time.
14-Feb-2018 14:10:53.971 INFO [http-nio-8080-exec-11] org.apache.catalina.core.StandardContext.reload Reloading Context with name [/JerseyTestCLient] is completed
14-Feb-2018 14:10:55.804 INFO [http-nio-8080-exec-18] org.apache.catalina.startup.HostConfig.undeploy Undeploying context [/JerseyTestCLient]
14-Feb-2018 14:11:01.066 INFO [http-nio-8080-exec-20] org.apache.catalina.startup.HostConfig.deployDescriptor Deploying configuration descriptor [D:\Server\apache-tomcat-8.5.15\conf\Catalina\localhost\JerseyTestCLient.xml]
14-Feb-2018 14:11:01.562 WARNING [http-nio-8080-exec-20] org.apache.tomcat.dbcp.dbcp2.BasicDataSourceFactory.getObjectInstance Name = Android Property maxActive is not used in DBCP2, use maxTotal instead. maxTotal default value is 8. You have set value of "100" for "maxActive" property, which is being ignored.
14-Feb-2018 14:11:01.562 WARNING [http-nio-8080-exec-20] org.apache.tomcat.dbcp.dbcp2.BasicDataSourceFactory.getObjectInstance Name = Android Property maxWait is not used in DBCP2 , use maxWaitMillis instead. maxWaitMillis default value is -1. You have set value of "10000" for "maxWait" property, which is being ignored.
14-Feb-2018 14:11:01.569 INFO [http-nio-8080-exec-20] org.apache.jasper.servlet.TldScanner.scanJars At least one JAR was scanned for TLDs yet contained no TLDs. Enable debug logging for this logger for a complete list of JARs that were scanned but no TLDs were found in them. Skipping unneeded JARs during scanning can improve startup time and JSP compilation time.
14-Feb-2018 14:11:02.110 INFO [http-nio-8080-exec-20] org.apache.catalina.startup.HostConfig.deployDescriptor Deployment of configuration descriptor [D:\Server\apache-tomcat-8.5.15\conf\Catalina\localhost\JerseyTestCLient.xml] has finished in [1,044] ms
14-Feb-2018 14:11:02.114 INFO [http-nio-8080-exec-22] org.apache.catalina.util.LifecycleBase.start The start() method was called on component [StandardEngine[Catalina].StandardHost[localhost].StandardContext[/JerseyTestCLient]] after start() had already been called. The second call will be ignored.
14-Feb-2018 16:34:16.883 SEVERE [http-nio-8080-exec-28] org.glassfish.jersey.server.wadl.internal.generators.WadlGeneratorJAXBGrammarGenerator.buildModelAndSchemas Failed to generate the schema for the JAX-B elements
 com.sun.xml.internal.bind.v2.runtime.IllegalAnnotationsException: 4 counts of IllegalAnnotationExceptions
Two classes have the same XML type name "orgIdEntity". Use @XmlType.name and @XmlType.namespace to assign different names to them.
	this problem is related to the following location:
		at PFMSPaymentEntity.OrgIdEntity
		at public java.util.List PFMSPaymentEntity.PaymentInfoEntity.getOrgid()
		at PFMSPaymentEntity.PaymentInfoEntity
		at public java.util.List PFMSPaymentEntity.LinkPaymentHeaderBodyEntity.getPaymentinfolist()
		at PFMSPaymentEntity.LinkPaymentHeaderBodyEntity
		at public java.util.List PFMSPaymentEntity.PFMSPaymentEntity.getLinkpaymentheadbody()
		at PFMSPaymentEntity.PFMSPaymentEntity
	this problem is related to the following location:
		at PFMSRequestentity.OrgIdEntity
		at public java.util.List PFMSRequestentity.CstmrTxInf.getOrgid()
		at PFMSRequestentity.CstmrTxInf
		at public java.util.List PFMSRequestentity.CustInfEntity.getCusttxninfo()
		at PFMSRequestentity.CustInfEntity
		at public java.util.List PFMSRequestentity.LinkHeaderBodyEntity.getCustlist()
		at PFMSRequestentity.LinkHeaderBodyEntity
		at public java.util.List PFMSRequestentity.PFMSEntity.getLinkheadbody()
		at PFMSRequestentity.PFMSEntity
Two classes have the same XML type name "purpEntity". Use @XmlType.name and @XmlType.namespace to assign different names to them.
	this problem is related to the following location:
		at PFMSPaymentEntity.PurpEntity
		at public java.util.List PFMSPaymentEntity.CdtTrfTxInfEntity.getPurp()
		at PFMSPaymentEntity.CdtTrfTxInfEntity
		at public java.util.List PFMSPaymentEntity.PaymentInfoEntity.getCdttrftxinf()
		at PFMSPaymentEntity.PaymentInfoEntity
		at public java.util.List PFMSPaymentEntity.LinkPaymentHeaderBodyEntity.getPaymentinfolist()
		at PFMSPaymentEntity.LinkPaymentHeaderBodyEntity
		at public java.util.List PFMSPaymentEntity.PFMSPaymentEntity.getLinkpaymentheadbody()
		at PFMSPaymentEntity.PFMSPaymentEntity
	this problem is related to the following location:
		at PFMSRequestentity.PurpEntity
		at public java.util.List PFMSRequestentity.CstmrEntity.getPurp()
		at PFMSRequestentity.CstmrEntity
		at public java.util.List PFMSRequestentity.CstmrTxInf.getCstmr()
		at PFMSRequestentity.CstmrTxInf
		at public java.util.List PFMSRequestentity.CustInfEntity.getCusttxninfo()
		at PFMSRequestentity.CustInfEntity
		at public java.util.List PFMSRequestentity.LinkHeaderBodyEntity.getCustlist()
		at PFMSRequestentity.LinkHeaderBodyEntity
		at public java.util.List PFMSRequestentity.PFMSEntity.getLinkheadbody()
		at PFMSRequestentity.PFMSEntity
Two classes have the same XML type name "pstlAdrEntity". Use @XmlType.name and @XmlType.namespace to assign different names to them.
	this problem is related to the following location:
		at PFMSPaymentEntity.PstlAdrEntity
		at public java.util.List PFMSPaymentEntity.CdtrEntity.getPstlAdr()
		at PFMSPaymentEntity.CdtrEntity
		at public java.util.List PFMSPaymentEntity.CdtTrfTxInfEntity.getCdtr()
		at PFMSPaymentEntity.CdtTrfTxInfEntity
		at public java.util.List PFMSPaymentEntity.PaymentInfoEntity.getCdttrftxinf()
		at PFMSPaymentEntity.PaymentInfoEntity
		at public java.util.List PFMSPaymentEntity.LinkPaymentHeaderBodyEntity.getPaymentinfolist()
		at PFMSPaymentEntity.LinkPaymentHeaderBodyEntity
		at public java.util.List PFMSPaymentEntity.PFMSPaymentEntity.getLinkpaymentheadbody()
		at PFMSPaymentEntity.PFMSPaymentEntity
	this problem is related to the following location:
		at PFMSRequestentity.PstlAdrEntity
		at public java.util.List PFMSRequestentity.CstmrEntity.getPstladr()
		at PFMSRequestentity.CstmrEntity
		at public java.util.List PFMSRequestentity.CstmrTxInf.getCstmr()
		at PFMSRequestentity.CstmrTxInf
		at public java.util.List PFMSRequestentity.CustInfEntity.getCusttxninfo()
		at PFMSRequestentity.CustInfEntity
		at public java.util.List PFMSRequestentity.LinkHeaderBodyEntity.getCustlist()
		at PFMSRequestentity.LinkHeaderBodyEntity
		at public java.util.List PFMSRequestentity.PFMSEntity.getLinkheadbody()
		at PFMSRequestentity.PFMSEntity
Two classes have the same XML type name "othrEntity". Use @XmlType.name and @XmlType.namespace to assign different names to them.
	this problem is related to the following location:
		at PFMSPaymentEntity.othrEntity
		at public java.util.List PFMSPaymentEntity.IdEntity.getOthr()
		at PFMSPaymentEntity.IdEntity
		at public java.util.List PFMSPaymentEntity.CdtrAcctEntity.getId()
		at PFMSPaymentEntity.CdtrAcctEntity
		at public java.util.List PFMSPaymentEntity.CdtrEntity.getCdtracct()
		at PFMSPaymentEntity.CdtrEntity
		at public java.util.List PFMSPaymentEntity.CdtTrfTxInfEntity.getCdtr()
		at PFMSPaymentEntity.CdtTrfTxInfEntity
		at public java.util.List PFMSPaymentEntity.PaymentInfoEntity.getCdttrftxinf()
		at PFMSPaymentEntity.PaymentInfoEntity
		at public java.util.List PFMSPaymentEntity.LinkPaymentHeaderBodyEntity.getPaymentinfolist()
		at PFMSPaymentEntity.LinkPaymentHeaderBodyEntity
		at public java.util.List PFMSPaymentEntity.PFMSPaymentEntity.getLinkpaymentheadbody()
		at PFMSPaymentEntity.PFMSPaymentEntity
	this problem is related to the following location:
		at PFMSRequestentity.OthrEntity
		at public java.util.List PFMSRequestentity.AcctId.getOthr()
		at PFMSRequestentity.AcctId
		at public java.util.List PFMSRequestentity.CstmrAcct.getAcctid()
		at PFMSRequestentity.CstmrAcct
		at public java.util.List PFMSRequestentity.CstmrEntity.getCstmracct()
		at PFMSRequestentity.CstmrEntity
		at public java.util.List PFMSRequestentity.CstmrTxInf.getCstmr()
		at PFMSRequestentity.CstmrTxInf
		at public java.util.List PFMSRequestentity.CustInfEntity.getCusttxninfo()
		at PFMSRequestentity.CustInfEntity
		at public java.util.List PFMSRequestentity.LinkHeaderBodyEntity.getCustlist()
		at PFMSRequestentity.LinkHeaderBodyEntity
		at public java.util.List PFMSRequestentity.PFMSEntity.getLinkheadbody()
		at PFMSRequestentity.PFMSEntity

	at com.sun.xml.internal.bind.v2.runtime.IllegalAnnotationsException$Builder.check(IllegalAnnotationsException.java:91)
	at com.sun.xml.internal.bind.v2.runtime.JAXBContextImpl.getTypeInfoSet(JAXBContextImpl.java:445)
	at com.sun.xml.internal.bind.v2.runtime.JAXBContextImpl.<init>(JAXBContextImpl.java:277)
	at com.sun.xml.internal.bind.v2.runtime.JAXBContextImpl.<init>(JAXBContextImpl.java:124)
	at com.sun.xml.internal.bind.v2.runtime.JAXBContextImpl$JAXBContextBuilder.build(JAXBContextImpl.java:1123)
	at com.sun.xml.internal.bind.v2.ContextFactory.createContext(ContextFactory.java:147)
	at sun.reflect.NativeMethodAccessorImpl.invoke0(Native Method)
	at sun.reflect.NativeMethodAccessorImpl.invoke(NativeMethodAccessorImpl.java:62)
	at sun.reflect.DelegatingMethodAccessorImpl.invoke(DelegatingMethodAccessorImpl.java:43)
	at java.lang.reflect.Method.invoke(Method.java:498)
	at javax.xml.bind.ContextFinder.newInstance(ContextFinder.java:247)
	at javax.xml.bind.ContextFinder.newInstance(ContextFinder.java:234)
	at javax.xml.bind.ContextFinder.find(ContextFinder.java:462)
	at javax.xml.bind.JAXBContext.newInstance(JAXBContext.java:641)
	at javax.xml.bind.JAXBContext.newInstance(JAXBContext.java:584)
	at org.glassfish.jersey.server.wadl.internal.generators.WadlGeneratorJAXBGrammarGenerator.buildModelAndSchemas(WadlGeneratorJAXBGrammarGenerator.java:366)
	at org.glassfish.jersey.server.wadl.internal.generators.WadlGeneratorJAXBGrammarGenerator.createExternalGrammar(WadlGeneratorJAXBGrammarGenerator.java:315)
	at org.glassfish.jersey.server.wadl.internal.WadlBuilder.generate(WadlBuilder.java:122)
	at org.glassfish.jersey.server.wadl.internal.WadlApplicationContextImpl.getApplication(WadlApplicationContextImpl.java:144)
	at org.glassfish.jersey.server.wadl.internal.WadlApplicationContextImpl.getApplication(WadlApplicationContextImpl.java:162)
	at org.glassfish.jersey.server.wadl.processor.WadlModelProcessor$OptionsHandler.apply(WadlModelProcessor.java:137)
	at org.glassfish.jersey.server.wadl.processor.WadlModelProcessor$OptionsHandler.apply(WadlModelProcessor.java:119)
	at sun.reflect.NativeMethodAccessorImpl.invoke0(Native Method)
	at sun.reflect.NativeMethodAccessorImpl.invoke(NativeMethodAccessorImpl.java:62)
	at sun.reflect.DelegatingMethodAccessorImpl.invoke(DelegatingMethodAccessorImpl.java:43)
	at java.lang.reflect.Method.invoke(Method.java:498)
	at org.glassfish.jersey.server.model.internal.ResourceMethodInvocationHandlerFactory$1.invoke(ResourceMethodInvocationHandlerFactory.java:81)
	at org.glassfish.jersey.server.model.internal.AbstractJavaResourceMethodDispatcher$1.run(AbstractJavaResourceMethodDispatcher.java:164)
	at org.glassfish.jersey.server.model.internal.AbstractJavaResourceMethodDispatcher.invoke(AbstractJavaResourceMethodDispatcher.java:181)
	at org.glassfish.jersey.server.model.internal.JavaResourceMethodDispatcherProvider$ResponseOutInvoker.doDispatch(JavaResourceMethodDispatcherProvider.java:158)
	at org.glassfish.jersey.server.model.internal.AbstractJavaResourceMethodDispatcher.dispatch(AbstractJavaResourceMethodDispatcher.java:101)
	at org.glassfish.jersey.server.model.ResourceMethodInvoker.invoke(ResourceMethodInvoker.java:389)
	at org.glassfish.jersey.server.model.ResourceMethodInvoker.apply(ResourceMethodInvoker.java:347)
	at org.glassfish.jersey.server.model.ResourceMethodInvoker.apply(ResourceMethodInvoker.java:102)
	at org.glassfish.jersey.server.ServerRuntime$2.run(ServerRuntime.java:305)
	at org.glassfish.jersey.internal.Errors$1.call(Errors.java:271)
	at org.glassfish.jersey.internal.Errors$1.call(Errors.java:267)
	at org.glassfish.jersey.internal.Errors.process(Errors.java:315)
	at org.glassfish.jersey.internal.Errors.process(Errors.java:297)
	at org.glassfish.jersey.internal.Errors.process(Errors.java:267)
	at org.glassfish.jersey.process.internal.RequestScope.runInScope(RequestScope.java:317)
	at org.glassfish.jersey.server.ServerRuntime.process(ServerRuntime.java:288)
	at org.glassfish.jersey.server.ApplicationHandler.handle(ApplicationHandler.java:1110)
	at org.glassfish.jersey.servlet.WebComponent.service(WebComponent.java:401)
	at org.glassfish.jersey.servlet.ServletContainer.service(ServletContainer.java:386)
	at org.glassfish.jersey.servlet.ServletContainer.service(ServletContainer.java:335)
	at org.glassfish.jersey.servlet.ServletContainer.service(ServletContainer.java:222)
	at org.apache.catalina.core.ApplicationFilterChain.internalDoFilter(ApplicationFilterChain.java:231)
	at org.apache.catalina.core.ApplicationFilterChain.doFilter(ApplicationFilterChain.java:166)
	at org.apache.tomcat.websocket.server.WsFilter.doFilter(WsFilter.java:52)
	at org.apache.catalina.core.ApplicationFilterChain.internalDoFilter(ApplicationFilterChain.java:193)
	at org.apache.catalina.core.ApplicationFilterChain.doFilter(ApplicationFilterChain.java:166)
	at org.apache.catalina.core.StandardWrapperValve.invoke(StandardWrapperValve.java:198)
	at org.apache.catalina.core.StandardContextValve.invoke(StandardContextValve.java:96)
	at org.apache.catalina.authenticator.AuthenticatorBase.invoke(AuthenticatorBase.java:478)
	at org.apache.catalina.core.StandardHostValve.invoke(StandardHostValve.java:140)
	at org.apache.catalina.valves.ErrorReportValve.invoke(ErrorReportValve.java:80)
	at org.apache.catalina.valves.AbstractAccessLogValve.invoke(AbstractAccessLogValve.java:624)
	at org.apache.catalina.core.StandardEngineValve.invoke(StandardEngineValve.java:87)
	at org.apache.catalina.connector.CoyoteAdapter.service(CoyoteAdapter.java:342)
	at org.apache.coyote.http11.Http11Processor.service(Http11Processor.java:799)
	at org.apache.coyote.AbstractProcessorLight.process(AbstractProcessorLight.java:66)
	at org.apache.coyote.AbstractProtocol$ConnectionHandler.process(AbstractProtocol.java:861)
	at org.apache.tomcat.util.net.NioEndpoint$SocketProcessor.doRun(NioEndpoint.java:1455)
	at org.apache.tomcat.util.net.SocketProcessorBase.run(SocketProcessorBase.java:49)
	at java.util.concurrent.ThreadPoolExecutor.runWorker(ThreadPoolExecutor.java:1142)
	at java.util.concurrent.ThreadPoolExecutor$Worker.run(ThreadPoolExecutor.java:617)
	at org.apache.tomcat.util.threads.TaskThread$WrappingRunnable.run(TaskThread.java:61)
	at java.lang.Thread.run(Thread.java:748)

