30-Apr-2018 12:26:36.304 INFO [localhost-startStop-1] org.apache.catalina.core.ApplicationContext.log Initializing Spring FrameworkServlet 'apiDispatcher'
30-Apr-2018 12:26:36.912 INFO [localhost-startStop-1] org.apache.catalina.core.ApplicationContext.log Initializing Spring FrameworkServlet 'dispatcher'
30-Apr-2018 12:26:57.320 INFO [localhost-startStop-1] org.apache.catalina.core.ApplicationContext.log Initializing Spring FrameworkServlet 'apiDispatcher'
30-Apr-2018 12:26:59.160 INFO [localhost-startStop-1] org.apache.catalina.core.ApplicationContext.log Initializing Spring FrameworkServlet 'appDispatcher'
30-Apr-2018 12:27:07.495 INFO [localhost-startStop-1] org.apache.catalina.core.ApplicationContext.log Initializing Spring FrameworkServlet 'dispatcher'
30-Apr-2018 12:27:11.460 INFO [localhost-startStop-1] org.apache.catalina.core.ApplicationContext.log ContextListener: contextInitialized()
30-Apr-2018 12:27:11.460 INFO [localhost-startStop-1] org.apache.catalina.core.ApplicationContext.log SessionListener: contextInitialized()
30-Apr-2018 12:27:12.357 INFO [localhost-startStop-1] org.apache.catalina.core.ApplicationContext.log Destroying Spring FrameworkServlet 'apiDispatcher'
30-Apr-2018 12:27:12.358 INFO [localhost-startStop-1] org.apache.catalina.core.ApplicationContext.log Destroying Spring FrameworkServlet 'dispatcher'
30-Apr-2018 12:27:12.378 INFO [localhost-startStop-1] org.apache.catalina.core.ApplicationContext.log Destroying Spring FrameworkServlet 'apiDispatcher'
30-Apr-2018 12:27:12.380 INFO [localhost-startStop-1] org.apache.catalina.core.ApplicationContext.log Destroying Spring FrameworkServlet 'appDispatcher'
30-Apr-2018 12:27:12.404 INFO [localhost-startStop-1] org.apache.catalina.core.ApplicationContext.log Destroying Spring FrameworkServlet 'dispatcher'
30-Apr-2018 12:27:12.421 INFO [localhost-startStop-1] org.apache.catalina.core.ApplicationContext.log SessionListener: contextDestroyed()
30-Apr-2018 12:27:12.421 INFO [localhost-startStop-1] org.apache.catalina.core.ApplicationContext.log ContextListener: contextDestroyed()
30-Apr-2018 12:30:23.511 INFO [localhost-startStop-1] org.apache.catalina.core.ApplicationContext.log Initializing Spring FrameworkServlet 'apiDispatcher'
30-Apr-2018 12:30:23.937 INFO [localhost-startStop-1] org.apache.catalina.core.ApplicationContext.log Initializing Spring FrameworkServlet 'dispatcher'
30-Apr-2018 12:30:32.910 INFO [localhost-startStop-1] org.apache.catalina.core.ApplicationContext.log Initializing Spring FrameworkServlet 'apiDispatcher'
30-Apr-2018 12:30:34.132 INFO [localhost-startStop-1] org.apache.catalina.core.ApplicationContext.log Initializing Spring FrameworkServlet 'appDispatcher'
30-Apr-2018 12:30:38.531 INFO [localhost-startStop-1] org.apache.catalina.core.ApplicationContext.log Initializing Spring FrameworkServlet 'dispatcher'
30-Apr-2018 12:30:40.945 INFO [localhost-startStop-1] org.apache.catalina.core.ApplicationContext.log ContextListener: contextInitialized()
30-Apr-2018 12:30:40.945 INFO [localhost-startStop-1] org.apache.catalina.core.ApplicationContext.log SessionListener: contextInitialized()
30-Apr-2018 12:30:41.621 INFO [localhost-startStop-1] org.apache.catalina.core.ApplicationContext.log Destroying Spring FrameworkServlet 'apiDispatcher'
30-Apr-2018 12:30:41.622 INFO [localhost-startStop-1] org.apache.catalina.core.ApplicationContext.log Destroying Spring FrameworkServlet 'dispatcher'
30-Apr-2018 12:30:41.664 INFO [localhost-startStop-1] org.apache.catalina.core.ApplicationContext.log Destroying Spring FrameworkServlet 'apiDispatcher'
30-Apr-2018 12:30:41.666 INFO [localhost-startStop-1] org.apache.catalina.core.ApplicationContext.log Destroying Spring FrameworkServlet 'appDispatcher'
30-Apr-2018 12:30:41.698 INFO [localhost-startStop-1] org.apache.catalina.core.ApplicationContext.log Destroying Spring FrameworkServlet 'dispatcher'
30-Apr-2018 12:30:41.719 INFO [localhost-startStop-1] org.apache.catalina.core.ApplicationContext.log SessionListener: contextDestroyed()
30-Apr-2018 12:30:41.719 INFO [localhost-startStop-1] org.apache.catalina.core.ApplicationContext.log ContextListener: contextDestroyed()
30-Apr-2018 12:34:47.686 INFO [localhost-startStop-1] org.apache.catalina.core.ApplicationContext.log Initializing Spring FrameworkServlet 'apiDispatcher'
30-Apr-2018 12:34:48.170 INFO [localhost-startStop-1] org.apache.catalina.core.ApplicationContext.log Initializing Spring FrameworkServlet 'dispatcher'
30-Apr-2018 12:34:57.247 INFO [localhost-startStop-1] org.apache.catalina.core.ApplicationContext.log Initializing Spring FrameworkServlet 'apiDispatcher'
30-Apr-2018 12:34:58.686 INFO [localhost-startStop-1] org.apache.catalina.core.ApplicationContext.log Initializing Spring FrameworkServlet 'appDispatcher'
30-Apr-2018 12:35:02.858 INFO [localhost-startStop-1] org.apache.catalina.core.ApplicationContext.log Initializing Spring FrameworkServlet 'dispatcher'
30-Apr-2018 12:35:05.330 INFO [localhost-startStop-1] org.apache.catalina.core.ApplicationContext.log ContextListener: contextInitialized()
30-Apr-2018 12:35:05.330 INFO [localhost-startStop-1] org.apache.catalina.core.ApplicationContext.log SessionListener: contextInitialized()
30-Apr-2018 12:35:06.049 INFO [localhost-startStop-1] org.apache.catalina.core.ApplicationContext.log Destroying Spring FrameworkServlet 'apiDispatcher'
30-Apr-2018 12:35:06.050 INFO [localhost-startStop-1] org.apache.catalina.core.ApplicationContext.log Destroying Spring FrameworkServlet 'dispatcher'
30-Apr-2018 12:35:06.067 INFO [localhost-startStop-1] org.apache.catalina.core.ApplicationContext.log Destroying Spring FrameworkServlet 'apiDispatcher'
30-Apr-2018 12:35:06.068 INFO [localhost-startStop-1] org.apache.catalina.core.ApplicationContext.log Destroying Spring FrameworkServlet 'appDispatcher'
30-Apr-2018 12:35:06.089 INFO [localhost-startStop-1] org.apache.catalina.core.ApplicationContext.log Destroying Spring FrameworkServlet 'dispatcher'
30-Apr-2018 12:35:06.106 INFO [localhost-startStop-1] org.apache.catalina.core.ApplicationContext.log SessionListener: contextDestroyed()
30-Apr-2018 12:35:06.106 INFO [localhost-startStop-1] org.apache.catalina.core.ApplicationContext.log ContextListener: contextDestroyed()
30-Apr-2018 12:37:31.200 INFO [localhost-startStop-1] org.apache.catalina.core.ApplicationContext.log Initializing Spring FrameworkServlet 'apiDispatcher'
30-Apr-2018 12:37:31.648 INFO [localhost-startStop-1] org.apache.catalina.core.ApplicationContext.log Initializing Spring FrameworkServlet 'dispatcher'
30-Apr-2018 12:41:26.394 INFO [localhost-startStop-1] org.apache.catalina.core.ApplicationContext.log Initializing Spring FrameworkServlet 'apiDispatcher'
30-Apr-2018 12:41:27.711 INFO [localhost-startStop-1] org.apache.catalina.core.ApplicationContext.log Initializing Spring FrameworkServlet 'appDispatcher'
30-Apr-2018 12:41:34.377 INFO [localhost-startStop-1] org.apache.catalina.core.ApplicationContext.log Initializing Spring FrameworkServlet 'dispatcher'
30-Apr-2018 12:41:39.900 INFO [localhost-startStop-1] org.apache.catalina.core.ApplicationContext.log ContextListener: contextInitialized()
30-Apr-2018 12:41:39.900 INFO [localhost-startStop-1] org.apache.catalina.core.ApplicationContext.log SessionListener: contextInitialized()
30-Apr-2018 12:47:19.379 INFO [localhost-startStop-2] org.apache.catalina.core.ApplicationContext.log Destroying Spring FrameworkServlet 'apiDispatcher'
30-Apr-2018 12:47:19.381 INFO [localhost-startStop-2] org.apache.catalina.core.ApplicationContext.log Destroying Spring FrameworkServlet 'dispatcher'
30-Apr-2018 12:47:19.415 INFO [localhost-startStop-2] org.apache.catalina.core.ApplicationContext.log Destroying Spring FrameworkServlet 'apiDispatcher'
30-Apr-2018 12:47:19.417 INFO [localhost-startStop-2] org.apache.catalina.core.ApplicationContext.log Destroying Spring FrameworkServlet 'appDispatcher'
30-Apr-2018 12:47:19.445 INFO [localhost-startStop-2] org.apache.catalina.core.ApplicationContext.log Destroying Spring FrameworkServlet 'dispatcher'
30-Apr-2018 12:47:19.465 INFO [localhost-startStop-2] org.apache.catalina.core.ApplicationContext.log SessionListener: contextDestroyed()
30-Apr-2018 12:47:19.465 INFO [localhost-startStop-2] org.apache.catalina.core.ApplicationContext.log ContextListener: contextDestroyed()
30-Apr-2018 12:47:36.089 INFO [localhost-startStop-1] org.apache.catalina.core.ApplicationContext.log Initializing Spring FrameworkServlet 'apiDispatcher'
30-Apr-2018 12:47:36.603 INFO [localhost-startStop-1] org.apache.catalina.core.ApplicationContext.log Initializing Spring FrameworkServlet 'dispatcher'
30-Apr-2018 12:47:46.170 INFO [localhost-startStop-1] org.apache.catalina.core.ApplicationContext.log Initializing Spring FrameworkServlet 'apiDispatcher'
30-Apr-2018 12:47:47.614 INFO [localhost-startStop-1] org.apache.catalina.core.ApplicationContext.log Initializing Spring FrameworkServlet 'appDispatcher'
30-Apr-2018 12:47:51.875 INFO [localhost-startStop-1] org.apache.catalina.core.ApplicationContext.log Initializing Spring FrameworkServlet 'dispatcher'
30-Apr-2018 12:47:53.820 INFO [localhost-startStop-1] org.apache.catalina.core.ApplicationContext.log ContextListener: contextInitialized()
30-Apr-2018 12:47:53.820 INFO [localhost-startStop-1] org.apache.catalina.core.ApplicationContext.log SessionListener: contextInitialized()
